[ 2015-11-26T15:27:56+08:00 ] ::1 /yuban/index.php/Home/Square/topic
INFO: [ app_init ] --START--
INFO: Run Behavior\BuildLiteBehavior [ RunTime:0.000000s ]
INFO: [ app_init ] --END-- [ RunTime:0.000000s ]
INFO: [ app_begin ] --START--
INFO: Run Behavior\ReadHtmlCacheBehavior [ RunTime:0.000000s ]
INFO: Run Behavior\CheckLangBehavior [ RunTime:0.002000s ]
INFO: [ app_begin ] --END-- [ RunTime:0.002000s ]
NOTIC: [8] Use of undefined constant tags - assumed 'tags' D:\Apache\htdocs\yuban\Apps\Home\Controller\SquareController.class.php 第 182 行.

[ 2015-11-26T15:29:25+08:00 ] ::1 /yuban/index.php/Home/Square/topic
INFO: [ app_init ] --START--
INFO: Run Behavior\BuildLiteBehavior [ RunTime:0.000000s ]
INFO: [ app_init ] --END-- [ RunTime:0.000000s ]
INFO: [ app_begin ] --START--
INFO: Run Behavior\ReadHtmlCacheBehavior [ RunTime:0.001001s ]
INFO: Run Behavior\CheckLangBehavior [ RunTime:0.001000s ]
INFO: [ app_begin ] --END-- [ RunTime:0.002001s ]
NOTIC: [8] Use of undefined constant tags - assumed 'tags' D:\Apache\htdocs\yuban\Apps\Home\Controller\SquareController.class.php 第 182 行.

[ 2015-11-26T15:29:53+08:00 ] ::1 /yuban/index.php/Home/Square/topic
INFO: [ app_init ] --START--
INFO: Run Behavior\BuildLiteBehavior [ RunTime:0.000000s ]
INFO: [ app_init ] --END-- [ RunTime:0.001001s ]
INFO: [ app_begin ] --START--
INFO: Run Behavior\ReadHtmlCacheBehavior [ RunTime:0.000000s ]
INFO: Run Behavior\CheckLangBehavior [ RunTime:0.001000s ]
INFO: [ app_begin ] --END-- [ RunTime:0.001000s ]
SQL: SHOW COLUMNS FROM `yj_tags` [ RunTime:0.0100s ]
SQL: SELECT `tid`,`tag_name` FROM `yj_tags`  [ RunTime:0.0230s ]

[ 2015-11-26T16:03:08+08:00 ] ::1 /yuban/index.php/Home/Public/upload
INFO: [ app_init ] --START--
INFO: Run Behavior\BuildLiteBehavior [ RunTime:0.000000s ]
INFO: [ app_init ] --END-- [ RunTime:0.001000s ]
INFO: [ app_begin ] --START--
INFO: Run Behavior\ReadHtmlCacheBehavior [ RunTime:0.000000s ]
INFO: Run Behavior\CheckLangBehavior [ RunTime:0.001000s ]
INFO: [ app_begin ] --END-- [ RunTime:0.001000s ]
NOTIC: [8] Undefined index: upload D:\Apache\htdocs\yuban\Apps\Home\Controller\BaseController.class.php 第 24 行.

[ 2015-11-26T16:03:57+08:00 ] ::1 /yuban/index.php/Home/Public/upload
INFO: [ app_init ] --START--
INFO: Run Behavior\BuildLiteBehavior [ RunTime:0.000000s ]
INFO: [ app_init ] --END-- [ RunTime:0.000000s ]
INFO: [ app_begin ] --START--
INFO: Run Behavior\ReadHtmlCacheBehavior [ RunTime:0.000000s ]
INFO: Run Behavior\CheckLangBehavior [ RunTime:0.001000s ]
INFO: [ app_begin ] --END-- [ RunTime:0.001000s ]
NOTIC: [8] Undefined index: upload D:\Apache\htdocs\yuban\Apps\Home\Controller\BaseController.class.php 第 24 行.

[ 2015-11-26T16:04:24+08:00 ] ::1 /yuban/index.php/Home/Public/upload
INFO: [ app_init ] --START--
INFO: Run Behavior\BuildLiteBehavior [ RunTime:0.000000s ]
INFO: [ app_init ] --END-- [ RunTime:0.001000s ]
INFO: [ app_begin ] --START--
INFO: Run Behavior\ReadHtmlCacheBehavior [ RunTime:0.001000s ]
INFO: Run Behavior\CheckLangBehavior [ RunTime:0.000000s ]
INFO: [ app_begin ] --END-- [ RunTime:0.001000s ]
NOTIC: [8] Undefined index: upload D:\Apache\htdocs\yuban\Apps\Home\Controller\BaseController.class.php 第 24 行.

[ 2015-11-26T16:04:49+08:00 ] ::1 /yuban/
INFO: [ app_init ] --START--
INFO: Run Behavior\BuildLiteBehavior [ RunTime:0.000000s ]
INFO: [ app_init ] --END-- [ RunTime:0.001000s ]
INFO: [ app_begin ] --START--
INFO: Run Behavior\ReadHtmlCacheBehavior [ RunTime:0.000000s ]
INFO: Run Behavior\CheckLangBehavior [ RunTime:0.001000s ]
INFO: [ app_begin ] --END-- [ RunTime:0.001000s ]
INFO: [ view_parse ] --START--
INFO: [ template_filter ] --START--
INFO: Run Behavior\ContentReplaceBehavior [ RunTime:0.019001s ]
INFO: [ template_filter ] --END-- [ RunTime:0.019001s ]
INFO: Run Behavior\ParseTemplateBehavior [ RunTime:0.056003s ]
INFO: [ view_parse ] --END-- [ RunTime:0.056003s ]
INFO: [ view_filter ] --START--
INFO: Run Behavior\WriteHtmlCacheBehavior [ RunTime:0.010001s ]
INFO: [ view_filter ] --END-- [ RunTime:0.010001s ]
INFO: [ app_end ] --START--
INFO: Run Behavior\ShowPageTraceBehavior [ RunTime:0.000000s ]
INFO: [ app_end ] --END-- [ RunTime:0.000000s ]

[ 2015-11-26T16:04:55+08:00 ] ::1 /yuban/index.php/Home/Index/test
INFO: [ app_init ] --START--
INFO: Run Behavior\BuildLiteBehavior [ RunTime:0.000000s ]
INFO: [ app_init ] --END-- [ RunTime:0.000000s ]
INFO: [ app_begin ] --START--
INFO: Run Behavior\ReadHtmlCacheBehavior [ RunTime:0.000000s ]
INFO: Run Behavior\CheckLangBehavior [ RunTime:0.001000s ]
INFO: [ app_begin ] --END-- [ RunTime:0.001000s ]
INFO: [ app_end ] --START--
INFO: Run Behavior\ShowPageTraceBehavior [ RunTime:0.001000s ]
INFO: [ app_end ] --END-- [ RunTime:0.001000s ]

[ 2015-11-26T16:05:22+08:00 ] ::1 /yuban/index.php/Home/Index/test
INFO: [ app_init ] --START--
INFO: Run Behavior\BuildLiteBehavior [ RunTime:0.000000s ]
INFO: [ app_init ] --END-- [ RunTime:0.000000s ]
INFO: [ app_begin ] --START--
INFO: Run Behavior\ReadHtmlCacheBehavior [ RunTime:0.001001s ]
INFO: Run Behavior\CheckLangBehavior [ RunTime:0.000000s ]
INFO: [ app_begin ] --END-- [ RunTime:0.001001s ]
INFO: [ app_end ] --START--
INFO: Run Behavior\ShowPageTraceBehavior [ RunTime:0.001001s ]
INFO: [ app_end ] --END-- [ RunTime:0.001001s ]

[ 2015-11-26T16:05:32+08:00 ] ::1 /yuban/index.php/Home/Public/upload
INFO: [ app_init ] --START--
INFO: Run Behavior\BuildLiteBehavior [ RunTime:0.000000s ]
INFO: [ app_init ] --END-- [ RunTime:0.000000s ]
INFO: [ app_begin ] --START--
INFO: Run Behavior\ReadHtmlCacheBehavior [ RunTime:0.000000s ]
INFO: Run Behavior\CheckLangBehavior [ RunTime:0.000000s ]
INFO: [ app_begin ] --END-- [ RunTime:0.000000s ]
NOTIC: [8] Undefined index: upload D:\Apache\htdocs\yuban\Apps\Home\Controller\BaseController.class.php 第 24 行.
SQL: SHOW COLUMNS FROM `yj_file` [ RunTime:0.0480s ]
SQL: SELECT `id`,`name`,`savename`,`savepath`,`ext`,`mime`,`size`,`md5`,`sha1`,`location`,`create_time`,`cover` FROM `yj_file` WHERE `md5` = 'fffc9f68807906383bc3ab8219f02b0d' AND `sha1` = 'e7188ef5009d51ac4579a00837a14bfd2c27b20e' LIMIT 1   [ RunTime:0.0090s ]
NOTIC: [8] Undefined index: path D:\Apache\htdocs\Core\Library\Think\Upload.class.php 第 172 行.

[ 2015-11-26T16:24:36+08:00 ] ::1 /yuban/index.php/Home/User/saveInfo
INFO: [ app_init ] --START--
INFO: Run Behavior\BuildLiteBehavior [ RunTime:0.000000s ]
INFO: [ app_init ] --END-- [ RunTime:0.000000s ]
INFO: [ app_begin ] --START--
INFO: Run Behavior\ReadHtmlCacheBehavior [ RunTime:0.001000s ]
INFO: Run Behavior\CheckLangBehavior [ RunTime:0.002000s ]
INFO: [ app_begin ] --END-- [ RunTime:0.003000s ]

[ 2015-11-26T16:24:49+08:00 ] ::1 /yuban/index.php/Home/User/saveInfo
INFO: [ app_init ] --START--
INFO: Run Behavior\BuildLiteBehavior [ RunTime:0.000000s ]
INFO: [ app_init ] --END-- [ RunTime:0.001000s ]
INFO: [ app_begin ] --START--
INFO: Run Behavior\ReadHtmlCacheBehavior [ RunTime:0.001000s ]
INFO: Run Behavior\CheckLangBehavior [ RunTime:0.001000s ]
INFO: [ app_begin ] --END-- [ RunTime:0.002000s ]

[ 2015-11-26T16:26:07+08:00 ] ::1 /yuban/index.php/Home/User/saveInfo
INFO: [ app_init ] --START--
INFO: Run Behavior\BuildLiteBehavior [ RunTime:0.000000s ]
INFO: [ app_init ] --END-- [ RunTime:0.001000s ]
INFO: [ app_begin ] --START--
INFO: Run Behavior\ReadHtmlCacheBehavior [ RunTime:0.001000s ]
INFO: Run Behavior\CheckLangBehavior [ RunTime:0.001000s ]
INFO: [ app_begin ] --END-- [ RunTime:0.002000s ]

[ 2015-11-26T16:27:45+08:00 ] ::1 /yuban/index.php/Home/User/saveInfo
INFO: [ app_init ] --START--
INFO: Run Behavior\BuildLiteBehavior [ RunTime:0.000000s ]
INFO: [ app_init ] --END-- [ RunTime:0.001000s ]
INFO: [ app_begin ] --START--
INFO: Run Behavior\ReadHtmlCacheBehavior [ RunTime:0.001001s ]
INFO: Run Behavior\CheckLangBehavior [ RunTime:0.001000s ]
INFO: [ app_begin ] --END-- [ RunTime:0.002001s ]
NOTIC: [8] Undefined index: User D:\Apache\htdocs\yuban\Apps\Home\Controller\BaseController.class.php 第 24 行.

[ 2015-11-26T16:28:25+08:00 ] ::1 /yuban/index.php/Home/User/saveInfo
INFO: [ app_init ] --START--
INFO: Run Behavior\BuildLiteBehavior [ RunTime:0.000000s ]
INFO: [ app_init ] --END-- [ RunTime:0.001000s ]
INFO: [ app_begin ] --START--
INFO: Run Behavior\ReadHtmlCacheBehavior [ RunTime:0.000000s ]
INFO: Run Behavior\CheckLangBehavior [ RunTime:0.000000s ]
INFO: [ app_begin ] --END-- [ RunTime:0.001000s ]

[ 2015-11-26T16:28:49+08:00 ] ::1 /yuban/index.php/Home/User/saveInfo
INFO: [ app_init ] --START--
INFO: Run Behavior\BuildLiteBehavior [ RunTime:0.000000s ]
INFO: [ app_init ] --END-- [ RunTime:0.001000s ]
INFO: [ app_begin ] --START--
INFO: Run Behavior\ReadHtmlCacheBehavior [ RunTime:0.000000s ]
INFO: Run Behavior\CheckLangBehavior [ RunTime:0.001000s ]
INFO: [ app_begin ] --END-- [ RunTime:0.001000s ]

[ 2015-11-26T16:29:11+08:00 ] ::1 /yuban/index.php/Home/User/saveInfo
INFO: [ app_init ] --START--
INFO: Run Behavior\BuildLiteBehavior [ RunTime:0.000000s ]
INFO: [ app_init ] --END-- [ RunTime:0.000000s ]
INFO: [ app_begin ] --START--
INFO: Run Behavior\ReadHtmlCacheBehavior [ RunTime:0.001000s ]
INFO: Run Behavior\CheckLangBehavior [ RunTime:0.003000s ]
INFO: [ app_begin ] --END-- [ RunTime:0.004000s ]

[ 2015-11-26T16:29:35+08:00 ] ::1 /yuban/index.php/Home/User/saveInfo
INFO: [ app_init ] --START--
INFO: Run Behavior\BuildLiteBehavior [ RunTime:0.000000s ]
INFO: [ app_init ] --END-- [ RunTime:0.000000s ]
INFO: [ app_begin ] --START--
INFO: Run Behavior\ReadHtmlCacheBehavior [ RunTime:0.000000s ]
INFO: Run Behavior\CheckLangBehavior [ RunTime:0.001000s ]
INFO: [ app_begin ] --END-- [ RunTime:0.001000s ]
NOTIC: [8] Undefined index: User D:\Apache\htdocs\yuban\Apps\Home\Controller\BaseController.class.php 第 24 行.
NOTIC: [8] Undefined index: headimg D:\Apache\htdocs\yuban\Apps\Home\Controller\UserController.class.php 第 213 行.
NOTIC: [8] Undefined variable: o_headimg_str D:\Apache\htdocs\yuban\Apps\Home\Controller\UserController.class.php 第 213 行.

[ 2015-11-26T16:29:57+08:00 ] ::1 /yuban/index.php/Home/User/saveInfo
INFO: [ app_init ] --START--
INFO: Run Behavior\BuildLiteBehavior [ RunTime:0.000000s ]
INFO: [ app_init ] --END-- [ RunTime:0.001000s ]
INFO: [ app_begin ] --START--
INFO: Run Behavior\ReadHtmlCacheBehavior [ RunTime:0.001000s ]
INFO: Run Behavior\CheckLangBehavior [ RunTime:0.001000s ]
INFO: [ app_begin ] --END-- [ RunTime:0.002000s ]
NOTIC: [8] Undefined index: User D:\Apache\htdocs\yuban\Apps\Home\Controller\BaseController.class.php 第 24 行.
NOTIC: [8] Undefined index: headimg D:\Apache\htdocs\yuban\Apps\Home\Controller\UserController.class.php 第 213 行.
NOTIC: [8] Undefined variable: o_headimg_str D:\Apache\htdocs\yuban\Apps\Home\Controller\UserController.class.php 第 213 行.

[ 2015-11-26T16:30:18+08:00 ] ::1 /yuban/index.php/Home/User/saveInfo
INFO: [ app_init ] --START--
INFO: Run Behavior\BuildLiteBehavior [ RunTime:0.000000s ]
INFO: [ app_init ] --END-- [ RunTime:0.001000s ]
INFO: [ app_begin ] --START--
INFO: Run Behavior\ReadHtmlCacheBehavior [ RunTime:0.001000s ]
INFO: Run Behavior\CheckLangBehavior [ RunTime:0.001000s ]
INFO: [ app_begin ] --END-- [ RunTime:0.002000s ]
NOTIC: [8] Undefined index: User D:\Apache\htdocs\yuban\Apps\Home\Controller\BaseController.class.php 第 24 行.
NOTIC: [8] Undefined index: headimg D:\Apache\htdocs\yuban\Apps\Home\Controller\UserController.class.php 第 213 行.

[ 2015-11-26T16:30:30+08:00 ] ::1 /yuban/index.php/Home/User/saveInfo
INFO: [ app_init ] --START--
INFO: Run Behavior\BuildLiteBehavior [ RunTime:0.000000s ]
INFO: [ app_init ] --END-- [ RunTime:0.000000s ]
INFO: [ app_begin ] --START--
INFO: Run Behavior\ReadHtmlCacheBehavior [ RunTime:0.000000s ]
INFO: Run Behavior\CheckLangBehavior [ RunTime:0.001000s ]
INFO: [ app_begin ] --END-- [ RunTime:0.002000s ]
NOTIC: [8] Undefined index: User D:\Apache\htdocs\yuban\Apps\Home\Controller\BaseController.class.php 第 24 行.
NOTIC: [8] Undefined index: headimg D:\Apache\htdocs\yuban\Apps\Home\Controller\UserController.class.php 第 213 行.

[ 2015-11-26T16:30:50+08:00 ] ::1 /yuban/index.php/Home/User/saveInfo
INFO: [ app_init ] --START--
INFO: Run Behavior\BuildLiteBehavior [ RunTime:0.000000s ]
INFO: [ app_init ] --END-- [ RunTime:0.000000s ]
INFO: [ app_begin ] --START--
INFO: Run Behavior\ReadHtmlCacheBehavior [ RunTime:0.001000s ]
INFO: Run Behavior\CheckLangBehavior [ RunTime:0.001000s ]
INFO: [ app_begin ] --END-- [ RunTime:0.002000s ]
NOTIC: [8] Undefined index: User D:\Apache\htdocs\yuban\Apps\Home\Controller\BaseController.class.php 第 24 行.
NOTIC: [8] Undefined index: headimg D:\Apache\htdocs\yuban\Apps\Home\Controller\UserController.class.php 第 213 行.
NOTIC: [8] Undefined index: uname D:\Apache\htdocs\yuban\Apps\Home\Controller\UserController.class.php 第 238 行.
NOTIC: [8] Undefined index: intro D:\Apache\htdocs\yuban\Apps\Home\Controller\UserController.class.php 第 257 行.
SQL: SHOW COLUMNS FROM `yj_file` [ RunTime:0.0100s ]
SQL: SELECT `savepath`,`savename` FROM `yj_file` WHERE ( id=13 ) LIMIT 1   [ RunTime:0.0110s ]
SQL: SHOW COLUMNS FROM `yj_shunjian` [ RunTime:0.0090s ]
SQL: INSERT INTO `yj_shunjian` (`type`,`url`,`uid`) VALUES ('2','2015-11-26/5656be8ce9bf3.mp4','2') [ RunTime:0.0140s ]

[ 2015-11-26T16:31:04+08:00 ] ::1 /yuban/index.php/Home/User/saveInfo
INFO: [ app_init ] --START--
INFO: Run Behavior\BuildLiteBehavior [ RunTime:0.000000s ]
INFO: [ app_init ] --END-- [ RunTime:0.000000s ]
INFO: [ app_begin ] --START--
INFO: Run Behavior\ReadHtmlCacheBehavior [ RunTime:0.000000s ]
INFO: Run Behavior\CheckLangBehavior [ RunTime:0.001001s ]
INFO: [ app_begin ] --END-- [ RunTime:0.001001s ]
NOTIC: [8] Undefined index: User D:\Apache\htdocs\yuban\Apps\Home\Controller\BaseController.class.php 第 24 行.
NOTIC: [8] Undefined index: headimg D:\Apache\htdocs\yuban\Apps\Home\Controller\UserController.class.php 第 213 行.
NOTIC: [8] Undefined index: uname D:\Apache\htdocs\yuban\Apps\Home\Controller\UserController.class.php 第 238 行.
NOTIC: [8] Undefined index: intro D:\Apache\htdocs\yuban\Apps\Home\Controller\UserController.class.php 第 257 行.
NOTIC: [8] Undefined index: audio_profile D:\Apache\htdocs\yuban\Apps\Home\Controller\UserController.class.php 第 276 行.
NOTIC: [8] Undefined index: audio_profile D:\Apache\htdocs\yuban\Apps\Home\Controller\UserController.class.php 第 276 行.
NOTIC: [8] Undefined index: location D:\Apache\htdocs\yuban\Apps\Home\Controller\UserController.class.php 第 288 行.
NOTIC: [8] Undefined index: language D:\Apache\htdocs\yuban\Apps\Home\Controller\UserController.class.php 第 299 行.
NOTIC: [8] Undefined index: lid D:\Apache\htdocs\yuban\Apps\Home\Controller\UserController.class.php 第 299 行.
NOTIC: [8] Undefined index: language D:\Apache\htdocs\yuban\Apps\Home\Controller\UserController.class.php 第 303 行.
NOTIC: [8] Undefined index: self_level D:\Apache\htdocs\yuban\Apps\Home\Controller\UserController.class.php 第 303 行.
NOTIC: [8] Undefined variable: language D:\Apache\htdocs\yuban\Apps\Home\Controller\UserController.class.php 第 306 行.
SQL: SHOW COLUMNS FROM `yj_userinfo` [ RunTime:0.0110s ]
SQL: UPDATE `yj_userinfo` SET `sex`='0',`country`='0',`province`='0',`city`='0',`location`=NULL WHERE ( uid=2 ) [ RunTime:0.0200s ]
NOTIC: [8] Undefined variable: isset D:\Apache\htdocs\yuban\Apps\Home\Controller\UserController.class.php 第 327 行.

[ 2015-11-26T16:31:21+08:00 ] ::1 /yuban/index.php/Home/User/saveInfo
INFO: [ app_init ] --START--
INFO: Run Behavior\BuildLiteBehavior [ RunTime:0.000000s ]
INFO: [ app_init ] --END-- [ RunTime:0.001000s ]
INFO: [ app_begin ] --START--
INFO: Run Behavior\ReadHtmlCacheBehavior [ RunTime:0.001000s ]
INFO: Run Behavior\CheckLangBehavior [ RunTime:0.001000s ]
INFO: [ app_begin ] --END-- [ RunTime:0.002000s ]
NOTIC: [8] Undefined index: User D:\Apache\htdocs\yuban\Apps\Home\Controller\BaseController.class.php 第 24 行.
NOTIC: [8] Undefined index: headimg D:\Apache\htdocs\yuban\Apps\Home\Controller\UserController.class.php 第 213 行.
NOTIC: [8] Undefined index: uname D:\Apache\htdocs\yuban\Apps\Home\Controller\UserController.class.php 第 238 行.
NOTIC: [8] Undefined index: intro D:\Apache\htdocs\yuban\Apps\Home\Controller\UserController.class.php 第 257 行.
NOTIC: [8] Undefined index: audio_profile D:\Apache\htdocs\yuban\Apps\Home\Controller\UserController.class.php 第 275 行.
NOTIC: [8] Undefined index: audio_profile D:\Apache\htdocs\yuban\Apps\Home\Controller\UserController.class.php 第 275 行.

[ 2015-11-26T16:31:35+08:00 ] ::1 /yuban/index.php/Home/User/saveInfo
INFO: [ app_init ] --START--
INFO: Run Behavior\BuildLiteBehavior [ RunTime:0.000000s ]
INFO: [ app_init ] --END-- [ RunTime:0.000000s ]
INFO: [ app_begin ] --START--
INFO: Run Behavior\ReadHtmlCacheBehavior [ RunTime:0.001000s ]
INFO: Run Behavior\CheckLangBehavior [ RunTime:0.000000s ]
INFO: [ app_begin ] --END-- [ RunTime:0.001000s ]
NOTIC: [8] Undefined index: User D:\Apache\htdocs\yuban\Apps\Home\Controller\BaseController.class.php 第 24 行.
NOTIC: [8] Undefined index: headimg D:\Apache\htdocs\yuban\Apps\Home\Controller\UserController.class.php 第 213 行.
NOTIC: [8] Undefined index: uname D:\Apache\htdocs\yuban\Apps\Home\Controller\UserController.class.php 第 238 行.
NOTIC: [8] Undefined index: intro D:\Apache\htdocs\yuban\Apps\Home\Controller\UserController.class.php 第 257 行.
NOTIC: [8] Undefined index: audio_profile D:\Apache\htdocs\yuban\Apps\Home\Controller\UserController.class.php 第 275 行.
NOTIC: [8] Undefined index: audio_profile D:\Apache\htdocs\yuban\Apps\Home\Controller\UserController.class.php 第 275 行.
NOTIC: [8] Undefined index: language D:\Apache\htdocs\yuban\Apps\Home\Controller\UserController.class.php 第 299 行.
NOTIC: [8] Undefined index: lid D:\Apache\htdocs\yuban\Apps\Home\Controller\UserController.class.php 第 299 行.
NOTIC: [8] Undefined index: language D:\Apache\htdocs\yuban\Apps\Home\Controller\UserController.class.php 第 303 行.
NOTIC: [8] Undefined index: self_level D:\Apache\htdocs\yuban\Apps\Home\Controller\UserController.class.php 第 303 行.
NOTIC: [8] Undefined variable: language D:\Apache\htdocs\yuban\Apps\Home\Controller\UserController.class.php 第 306 行.

[ 2015-11-26T16:31:57+08:00 ] ::1 /yuban/index.php/Home/User/saveInfo
INFO: [ app_init ] --START--
INFO: Run Behavior\BuildLiteBehavior [ RunTime:0.000000s ]
INFO: [ app_init ] --END-- [ RunTime:0.000000s ]
INFO: [ app_begin ] --START--
INFO: Run Behavior\ReadHtmlCacheBehavior [ RunTime:0.000000s ]
INFO: Run Behavior\CheckLangBehavior [ RunTime:0.001000s ]
INFO: [ app_begin ] --END-- [ RunTime:0.001000s ]
NOTIC: [8] Undefined index: User D:\Apache\htdocs\yuban\Apps\Home\Controller\BaseController.class.php 第 24 行.
NOTIC: [8] Undefined index: headimg D:\Apache\htdocs\yuban\Apps\Home\Controller\UserController.class.php 第 213 行.
NOTIC: [8] Undefined index: uname D:\Apache\htdocs\yuban\Apps\Home\Controller\UserController.class.php 第 238 行.
NOTIC: [8] Undefined index: intro D:\Apache\htdocs\yuban\Apps\Home\Controller\UserController.class.php 第 257 行.
NOTIC: [8] Undefined index: audio_profile D:\Apache\htdocs\yuban\Apps\Home\Controller\UserController.class.php 第 275 行.
NOTIC: [8] Undefined index: audio_profile D:\Apache\htdocs\yuban\Apps\Home\Controller\UserController.class.php 第 275 行.
NOTIC: [8] Undefined index: language D:\Apache\htdocs\yuban\Apps\Home\Controller\UserController.class.php 第 299 行.
NOTIC: [8] Undefined index: lid D:\Apache\htdocs\yuban\Apps\Home\Controller\UserController.class.php 第 299 行.
NOTIC: [8] Undefined index: language D:\Apache\htdocs\yuban\Apps\Home\Controller\UserController.class.php 第 303 行.
NOTIC: [8] Undefined index: self_level D:\Apache\htdocs\yuban\Apps\Home\Controller\UserController.class.php 第 303 行.
NOTIC: [8] Undefined variable: language D:\Apache\htdocs\yuban\Apps\Home\Controller\UserController.class.php 第 306 行.

[ 2015-11-26T16:32:51+08:00 ] ::1 /yuban/index.php/Home/User/saveInfo
INFO: [ app_init ] --START--
INFO: Run Behavior\BuildLiteBehavior [ RunTime:0.000000s ]
INFO: [ app_init ] --END-- [ RunTime:0.001000s ]
INFO: [ app_begin ] --START--
INFO: Run Behavior\ReadHtmlCacheBehavior [ RunTime:0.001000s ]
INFO: Run Behavior\CheckLangBehavior [ RunTime:0.002001s ]
INFO: [ app_begin ] --END-- [ RunTime:0.003001s ]
NOTIC: [8] Undefined index: User D:\Apache\htdocs\yuban\Apps\Home\Controller\BaseController.class.php 第 24 行.
NOTIC: [8] Undefined index: headimg D:\Apache\htdocs\yuban\Apps\Home\Controller\UserController.class.php 第 213 行.
NOTIC: [8] Undefined index: uname D:\Apache\htdocs\yuban\Apps\Home\Controller\UserController.class.php 第 238 行.
NOTIC: [8] Undefined index: intro D:\Apache\htdocs\yuban\Apps\Home\Controller\UserController.class.php 第 257 行.
NOTIC: [8] Undefined index: audio_profile D:\Apache\htdocs\yuban\Apps\Home\Controller\UserController.class.php 第 275 行.
NOTIC: [8] Undefined index: audio_profile D:\Apache\htdocs\yuban\Apps\Home\Controller\UserController.class.php 第 275 行.
NOTIC: [8] Undefined index: language D:\Apache\htdocs\yuban\Apps\Home\Controller\UserController.class.php 第 299 行.
NOTIC: [8] Undefined index: lid D:\Apache\htdocs\yuban\Apps\Home\Controller\UserController.class.php 第 299 行.
NOTIC: [8] Undefined index: language D:\Apache\htdocs\yuban\Apps\Home\Controller\UserController.class.php 第 303 行.
NOTIC: [8] Undefined index: self_level D:\Apache\htdocs\yuban\Apps\Home\Controller\UserController.class.php 第 303 行.
NOTIC: [8] Undefined variable: language D:\Apache\htdocs\yuban\Apps\Home\Controller\UserController.class.php 第 306 行.
NOTIC: [8] Undefined variable: isset D:\Apache\htdocs\yuban\Apps\Home\Controller\UserController.class.php 第 327 行.

[ 2015-11-26T16:33:14+08:00 ] ::1 /yuban/index.php/Home/User/saveInfo
INFO: [ app_init ] --START--
INFO: Run Behavior\BuildLiteBehavior [ RunTime:0.000000s ]
INFO: [ app_init ] --END-- [ RunTime:0.001000s ]
INFO: [ app_begin ] --START--
INFO: Run Behavior\ReadHtmlCacheBehavior [ RunTime:0.001000s ]
INFO: Run Behavior\CheckLangBehavior [ RunTime:0.001000s ]
INFO: [ app_begin ] --END-- [ RunTime:0.002000s ]
NOTIC: [8] Undefined index: User D:\Apache\htdocs\yuban\Apps\Home\Controller\BaseController.class.php 第 24 行.
NOTIC: [8] Undefined index: headimg D:\Apache\htdocs\yuban\Apps\Home\Controller\UserController.class.php 第 213 行.
NOTIC: [8] Undefined index: uname D:\Apache\htdocs\yuban\Apps\Home\Controller\UserController.class.php 第 238 行.
NOTIC: [8] Undefined index: intro D:\Apache\htdocs\yuban\Apps\Home\Controller\UserController.class.php 第 257 行.
NOTIC: [8] Undefined index: audio_profile D:\Apache\htdocs\yuban\Apps\Home\Controller\UserController.class.php 第 275 行.
NOTIC: [8] Undefined index: audio_profile D:\Apache\htdocs\yuban\Apps\Home\Controller\UserController.class.php 第 275 行.
NOTIC: [8] Undefined index: language D:\Apache\htdocs\yuban\Apps\Home\Controller\UserController.class.php 第 299 行.
NOTIC: [8] Undefined index: lid D:\Apache\htdocs\yuban\Apps\Home\Controller\UserController.class.php 第 299 行.
NOTIC: [8] Undefined index: language D:\Apache\htdocs\yuban\Apps\Home\Controller\UserController.class.php 第 303 行.
NOTIC: [8] Undefined index: self_level D:\Apache\htdocs\yuban\Apps\Home\Controller\UserController.class.php 第 303 行.
NOTIC: [8] Undefined variable: language D:\Apache\htdocs\yuban\Apps\Home\Controller\UserController.class.php 第 306 行.

[ 2015-11-26T16:34:00+08:00 ] ::1 /yuban/index.php/Home/Square/charts
INFO: [ app_init ] --START--
INFO: Run Behavior\BuildLiteBehavior [ RunTime:0.000000s ]
INFO: [ app_init ] --END-- [ RunTime:0.001000s ]
INFO: [ app_begin ] --START--
INFO: Run Behavior\ReadHtmlCacheBehavior [ RunTime:0.001000s ]
INFO: Run Behavior\CheckLangBehavior [ RunTime:0.001001s ]
INFO: [ app_begin ] --END-- [ RunTime:0.002001s ]
NOTIC: [8] Undefined index: charts D:\Apache\htdocs\yuban\Apps\Home\Controller\BaseController.class.php 第 24 行.
SQL: SHOW COLUMNS FROM `yj_userinfo` [ RunTime:0.0100s ]
SQL: SELECT COUNT(uid) AS tp_count FROM `yj_userinfo` LIMIT 1   [ RunTime:0.0060s ]
SQL: SELECT `uid` FROM `yj_userinfo` ORDER BY level desc LIMIT 0,10   [ RunTime:0.0070s ]
NOTIC: [8] Undefined offset: 1 D:\Apache\htdocs\yuban\Apps\Home\Controller\SquareController.class.php 第 158 行.
NOTIC: [8] Undefined offset: 0 D:\Apache\htdocs\yuban\Apps\Home\Controller\SquareController.class.php 第 163 行.
NOTIC: [8] Undefined offset: 0 D:\Apache\htdocs\yuban\Apps\Home\Controller\SquareController.class.php 第 163 行.
NOTIC: [8] Undefined offset: 0 D:\Apache\htdocs\yuban\Apps\Home\Controller\SquareController.class.php 第 163 行.
NOTIC: [8] Undefined offset: 0 D:\Apache\htdocs\yuban\Apps\Home\Controller\SquareController.class.php 第 163 行.
NOTIC: [8] Undefined offset: 1 D:\Apache\htdocs\yuban\Apps\Home\Controller\SquareController.class.php 第 158 行.

[ 2015-11-26T16:34:08+08:00 ] ::1 /yuban/index.php/Home/User/saveInfo
INFO: [ app_init ] --START--
INFO: Run Behavior\BuildLiteBehavior [ RunTime:0.000000s ]
INFO: [ app_init ] --END-- [ RunTime:0.000000s ]
INFO: [ app_begin ] --START--
INFO: Run Behavior\ReadHtmlCacheBehavior [ RunTime:0.000000s ]
INFO: Run Behavior\CheckLangBehavior [ RunTime:0.001000s ]
INFO: [ app_begin ] --END-- [ RunTime:0.001000s ]
NOTIC: [8] Undefined index: User D:\Apache\htdocs\yuban\Apps\Home\Controller\BaseController.class.php 第 24 行.
NOTIC: [8] Undefined index: headimg D:\Apache\htdocs\yuban\Apps\Home\Controller\UserController.class.php 第 214 行.
NOTIC: [8] Undefined index: uname D:\Apache\htdocs\yuban\Apps\Home\Controller\UserController.class.php 第 239 行.
NOTIC: [8] Undefined index: intro D:\Apache\htdocs\yuban\Apps\Home\Controller\UserController.class.php 第 258 行.
NOTIC: [8] Undefined index: audio_profile D:\Apache\htdocs\yuban\Apps\Home\Controller\UserController.class.php 第 276 行.
NOTIC: [8] Undefined index: audio_profile D:\Apache\htdocs\yuban\Apps\Home\Controller\UserController.class.php 第 276 行.
NOTIC: [8] Undefined index: language D:\Apache\htdocs\yuban\Apps\Home\Controller\UserController.class.php 第 300 行.
NOTIC: [8] Undefined index: lid D:\Apache\htdocs\yuban\Apps\Home\Controller\UserController.class.php 第 300 行.
NOTIC: [8] Undefined index: language D:\Apache\htdocs\yuban\Apps\Home\Controller\UserController.class.php 第 304 行.
NOTIC: [8] Undefined index: self_level D:\Apache\htdocs\yuban\Apps\Home\Controller\UserController.class.php 第 304 行.
NOTIC: [8] Undefined variable: language D:\Apache\htdocs\yuban\Apps\Home\Controller\UserController.class.php 第 307 行.

[ 2015-11-26T16:38:32+08:00 ] ::1 /yuban/index.php/Home/User/saveInfo
INFO: [ app_init ] --START--
INFO: Run Behavior\BuildLiteBehavior [ RunTime:0.000000s ]
INFO: [ app_init ] --END-- [ RunTime:0.000000s ]
INFO: [ app_begin ] --START--
INFO: Run Behavior\ReadHtmlCacheBehavior [ RunTime:0.000000s ]
INFO: Run Behavior\CheckLangBehavior [ RunTime:0.000000s ]
INFO: [ app_begin ] --END-- [ RunTime:0.001000s ]
NOTIC: [8] Undefined index: User D:\Apache\htdocs\yuban\Apps\Home\Controller\BaseController.class.php 第 24 行.
NOTIC: [8] Undefined index: headimg D:\Apache\htdocs\yuban\Apps\Home\Controller\UserController.class.php 第 213 行.
NOTIC: [8] Undefined index: uname D:\Apache\htdocs\yuban\Apps\Home\Controller\UserController.class.php 第 238 行.
NOTIC: [8] Undefined index: intro D:\Apache\htdocs\yuban\Apps\Home\Controller\UserController.class.php 第 257 行.
NOTIC: [8] Undefined index: audio_profile D:\Apache\htdocs\yuban\Apps\Home\Controller\UserController.class.php 第 275 行.
NOTIC: [8] Undefined index: audio_profile D:\Apache\htdocs\yuban\Apps\Home\Controller\UserController.class.php 第 275 行.
NOTIC: [8] Undefined index: language D:\Apache\htdocs\yuban\Apps\Home\Controller\UserController.class.php 第 299 行.
NOTIC: [8] Undefined index: lid D:\Apache\htdocs\yuban\Apps\Home\Controller\UserController.class.php 第 299 行.
NOTIC: [8] Undefined index: language D:\Apache\htdocs\yuban\Apps\Home\Controller\UserController.class.php 第 303 行.
NOTIC: [8] Undefined index: self_level D:\Apache\htdocs\yuban\Apps\Home\Controller\UserController.class.php 第 303 行.
NOTIC: [8] Undefined variable: language D:\Apache\htdocs\yuban\Apps\Home\Controller\UserController.class.php 第 306 行.

[ 2015-11-26T16:39:57+08:00 ] ::1 /yuban/index.php/Home/User/saveInfo
INFO: [ app_init ] --START--
INFO: Run Behavior\BuildLiteBehavior [ RunTime:0.000000s ]
INFO: [ app_init ] --END-- [ RunTime:0.001000s ]
INFO: [ app_begin ] --START--
INFO: Run Behavior\ReadHtmlCacheBehavior [ RunTime:0.000000s ]
INFO: Run Behavior\CheckLangBehavior [ RunTime:0.001000s ]
INFO: [ app_begin ] --END-- [ RunTime:0.001000s ]
NOTIC: [8] Undefined index: User D:\Apache\htdocs\yuban\Apps\Home\Controller\BaseController.class.php 第 24 行.
NOTIC: [8] Undefined index: headimg D:\Apache\htdocs\yuban\Apps\Home\Controller\UserController.class.php 第 213 行.
NOTIC: [8] Undefined index: uname D:\Apache\htdocs\yuban\Apps\Home\Controller\UserController.class.php 第 238 行.
NOTIC: [8] Undefined index: intro D:\Apache\htdocs\yuban\Apps\Home\Controller\UserController.class.php 第 257 行.
NOTIC: [8] Undefined index: audio_profile D:\Apache\htdocs\yuban\Apps\Home\Controller\UserController.class.php 第 275 行.
NOTIC: [8] Undefined index: audio_profile D:\Apache\htdocs\yuban\Apps\Home\Controller\UserController.class.php 第 275 行.
NOTIC: [8] Undefined index: language D:\Apache\htdocs\yuban\Apps\Home\Controller\UserController.class.php 第 299 行.
NOTIC: [8] Undefined index: lid D:\Apache\htdocs\yuban\Apps\Home\Controller\UserController.class.php 第 299 行.
NOTIC: [8] Undefined index: language D:\Apache\htdocs\yuban\Apps\Home\Controller\UserController.class.php 第 303 行.
NOTIC: [8] Undefined index: self_level D:\Apache\htdocs\yuban\Apps\Home\Controller\UserController.class.php 第 303 行.
NOTIC: [8] Undefined variable: language D:\Apache\htdocs\yuban\Apps\Home\Controller\UserController.class.php 第 306 行.

[ 2015-11-26T16:40:38+08:00 ] ::1 /yuban/index.php/Home/User/saveInfo
INFO: [ app_init ] --START--
INFO: Run Behavior\BuildLiteBehavior [ RunTime:0.000000s ]
INFO: [ app_init ] --END-- [ RunTime:0.000000s ]
INFO: [ app_begin ] --START--
INFO: Run Behavior\ReadHtmlCacheBehavior [ RunTime:0.000000s ]
INFO: Run Behavior\CheckLangBehavior [ RunTime:0.001000s ]
INFO: [ app_begin ] --END-- [ RunTime:0.001000s ]
NOTIC: [8] Undefined index: User D:\Apache\htdocs\yuban\Apps\Home\Controller\BaseController.class.php 第 24 行.
NOTIC: [8] Undefined index: headimg D:\Apache\htdocs\yuban\Apps\Home\Controller\UserController.class.php 第 213 行.
NOTIC: [8] Undefined index: uname D:\Apache\htdocs\yuban\Apps\Home\Controller\UserController.class.php 第 238 行.
NOTIC: [8] Undefined index: intro D:\Apache\htdocs\yuban\Apps\Home\Controller\UserController.class.php 第 257 行.
SQL: SHOW COLUMNS FROM `yj_file` [ RunTime:0.0130s ]
SQL: SELECT `savepath`,`savename` FROM `yj_file` WHERE ( id=8 ) LIMIT 1   [ RunTime:0.0080s ]
SQL: SHOW COLUMNS FROM `yj_shunjian` [ RunTime:0.0080s ]
SQL: INSERT INTO `yj_shunjian` (`type`,`url`,`uid`) VALUES ('2','2015-11-25/5655c4b3d5895.mp4','2') [ RunTime:0.0080s ]
NOTIC: [8] Undefined index: audio_profile D:\Apache\htdocs\yuban\Apps\Home\Controller\UserController.class.php 第 275 行.
NOTIC: [8] Undefined index: audio_profile D:\Apache\htdocs\yuban\Apps\Home\Controller\UserController.class.php 第 275 行.
NOTIC: [8] Undefined index: language D:\Apache\htdocs\yuban\Apps\Home\Controller\UserController.class.php 第 299 行.
NOTIC: [8] Undefined index: lid D:\Apache\htdocs\yuban\Apps\Home\Controller\UserController.class.php 第 299 行.
NOTIC: [8] Undefined index: language D:\Apache\htdocs\yuban\Apps\Home\Controller\UserController.class.php 第 303 行.
NOTIC: [8] Undefined index: self_level D:\Apache\htdocs\yuban\Apps\Home\Controller\UserController.class.php 第 303 行.
NOTIC: [8] Undefined variable: language D:\Apache\htdocs\yuban\Apps\Home\Controller\UserController.class.php 第 306 行.
SQL: SHOW COLUMNS FROM `yj_userinfo` [ RunTime:0.0090s ]
SQL: UPDATE `yj_userinfo` SET `video_profile`='8' WHERE ( uid=2 ) [ RunTime:0.0210s ]

