[ 2015-11-09T10:59:51+08:00 ] 222.129.191.140 /index.php/Home/Reg/getLanguage
INFO: [ app_init ] --START--
INFO: Run Behavior\BuildLiteBehavior [ RunTime:0.000016s ]
INFO: [ app_init ] --END-- [ RunTime:0.000365s ]
INFO: [ app_begin ] --START--
INFO: Run Behavior\ReadHtmlCacheBehavior [ RunTime:0.000443s ]
INFO: Run Behavior\CheckLangBehavior [ RunTime:0.000500s ]
INFO: [ app_begin ] --END-- [ RunTime:0.001036s ]

[ 2015-11-09T11:00:00+08:00 ] 222.129.191.140 /index.php/Home/Reg/getLanguage
INFO: [ app_init ] --START--
INFO: Run Behavior\BuildLiteBehavior [ RunTime:0.000017s ]
INFO: [ app_init ] --END-- [ RunTime:0.000334s ]
INFO: [ app_begin ] --START--
INFO: Run Behavior\ReadHtmlCacheBehavior [ RunTime:0.000414s ]
INFO: Run Behavior\CheckLangBehavior [ RunTime:0.000425s ]
INFO: [ app_begin ] --END-- [ RunTime:0.000956s ]

[ 2015-11-09T11:00:04+08:00 ] 222.129.191.140 /index.php/Home/Reg/getLanguage
INFO: [ app_init ] --START--
INFO: Run Behavior\BuildLiteBehavior [ RunTime:0.000016s ]
INFO: [ app_init ] --END-- [ RunTime:0.000329s ]
INFO: [ app_begin ] --START--
INFO: Run Behavior\ReadHtmlCacheBehavior [ RunTime:0.000421s ]
INFO: Run Behavior\CheckLangBehavior [ RunTime:0.000426s ]
INFO: [ app_begin ] --END-- [ RunTime:0.000930s ]

[ 2015-11-09T11:00:24+08:00 ] 222.129.191.140 /index.php/Home/Reg/getLanguage
INFO: [ app_init ] --START--
INFO: Run Behavior\BuildLiteBehavior [ RunTime:0.000015s ]
INFO: [ app_init ] --END-- [ RunTime:0.000376s ]
INFO: [ app_begin ] --START--
INFO: Run Behavior\ReadHtmlCacheBehavior [ RunTime:0.000433s ]
INFO: Run Behavior\CheckLangBehavior [ RunTime:0.000402s ]
INFO: [ app_begin ] --END-- [ RunTime:0.000917s ]

[ 2015-11-09T11:00:27+08:00 ] 222.129.191.140 /index.php/Home/Reg/getLanguage
INFO: [ app_init ] --START--
INFO: Run Behavior\BuildLiteBehavior [ RunTime:0.000016s ]
INFO: [ app_init ] --END-- [ RunTime:0.000331s ]
INFO: [ app_begin ] --START--
INFO: Run Behavior\ReadHtmlCacheBehavior [ RunTime:0.000415s ]
INFO: Run Behavior\CheckLangBehavior [ RunTime:0.000505s ]
INFO: [ app_begin ] --END-- [ RunTime:0.001012s ]

[ 2015-11-09T11:02:10+08:00 ] 222.129.191.140 /index.php/Home/Reg/getLanguage
INFO: [ app_init ] --START--
INFO: Run Behavior\BuildLiteBehavior [ RunTime:0.000021s ]
INFO: [ app_init ] --END-- [ RunTime:0.000370s ]
INFO: [ app_begin ] --START--
INFO: Run Behavior\ReadHtmlCacheBehavior [ RunTime:0.000504s ]
INFO: Run Behavior\CheckLangBehavior [ RunTime:0.000498s ]
INFO: [ app_begin ] --END-- [ RunTime:0.001111s ]
SQL: SHOW COLUMNS FROM `yj_language` [ RunTime:0.0006s ]
SQL: SELECT * FROM `yj_language`  [ RunTime:0.0002s ]
NOTIC: [8] Undefined variable: language /alidata/www/spokenplus.com/Apps/Home/Controller/RegController.class.php 第 152 行.

[ 2015-11-09T11:02:58+08:00 ] 222.129.191.140 /index.php/Home/Reg/getLanguage
INFO: [ app_init ] --START--
INFO: Run Behavior\BuildLiteBehavior [ RunTime:0.000016s ]
INFO: [ app_init ] --END-- [ RunTime:0.000420s ]
INFO: [ app_begin ] --START--
INFO: Run Behavior\ReadHtmlCacheBehavior [ RunTime:0.000623s ]
INFO: Run Behavior\CheckLangBehavior [ RunTime:0.000660s ]
INFO: [ app_begin ] --END-- [ RunTime:0.001435s ]
SQL: SHOW COLUMNS FROM `yj_language` [ RunTime:0.0007s ]
SQL: SELECT * FROM `yj_language`  [ RunTime:0.0002s ]
NOTIC: [8] Undefined variable: language /alidata/www/spokenplus.com/Apps/Home/Controller/RegController.class.php 第 152 行.

[ 2015-11-09T11:03:07+08:00 ] 222.129.191.140 /index.php/Home/Reg/getLanguage
INFO: [ app_init ] --START--
INFO: Run Behavior\BuildLiteBehavior [ RunTime:0.000016s ]
INFO: [ app_init ] --END-- [ RunTime:0.000331s ]
INFO: [ app_begin ] --START--
INFO: Run Behavior\ReadHtmlCacheBehavior [ RunTime:0.000398s ]
INFO: Run Behavior\CheckLangBehavior [ RunTime:0.000499s ]
INFO: [ app_begin ] --END-- [ RunTime:0.000980s ]
NOTIC: [8] Undefined index: language /alidata/www/spokenplus.com/Apps/Home/Controller/RegController.class.php 第 150 行.
SQL: SHOW COLUMNS FROM `yj_language` [ RunTime:0.0006s ]
SQL: SELECT * FROM `yj_language`  [ RunTime:0.0002s ]

[ 2015-11-09T11:03:44+08:00 ] 222.129.191.140 /index.php/Home/Reg/getLanguage
INFO: [ app_init ] --START--
INFO: Run Behavior\BuildLiteBehavior [ RunTime:0.000016s ]
INFO: [ app_init ] --END-- [ RunTime:0.000320s ]
INFO: [ app_begin ] --START--
INFO: Run Behavior\ReadHtmlCacheBehavior [ RunTime:0.000393s ]
INFO: Run Behavior\CheckLangBehavior [ RunTime:0.000467s ]
INFO: [ app_begin ] --END-- [ RunTime:0.000941s ]
NOTIC: [8] Undefined index: language /alidata/www/spokenplus.com/Apps/Home/Controller/RegController.class.php 第 150 行.
SQL: SHOW COLUMNS FROM `yj_language` [ RunTime:0.0006s ]
SQL: SELECT * FROM `yj_language`  [ RunTime:0.0002s ]

[ 2015-11-09T11:03:55+08:00 ] 222.129.191.140 /index.php/Home/Reg/getLanguage
INFO: [ app_init ] --START--
INFO: Run Behavior\BuildLiteBehavior [ RunTime:0.000016s ]
INFO: [ app_init ] --END-- [ RunTime:0.000329s ]
INFO: [ app_begin ] --START--
INFO: Run Behavior\ReadHtmlCacheBehavior [ RunTime:0.000422s ]
INFO: Run Behavior\CheckLangBehavior [ RunTime:0.000453s ]
INFO: [ app_begin ] --END-- [ RunTime:0.000959s ]
NOTIC: [8] Undefined index: language /alidata/www/spokenplus.com/Apps/Home/Controller/RegController.class.php 第 151 行.
SQL: SHOW COLUMNS FROM `yj_language` [ RunTime:0.0006s ]
SQL: SELECT * FROM `yj_language`  [ RunTime:0.0002s ]

[ 2015-11-09T11:04:15+08:00 ] 222.129.191.140 /index.php/Home/Reg/getLanguage
INFO: [ app_init ] --START--
INFO: Run Behavior\BuildLiteBehavior [ RunTime:0.000017s ]
INFO: [ app_init ] --END-- [ RunTime:0.000330s ]
INFO: [ app_begin ] --START--
INFO: Run Behavior\ReadHtmlCacheBehavior [ RunTime:0.000399s ]
INFO: Run Behavior\CheckLangBehavior [ RunTime:0.000509s ]
INFO: [ app_begin ] --END-- [ RunTime:0.000991s ]
NOTIC: [8] Undefined index: language /alidata/www/spokenplus.com/Apps/Home/Controller/RegController.class.php 第 150 行.
SQL: SHOW COLUMNS FROM `yj_language` [ RunTime:0.0009s ]
SQL: SELECT * FROM `yj_language`  [ RunTime:0.0002s ]

[ 2015-11-09T11:05:00+08:00 ] 222.129.191.140 /index.php/Home/Reg/getLanguage
INFO: [ app_init ] --START--
INFO: Run Behavior\BuildLiteBehavior [ RunTime:0.000016s ]
INFO: [ app_init ] --END-- [ RunTime:0.000350s ]
INFO: [ app_begin ] --START--
INFO: Run Behavior\ReadHtmlCacheBehavior [ RunTime:0.000417s ]
INFO: Run Behavior\CheckLangBehavior [ RunTime:0.000444s ]
INFO: [ app_begin ] --END-- [ RunTime:0.000968s ]
NOTIC: [8] Undefined index: language /alidata/www/spokenplus.com/Apps/Home/Controller/RegController.class.php 第 150 行.
SQL: SHOW COLUMNS FROM `yj_language` [ RunTime:0.0006s ]
SQL: SELECT * FROM `yj_language`  [ RunTime:0.0002s ]

[ 2015-11-09T12:04:26+08:00 ] 121.42.0.39 /
INFO: [ app_init ] --START--
INFO: Run Behavior\BuildLiteBehavior [ RunTime:0.000017s ]
INFO: [ app_init ] --END-- [ RunTime:0.000342s ]
INFO: [ app_begin ] --START--
INFO: Run Behavior\ReadHtmlCacheBehavior [ RunTime:0.000411s ]
INFO: Run Behavior\CheckLangBehavior [ RunTime:0.000328s ]
INFO: [ app_begin ] --END-- [ RunTime:0.000819s ]
INFO: [ view_parse ] --START--
INFO: Run Behavior\ParseTemplateBehavior [ RunTime:0.000153s ]
INFO: [ view_parse ] --END-- [ RunTime:0.000203s ]
INFO: [ view_filter ] --START--
INFO: Run Behavior\WriteHtmlCacheBehavior [ RunTime:0.000168s ]
INFO: [ view_filter ] --END-- [ RunTime:0.000211s ]
INFO: [ app_end ] --START--
INFO: Run Behavior\ShowPageTraceBehavior [ RunTime:0.000423s ]
INFO: [ app_end ] --END-- [ RunTime:0.000468s ]

[ 2015-11-09T14:35:47+08:00 ] 216.218.206.66 /
INFO: [ app_init ] --START--
INFO: Run Behavior\BuildLiteBehavior [ RunTime:0.000019s ]
INFO: [ app_init ] --END-- [ RunTime:0.000388s ]
INFO: [ app_begin ] --START--
INFO: Run Behavior\ReadHtmlCacheBehavior [ RunTime:0.000449s ]
INFO: Run Behavior\CheckLangBehavior [ RunTime:0.017687s ]
INFO: [ app_begin ] --END-- [ RunTime:0.018254s ]
INFO: [ view_parse ] --START--
INFO: Run Behavior\ParseTemplateBehavior [ RunTime:0.000168s ]
INFO: [ view_parse ] --END-- [ RunTime:0.000221s ]
INFO: [ view_filter ] --START--
INFO: Run Behavior\WriteHtmlCacheBehavior [ RunTime:0.000158s ]
INFO: [ view_filter ] --END-- [ RunTime:0.000201s ]
INFO: [ app_end ] --START--
INFO: Run Behavior\ShowPageTraceBehavior [ RunTime:0.000488s ]
INFO: [ app_end ] --END-- [ RunTime:0.000532s ]

[ 2015-11-09T14:38:49+08:00 ] 216.218.206.66 /
INFO: [ app_init ] --START--
INFO: Run Behavior\BuildLiteBehavior [ RunTime:0.000019s ]
INFO: [ app_init ] --END-- [ RunTime:0.000343s ]
INFO: [ app_begin ] --START--
INFO: Run Behavior\ReadHtmlCacheBehavior [ RunTime:0.000410s ]
INFO: Run Behavior\CheckLangBehavior [ RunTime:0.000298s ]
INFO: [ app_begin ] --END-- [ RunTime:0.000803s ]
INFO: [ view_parse ] --START--
INFO: Run Behavior\ParseTemplateBehavior [ RunTime:0.000149s ]
INFO: [ view_parse ] --END-- [ RunTime:0.000198s ]
INFO: [ view_filter ] --START--
INFO: Run Behavior\WriteHtmlCacheBehavior [ RunTime:0.000133s ]
INFO: [ view_filter ] --END-- [ RunTime:0.000176s ]
INFO: [ app_end ] --START--
INFO: Run Behavior\ShowPageTraceBehavior [ RunTime:0.000446s ]
INFO: [ app_end ] --END-- [ RunTime:0.000491s ]

[ 2015-11-09T15:09:20+08:00 ] 79.98.107.90 /
INFO: [ app_init ] --START--
INFO: Run Behavior\BuildLiteBehavior [ RunTime:0.000015s ]
INFO: [ app_init ] --END-- [ RunTime:0.000324s ]
INFO: [ app_begin ] --START--
INFO: Run Behavior\ReadHtmlCacheBehavior [ RunTime:0.000453s ]
INFO: Run Behavior\CheckLangBehavior [ RunTime:0.000298s ]
INFO: [ app_begin ] --END-- [ RunTime:0.000839s ]
INFO: [ view_parse ] --START--
INFO: Run Behavior\ParseTemplateBehavior [ RunTime:0.000144s ]
INFO: [ view_parse ] --END-- [ RunTime:0.000194s ]
INFO: [ view_filter ] --START--
INFO: Run Behavior\WriteHtmlCacheBehavior [ RunTime:0.000132s ]
INFO: [ view_filter ] --END-- [ RunTime:0.000175s ]
INFO: [ app_end ] --START--
INFO: Run Behavior\ShowPageTraceBehavior [ RunTime:0.000475s ]
INFO: [ app_end ] --END-- [ RunTime:0.000519s ]

[ 2015-11-09T16:10:06+08:00 ] 222.129.190.7 /index.php/Home/Reg/getLanguage
INFO: [ app_init ] --START--
INFO: Run Behavior\BuildLiteBehavior [ RunTime:0.000017s ]
INFO: [ app_init ] --END-- [ RunTime:0.000356s ]
INFO: [ app_begin ] --START--
INFO: Run Behavior\ReadHtmlCacheBehavior [ RunTime:0.000457s ]
INFO: Run Behavior\CheckLangBehavior [ RunTime:0.120748s ]
INFO: [ app_begin ] --END-- [ RunTime:0.121344s ]
NOTIC: [8] Undefined index: language /alidata/www/spokenplus.com/Apps/Home/Controller/RegController.class.php 第 150 行.
SQL: SHOW COLUMNS FROM `yj_language` [ RunTime:0.0009s ]
SQL: SELECT * FROM `yj_language`  [ RunTime:0.0002s ]

[ 2015-11-09T16:11:15+08:00 ] 222.129.190.7 /index.php/Home/Reg/getLanguage
INFO: [ app_init ] --START--
INFO: Run Behavior\BuildLiteBehavior [ RunTime:0.000016s ]
INFO: [ app_init ] --END-- [ RunTime:0.000330s ]
INFO: [ app_begin ] --START--
INFO: Run Behavior\ReadHtmlCacheBehavior [ RunTime:0.000432s ]
INFO: Run Behavior\CheckLangBehavior [ RunTime:0.000460s ]
INFO: [ app_begin ] --END-- [ RunTime:0.000976s ]
NOTIC: [8] Undefined index: language /alidata/www/spokenplus.com/Apps/Home/Controller/RegController.class.php 第 150 行.
SQL: SHOW COLUMNS FROM `yj_language` [ RunTime:0.0006s ]
SQL: SELECT * FROM `yj_language`  [ RunTime:0.0002s ]

[ 2015-11-09T16:11:52+08:00 ] 222.129.190.7 /index.php/Home/Reg/getLanguage
INFO: [ app_init ] --START--
INFO: Run Behavior\BuildLiteBehavior [ RunTime:0.000016s ]
INFO: [ app_init ] --END-- [ RunTime:0.000324s ]
INFO: [ app_begin ] --START--
INFO: Run Behavior\ReadHtmlCacheBehavior [ RunTime:0.000403s ]
INFO: Run Behavior\CheckLangBehavior [ RunTime:0.000485s ]
INFO: [ app_begin ] --END-- [ RunTime:0.000974s ]
NOTIC: [8] Undefined index: language /alidata/www/spokenplus.com/Apps/Home/Controller/RegController.class.php 第 151 行.
SQL: SHOW COLUMNS FROM `yj_language` [ RunTime:0.0006s ]
SQL: SELECT * FROM `yj_language`  [ RunTime:0.0002s ]

[ 2015-11-09T16:12:43+08:00 ] 222.129.190.7 /index.php/Home/Reg/getLanguage
INFO: [ app_init ] --START--
INFO: Run Behavior\BuildLiteBehavior [ RunTime:0.000018s ]
INFO: [ app_init ] --END-- [ RunTime:0.000338s ]
INFO: [ app_begin ] --START--
INFO: Run Behavior\ReadHtmlCacheBehavior [ RunTime:0.000410s ]
INFO: Run Behavior\CheckLangBehavior [ RunTime:0.000509s ]
INFO: [ app_begin ] --END-- [ RunTime:0.001027s ]
SQL: SHOW COLUMNS FROM `yj_language` [ RunTime:0.0007s ]
SQL: SELECT * FROM `yj_language`  [ RunTime:0.0002s ]

[ 2015-11-09T16:13:26+08:00 ] 222.129.190.7 /index.php/Home/Reg/getLanguage
INFO: [ app_init ] --START--
INFO: Run Behavior\BuildLiteBehavior [ RunTime:0.000017s ]
INFO: [ app_init ] --END-- [ RunTime:0.000394s ]
INFO: [ app_begin ] --START--
INFO: Run Behavior\ReadHtmlCacheBehavior [ RunTime:0.000454s ]
INFO: Run Behavior\CheckLangBehavior [ RunTime:0.000469s ]
INFO: [ app_begin ] --END-- [ RunTime:0.001004s ]

[ 2015-11-09T16:14:33+08:00 ] 222.129.190.7 /index.php/Home/Reg/getBaseLanguage
INFO: [ app_init ] --START--
INFO: Run Behavior\BuildLiteBehavior [ RunTime:0.000016s ]
INFO: [ app_init ] --END-- [ RunTime:0.000341s ]
INFO: [ app_begin ] --START--
INFO: Run Behavior\ReadHtmlCacheBehavior [ RunTime:0.000419s ]
INFO: Run Behavior\CheckLangBehavior [ RunTime:0.000603s ]
INFO: [ app_begin ] --END-- [ RunTime:0.001114s ]

[ 2015-11-09T16:15:17+08:00 ] 222.129.190.7 /index.php/Home/Reg/getBaseLanguage
INFO: [ app_init ] --START--
INFO: Run Behavior\BuildLiteBehavior [ RunTime:0.000017s ]
INFO: [ app_init ] --END-- [ RunTime:0.000330s ]
INFO: [ app_begin ] --START--
INFO: Run Behavior\ReadHtmlCacheBehavior [ RunTime:0.000415s ]
INFO: Run Behavior\CheckLangBehavior [ RunTime:0.000688s ]
INFO: [ app_begin ] --END-- [ RunTime:0.001202s ]

[ 2015-11-09T16:15:42+08:00 ] 222.129.190.7 /index.php/Home/Reg/getBaseLanguage
INFO: [ app_init ] --START--
INFO: Run Behavior\BuildLiteBehavior [ RunTime:0.000023s ]
INFO: [ app_init ] --END-- [ RunTime:0.000460s ]
INFO: [ app_begin ] --START--
INFO: Run Behavior\ReadHtmlCacheBehavior [ RunTime:0.000488s ]
INFO: Run Behavior\CheckLangBehavior [ RunTime:0.000520s ]
INFO: [ app_begin ] --END-- [ RunTime:0.001096s ]
SQL: SHOW COLUMNS FROM `yj_language` [ RunTime:0.0007s ]
ERR: 1054:Unknown column 'language' in 'field list'
 [ SQL语句 ] : SELECT `lid`,`language` FROM `yj_language` WHERE ( type=1 ) 
ERR: 1054:Unknown column 'language' in 'field list'
 [ SQL语句 ] : SELECT `lid`,`language` FROM `yj_language` WHERE ( type=1 ) 

[ 2015-11-09T16:16:06+08:00 ] 222.129.190.7 /index.php/Home/Reg/getBaseLanguage
INFO: [ app_init ] --START--
INFO: Run Behavior\BuildLiteBehavior [ RunTime:0.000017s ]
INFO: [ app_init ] --END-- [ RunTime:0.000332s ]
INFO: [ app_begin ] --START--
INFO: Run Behavior\ReadHtmlCacheBehavior [ RunTime:0.000402s ]
INFO: Run Behavior\CheckLangBehavior [ RunTime:0.000554s ]
INFO: [ app_begin ] --END-- [ RunTime:0.001042s ]
SQL: SHOW COLUMNS FROM `yj_language` [ RunTime:0.0007s ]
SQL: SELECT `lid`,`language_name` FROM `yj_language` WHERE ( type=1 )  [ RunTime:0.0003s ]

[ 2015-11-09T16:16:52+08:00 ] 222.129.190.7 /index.php/Home/Reg/getBaseLanguage
INFO: [ app_init ] --START--
INFO: Run Behavior\BuildLiteBehavior [ RunTime:0.000019s ]
INFO: [ app_init ] --END-- [ RunTime:0.000380s ]
INFO: [ app_begin ] --START--
INFO: Run Behavior\ReadHtmlCacheBehavior [ RunTime:0.000425s ]
INFO: Run Behavior\CheckLangBehavior [ RunTime:0.000479s ]
INFO: [ app_begin ] --END-- [ RunTime:0.000986s ]
SQL: SHOW COLUMNS FROM `yj_language` [ RunTime:0.0007s ]
SQL: SELECT `lid`,`language_name` FROM `yj_language` WHERE ( type=1 )  [ RunTime:0.0003s ]

[ 2015-11-09T16:34:23+08:00 ] 222.129.190.7 /index.php/Home/Reg/getBaseLanguage
INFO: [ app_init ] --START--
INFO: Run Behavior\BuildLiteBehavior [ RunTime:0.000017s ]
INFO: [ app_init ] --END-- [ RunTime:0.000380s ]
INFO: [ app_begin ] --START--
INFO: Run Behavior\ReadHtmlCacheBehavior [ RunTime:0.000467s ]
INFO: Run Behavior\CheckLangBehavior [ RunTime:0.000579s ]
INFO: [ app_begin ] --END-- [ RunTime:0.001135s ]

