[ 2015-11-23T11:04:04+08:00 ] ::1 /yuban/
INFO: [ app_init ] --START--
INFO: Run Behavior\BuildLiteBehavior [ RunTime:0.000000s ]
INFO: [ app_init ] --END-- [ RunTime:0.001000s ]
INFO: [ app_begin ] --START--
INFO: Run Behavior\ReadHtmlCacheBehavior [ RunTime:0.000000s ]
INFO: Run Behavior\CheckLangBehavior [ RunTime:0.000000s ]
INFO: [ app_begin ] --END-- [ RunTime:0.002000s ]
INFO: [ app_end ] --START--
INFO: Run Behavior\ShowPageTraceBehavior [ RunTime:0.001000s ]
INFO: [ app_end ] --END-- [ RunTime:0.001000s ]

[ 2015-11-23T12:30:50+08:00 ] ::1 /yuban/
INFO: [ app_init ] --START--
INFO: Run Behavior\BuildLiteBehavior [ RunTime:0.000000s ]
INFO: [ app_init ] --END-- [ RunTime:0.000000s ]
INFO: [ app_begin ] --START--
INFO: Run Behavior\ReadHtmlCacheBehavior [ RunTime:0.000000s ]
INFO: Run Behavior\CheckLangBehavior [ RunTime:0.001000s ]
INFO: [ app_begin ] --END-- [ RunTime:0.001000s ]
INFO: [ app_end ] --START--
INFO: Run Behavior\ShowPageTraceBehavior [ RunTime:0.000000s ]
INFO: [ app_end ] --END-- [ RunTime:0.001000s ]

[ 2015-11-23T12:32:12+08:00 ] ::1 /yuban/index.php/Home/Passport/login
INFO: [ app_init ] --START--
INFO: Run Behavior\BuildLiteBehavior [ RunTime:0.000000s ]
INFO: [ app_init ] --END-- [ RunTime:0.000000s ]
INFO: [ app_begin ] --START--
INFO: Run Behavior\ReadHtmlCacheBehavior [ RunTime:0.000000s ]
INFO: Run Behavior\CheckLangBehavior [ RunTime:0.001000s ]
INFO: [ app_begin ] --END-- [ RunTime:0.001000s ]
SQL: SHOW COLUMNS FROM `yj_userinfo` [ RunTime:0.0150s ]
SQL: SELECT `uid` FROM `yj_userinfo` WHERE ( mobile="18643627216" ) LIMIT 1   [ RunTime:0.0120s ]
SQL: SELECT * FROM `yj_userinfo` WHERE ( uid=2 ) LIMIT 1   [ RunTime:0.0240s ]
SQL: SHOW COLUMNS FROM `yj_user_language` [ RunTime:0.0200s ]
SQL: SELECT `lid`,`type`,`self_level`,`sys_level` FROM `yj_user_language` WHERE ( uid=2 )  [ RunTime:0.0100s ]
SQL: SHOW COLUMNS FROM `yj_language` [ RunTime:0.0130s ]
SQL: SHOW COLUMNS FROM `yj_user_tags` [ RunTime:0.0100s ]
SQL: SELECT `tid` FROM `yj_user_tags` WHERE ( uid=2 )  [ RunTime:0.0160s ]

[ 2015-11-23T12:32:20+08:00 ] ::1 /yuban/
INFO: [ app_init ] --START--
INFO: Run Behavior\BuildLiteBehavior [ RunTime:0.000000s ]
INFO: [ app_init ] --END-- [ RunTime:0.001000s ]
INFO: [ app_begin ] --START--
INFO: Run Behavior\ReadHtmlCacheBehavior [ RunTime:0.000000s ]
INFO: Run Behavior\CheckLangBehavior [ RunTime:0.001000s ]
INFO: [ app_begin ] --END-- [ RunTime:0.001000s ]
INFO: [ app_end ] --START--
INFO: Run Behavior\ShowPageTraceBehavior [ RunTime:0.000000s ]
INFO: [ app_end ] --END-- [ RunTime:0.000000s ]

[ 2015-11-23T12:36:02+08:00 ] ::1 /yuban/
INFO: [ app_init ] --START--
INFO: Run Behavior\BuildLiteBehavior [ RunTime:0.000000s ]
INFO: [ app_init ] --END-- [ RunTime:0.000000s ]
INFO: [ app_begin ] --START--
INFO: Run Behavior\ReadHtmlCacheBehavior [ RunTime:0.000000s ]
INFO: Run Behavior\CheckLangBehavior [ RunTime:0.001000s ]
INFO: [ app_begin ] --END-- [ RunTime:0.001000s ]
INFO: [ app_end ] --START--
INFO: Run Behavior\ShowPageTraceBehavior [ RunTime:0.001000s ]
INFO: [ app_end ] --END-- [ RunTime:0.001000s ]

[ 2015-11-23T12:36:05+08:00 ] ::1 /yuban/index.php/Home/Passport/login
INFO: [ app_init ] --START--
INFO: Run Behavior\BuildLiteBehavior [ RunTime:0.000000s ]
INFO: [ app_init ] --END-- [ RunTime:0.001000s ]
INFO: [ app_begin ] --START--
INFO: Run Behavior\ReadHtmlCacheBehavior [ RunTime:0.000000s ]
INFO: Run Behavior\CheckLangBehavior [ RunTime:0.000000s ]
INFO: [ app_begin ] --END-- [ RunTime:0.001000s ]
SQL: SHOW COLUMNS FROM `yj_userinfo` [ RunTime:0.0110s ]
SQL: SELECT `uid` FROM `yj_userinfo` WHERE ( mobile="18643627216" ) LIMIT 1   [ RunTime:0.0090s ]
SQL: SELECT * FROM `yj_userinfo` WHERE ( uid=2 ) LIMIT 1   [ RunTime:0.0090s ]
SQL: SHOW COLUMNS FROM `yj_file` [ RunTime:0.0150s ]
SQL: SELECT `savepath`,`savename` FROM `yj_file` WHERE ( id=2 ) LIMIT 1   [ RunTime:0.0150s ]
SQL: SELECT `savepath`,`savename` FROM `yj_file` WHERE ( id=2 ) LIMIT 1   [ RunTime:0.0090s ]
SQL: SHOW COLUMNS FROM `yj_picture` [ RunTime:0.0090s ]
SQL: SELECT `path` FROM `yj_picture` WHERE ( id=4 ) LIMIT 1   [ RunTime:0.0080s ]
SQL: SELECT `path` FROM `yj_picture` WHERE ( id=2 ) LIMIT 1   [ RunTime:0.0070s ]
SQL: SELECT `path` FROM `yj_picture` WHERE ( id=3 ) LIMIT 1   [ RunTime:0.0080s ]
SQL: SHOW COLUMNS FROM `yj_user_language` [ RunTime:0.0100s ]
SQL: SELECT `lid`,`type`,`self_level`,`sys_level` FROM `yj_user_language` WHERE ( uid=2 )  [ RunTime:0.0090s ]
SQL: SHOW COLUMNS FROM `yj_language` [ RunTime:0.0090s ]
SQL: SHOW COLUMNS FROM `yj_user_tags` [ RunTime:0.0150s ]
SQL: SELECT `tid` FROM `yj_user_tags` WHERE ( uid=2 )  [ RunTime:0.0100s ]

[ 2015-11-23T12:36:14+08:00 ] ::1 /yuban/
INFO: [ app_init ] --START--
INFO: Run Behavior\BuildLiteBehavior [ RunTime:0.000000s ]
INFO: [ app_init ] --END-- [ RunTime:0.000000s ]
INFO: [ app_begin ] --START--
INFO: Run Behavior\ReadHtmlCacheBehavior [ RunTime:0.000000s ]
INFO: Run Behavior\CheckLangBehavior [ RunTime:0.000000s ]
INFO: [ app_begin ] --END-- [ RunTime:0.000000s ]
INFO: [ app_end ] --START--
INFO: Run Behavior\ShowPageTraceBehavior [ RunTime:0.000000s ]
INFO: [ app_end ] --END-- [ RunTime:0.000000s ]

[ 2015-11-23T12:38:04+08:00 ] ::1 /yuban/
INFO: [ app_init ] --START--
INFO: Run Behavior\BuildLiteBehavior [ RunTime:0.000000s ]
INFO: [ app_init ] --END-- [ RunTime:0.000000s ]
INFO: [ app_begin ] --START--
INFO: Run Behavior\ReadHtmlCacheBehavior [ RunTime:0.000000s ]
INFO: Run Behavior\CheckLangBehavior [ RunTime:0.001000s ]
INFO: [ app_begin ] --END-- [ RunTime:0.001000s ]
INFO: [ app_end ] --START--
INFO: Run Behavior\ShowPageTraceBehavior [ RunTime:0.000000s ]
INFO: [ app_end ] --END-- [ RunTime:0.000000s ]

[ 2015-11-23T12:38:15+08:00 ] ::1 /yuban/index.php/Home/Passport/login
INFO: [ app_init ] --START--
INFO: Run Behavior\BuildLiteBehavior [ RunTime:0.000000s ]
INFO: [ app_init ] --END-- [ RunTime:0.000000s ]
INFO: [ app_begin ] --START--
INFO: Run Behavior\ReadHtmlCacheBehavior [ RunTime:0.001000s ]
INFO: Run Behavior\CheckLangBehavior [ RunTime:0.000000s ]
INFO: [ app_begin ] --END-- [ RunTime:0.001000s ]
SQL: SHOW COLUMNS FROM `yj_userinfo` [ RunTime:0.0130s ]
SQL: SELECT `uid` FROM `yj_userinfo` WHERE ( mobile="18643627216" ) LIMIT 1   [ RunTime:0.0120s ]
SQL: SELECT * FROM `yj_userinfo` WHERE ( uid=2 ) LIMIT 1   [ RunTime:0.0130s ]
SQL: SHOW COLUMNS FROM `yj_file` [ RunTime:0.0140s ]
SQL: SELECT `savepath`,`savename` FROM `yj_file` WHERE ( id=2 ) LIMIT 1   [ RunTime:0.0090s ]
SQL: SELECT `savepath`,`savename` FROM `yj_file` WHERE ( id=2 ) LIMIT 1   [ RunTime:0.0130s ]
SQL: SHOW COLUMNS FROM `yj_picture` [ RunTime:0.0120s ]
SQL: SELECT `path` FROM `yj_picture` WHERE ( id=4 ) LIMIT 1   [ RunTime:0.0150s ]
SQL: SELECT `path` FROM `yj_picture` WHERE ( id=2 ) LIMIT 1   [ RunTime:0.0130s ]
SQL: SELECT `path` FROM `yj_picture` WHERE ( id=3 ) LIMIT 1   [ RunTime:0.0130s ]
SQL: SHOW COLUMNS FROM `yj_user_language` [ RunTime:0.0140s ]
SQL: SELECT `lid`,`type`,`self_level`,`sys_level` FROM `yj_user_language` WHERE ( uid=2 )  [ RunTime:0.0130s ]
SQL: SHOW COLUMNS FROM `yj_language` [ RunTime:0.0120s ]
SQL: SHOW COLUMNS FROM `yj_user_tags` [ RunTime:0.0110s ]
SQL: SELECT `tid` FROM `yj_user_tags` WHERE ( uid=2 )  [ RunTime:0.0090s ]

[ 2015-11-23T12:38:19+08:00 ] ::1 /yuban/
INFO: [ app_init ] --START--
INFO: Run Behavior\BuildLiteBehavior [ RunTime:0.000000s ]
INFO: [ app_init ] --END-- [ RunTime:0.000000s ]
INFO: [ app_begin ] --START--
INFO: Run Behavior\ReadHtmlCacheBehavior [ RunTime:0.000000s ]
INFO: Run Behavior\CheckLangBehavior [ RunTime:0.000000s ]
INFO: [ app_begin ] --END-- [ RunTime:0.000000s ]
INFO: [ app_end ] --START--
INFO: Run Behavior\ShowPageTraceBehavior [ RunTime:0.000000s ]
INFO: [ app_end ] --END-- [ RunTime:0.000000s ]

[ 2015-11-23T12:40:46+08:00 ] ::1 /yuban/
INFO: [ app_init ] --START--
INFO: Run Behavior\BuildLiteBehavior [ RunTime:0.000000s ]
INFO: [ app_init ] --END-- [ RunTime:0.001000s ]
INFO: [ app_begin ] --START--
INFO: Run Behavior\ReadHtmlCacheBehavior [ RunTime:0.000000s ]
INFO: Run Behavior\CheckLangBehavior [ RunTime:0.001000s ]
INFO: [ app_begin ] --END-- [ RunTime:0.001000s ]
INFO: [ app_end ] --START--
INFO: Run Behavior\ShowPageTraceBehavior [ RunTime:0.000000s ]
INFO: [ app_end ] --END-- [ RunTime:0.000000s ]

[ 2015-11-23T12:41:12+08:00 ] ::1 /yuban/index.php/Home/User/saveInfo
INFO: [ app_init ] --START--
INFO: Run Behavior\BuildLiteBehavior [ RunTime:0.000000s ]
INFO: [ app_init ] --END-- [ RunTime:0.000000s ]
INFO: [ app_begin ] --START--
INFO: Run Behavior\ReadHtmlCacheBehavior [ RunTime:0.000000s ]
INFO: Run Behavior\CheckLangBehavior [ RunTime:0.001000s ]
INFO: [ app_begin ] --END-- [ RunTime:0.001000s ]
NOTIC: [8] Undefined index: User D:\Apache\htdocs\yuban\Apps\Home\Controller\BaseController.class.php 第 29 行.

[ 2015-11-23T12:41:27+08:00 ] ::1 /yuban/index.php/Home/Passport/login
INFO: [ app_init ] --START--
INFO: Run Behavior\BuildLiteBehavior [ RunTime:0.000000s ]
INFO: [ app_init ] --END-- [ RunTime:0.001000s ]
INFO: [ app_begin ] --START--
INFO: Run Behavior\ReadHtmlCacheBehavior [ RunTime:0.000000s ]
INFO: Run Behavior\CheckLangBehavior [ RunTime:0.001000s ]
INFO: [ app_begin ] --END-- [ RunTime:0.001000s ]
SQL: SHOW COLUMNS FROM `yj_userinfo` [ RunTime:0.0100s ]
SQL: SELECT `uid` FROM `yj_userinfo` WHERE ( mobile="18643627216" ) LIMIT 1   [ RunTime:0.0080s ]

[ 2015-11-23T12:42:22+08:00 ] ::1 /yuban/index.php/Home/User/saveInfo
INFO: [ app_init ] --START--
INFO: Run Behavior\BuildLiteBehavior [ RunTime:0.000000s ]
INFO: [ app_init ] --END-- [ RunTime:0.000000s ]
INFO: [ app_begin ] --START--
INFO: Run Behavior\ReadHtmlCacheBehavior [ RunTime:0.001000s ]
INFO: Run Behavior\CheckLangBehavior [ RunTime:0.001000s ]
INFO: [ app_begin ] --END-- [ RunTime:0.002000s ]
NOTIC: [8] Undefined index: User D:\Apache\htdocs\yuban\Apps\Home\Controller\BaseController.class.php 第 29 行.
NOTIC: [8] Undefined variable: o_photo D:\Apache\htdocs\yuban\Apps\Home\Controller\UserController.class.php 第 33 行.
SQL: SHOW COLUMNS FROM `yj_picture` [ RunTime:0.0090s ]
SQL: SELECT `path` FROM `yj_picture` WHERE ( id=2 ) LIMIT 1   [ RunTime:0.0060s ]
SQL: SELECT `path` FROM `yj_picture` WHERE ( id=3 ) LIMIT 1   [ RunTime:0.0130s ]
NOTIC: [2] Missing argument 1 for PinYin::Pinyin(), called in D:\Apache\htdocs\yuban\Apps\Home\Controller\UserController.class.php on line 54 and defined D:\Apache\htdocs\yuban\Apps\Common\Util\PinYin.class.php 第 10 行.
NOTIC: [8] Undefined variable: _String D:\Apache\htdocs\yuban\Apps\Common\Util\PinYin.class.php 第 59 行.
SQL: SHOW COLUMNS FROM `yj_file` [ RunTime:0.0080s ]
SQL: SELECT `savepath`,`savename` FROM `yj_file` WHERE ( id=3 ) LIMIT 1   [ RunTime:0.0080s ]
SQL: SELECT `savepath`,`savename` FROM `yj_file` WHERE ( id=3 ) LIMIT 1   [ RunTime:0.0060s ]
SQL: SHOW COLUMNS FROM `yj_userinfo` [ RunTime:0.0150s ]
SQL: UPDATE `yj_userinfo` SET `headimg`='2,3',`uname`='子越',`first_letter`='Z',`search_key`='子越 ziyue',`intro`='我是个演员',`video_profile`='3',`audio_profile`='3',`province`='241',`city`='372',`location`='中国/北京/东城' WHERE ( uid=2 ) [ RunTime:0.0260s ]
NOTIC: [8] Undefined index: lid D:\Apache\htdocs\yuban\Apps\Home\Controller\UserController.class.php 第 111 行.
NOTIC: [8] Undefined index: self_level D:\Apache\htdocs\yuban\Apps\Home\Controller\UserController.class.php 第 113 行.
SQL: SHOW COLUMNS FROM `yj_user_language` [ RunTime:0.0100s ]
SQL: UPDATE `yj_user_language` SET `lid`='6',`self_level`='3.5' WHERE ( uid=2 ) [ RunTime:0.0300s ]
SQL: SHOW COLUMNS FROM `yj_language` [ RunTime:0.0100s ]
SQL: SHOW COLUMNS FROM `yj_user_tags` [ RunTime:0.0070s ]
SQL: INSERT INTO `yj_user_tags` (`uid`,`tid`) VALUES ('2','1') [ RunTime:0.0190s ]
SQL: SHOW COLUMNS FROM `yj_tags` [ RunTime:0.0070s ]
SQL: SELECT `tid` FROM `yj_user_tags` WHERE ( uid )  [ RunTime:0.0080s ]
NOTIC: [8] Undefined index: photo D:\Apache\htdocs\yuban\Apps\Home\Controller\UserController.class.php 第 174 行.

[ 2015-11-23T12:50:16+08:00 ] ::1 /yuban/
INFO: [ app_init ] --START--
INFO: Run Behavior\BuildLiteBehavior [ RunTime:0.000000s ]
INFO: [ app_init ] --END-- [ RunTime:0.000000s ]
INFO: [ app_begin ] --START--
INFO: Run Behavior\ReadHtmlCacheBehavior [ RunTime:0.000000s ]
INFO: Run Behavior\CheckLangBehavior [ RunTime:0.001001s ]
INFO: [ app_begin ] --END-- [ RunTime:0.002001s ]
INFO: [ app_end ] --START--
INFO: Run Behavior\ShowPageTraceBehavior [ RunTime:0.001000s ]
INFO: [ app_end ] --END-- [ RunTime:0.001000s ]

[ 2015-11-23T12:50:27+08:00 ] ::1 /yuban/
INFO: [ app_init ] --START--
INFO: Run Behavior\BuildLiteBehavior [ RunTime:0.000000s ]
INFO: [ app_init ] --END-- [ RunTime:0.012001s ]
INFO: [ app_begin ] --START--
INFO: Run Behavior\ReadHtmlCacheBehavior [ RunTime:0.001000s ]
INFO: Run Behavior\CheckLangBehavior [ RunTime:0.000000s ]
INFO: [ app_begin ] --END-- [ RunTime:0.001000s ]
INFO: [ app_end ] --START--
INFO: Run Behavior\ShowPageTraceBehavior [ RunTime:0.000000s ]
INFO: [ app_end ] --END-- [ RunTime:0.000000s ]

[ 2015-11-23T12:50:49+08:00 ] ::1 /yuban/index.php/Home/Passport/login
INFO: [ app_init ] --START--
INFO: Run Behavior\BuildLiteBehavior [ RunTime:0.000000s ]
INFO: [ app_init ] --END-- [ RunTime:0.001000s ]
INFO: [ app_begin ] --START--
INFO: Run Behavior\ReadHtmlCacheBehavior [ RunTime:0.000000s ]
INFO: Run Behavior\CheckLangBehavior [ RunTime:0.000000s ]
INFO: [ app_begin ] --END-- [ RunTime:0.000000s ]
SQL: SHOW COLUMNS FROM `yj_userinfo` [ RunTime:0.0250s ]
SQL: SELECT `uid` FROM `yj_userinfo` WHERE ( mobile="18643627216" ) LIMIT 1   [ RunTime:0.0150s ]
SQL: SELECT * FROM `yj_userinfo` WHERE ( uid=2 ) LIMIT 1   [ RunTime:0.0160s ]
SQL: SHOW COLUMNS FROM `yj_file` [ RunTime:0.0160s ]
SQL: SELECT `savepath`,`savename` FROM `yj_file` WHERE ( id=3 ) LIMIT 1   [ RunTime:0.0120s ]
SQL: SELECT `savepath`,`savename` FROM `yj_file` WHERE ( id=3 ) LIMIT 1   [ RunTime:0.0090s ]
SQL: SHOW COLUMNS FROM `yj_picture` [ RunTime:0.0240s ]
SQL: SELECT `path` FROM `yj_picture` WHERE ( id=2 ) LIMIT 1   [ RunTime:0.0100s ]
SQL: SELECT `path` FROM `yj_picture` WHERE ( id=3 ) LIMIT 1   [ RunTime:0.0080s ]
SQL: SHOW COLUMNS FROM `yj_user_language` [ RunTime:0.0100s ]
SQL: SELECT `lid`,`type`,`self_level`,`sys_level` FROM `yj_user_language` WHERE ( uid=2 )  [ RunTime:0.0110s ]
SQL: SHOW COLUMNS FROM `yj_language` [ RunTime:0.0150s ]
SQL: SHOW COLUMNS FROM `yj_user_tags` [ RunTime:0.0120s ]
SQL: SELECT `tid` FROM `yj_user_tags` WHERE ( uid=2 )  [ RunTime:0.0080s ]
SQL: SHOW COLUMNS FROM `yj_tags` [ RunTime:0.0080s ]

[ 2015-11-23T12:51:34+08:00 ] ::1 /yuban/index.php/Home/User/getUserinfo
INFO: [ app_init ] --START--
INFO: Run Behavior\BuildLiteBehavior [ RunTime:0.000000s ]
INFO: [ app_init ] --END-- [ RunTime:0.000000s ]
INFO: [ app_begin ] --START--
INFO: Run Behavior\ReadHtmlCacheBehavior [ RunTime:0.001000s ]
INFO: Run Behavior\CheckLangBehavior [ RunTime:0.000000s ]
INFO: [ app_begin ] --END-- [ RunTime:0.001000s ]
NOTIC: [8] Undefined index: User D:\Apache\htdocs\yuban\Apps\Home\Controller\BaseController.class.php 第 29 行.

[ 2015-11-23T12:51:40+08:00 ] ::1 /yuban/index.php/Home/User/getUserinfo
INFO: [ app_init ] --START--
INFO: Run Behavior\BuildLiteBehavior [ RunTime:0.000000s ]
INFO: [ app_init ] --END-- [ RunTime:0.001000s ]
INFO: [ app_begin ] --START--
INFO: Run Behavior\ReadHtmlCacheBehavior [ RunTime:0.001000s ]
INFO: Run Behavior\CheckLangBehavior [ RunTime:0.000000s ]
INFO: [ app_begin ] --END-- [ RunTime:0.001000s ]
NOTIC: [8] Undefined index: User D:\Apache\htdocs\yuban\Apps\Home\Controller\BaseController.class.php 第 29 行.

[ 2015-11-23T12:52:17+08:00 ] ::1 /yuban/index.php/Home/Passport/login
INFO: [ app_init ] --START--
INFO: Run Behavior\BuildLiteBehavior [ RunTime:0.001000s ]
INFO: [ app_init ] --END-- [ RunTime:0.001000s ]
INFO: [ app_begin ] --START--
INFO: Run Behavior\ReadHtmlCacheBehavior [ RunTime:0.000000s ]
INFO: Run Behavior\CheckLangBehavior [ RunTime:0.001000s ]
INFO: [ app_begin ] --END-- [ RunTime:0.001000s ]
SQL: SHOW COLUMNS FROM `yj_userinfo` [ RunTime:0.0120s ]
SQL: SELECT `uid` FROM `yj_userinfo` WHERE ( mobile="18643627216" ) LIMIT 1   [ RunTime:0.0090s ]

[ 2015-11-23T12:52:36+08:00 ] ::1 /yuban/index.php/Home/User/getUserinfo
INFO: [ app_init ] --START--
INFO: Run Behavior\BuildLiteBehavior [ RunTime:0.000000s ]
INFO: [ app_init ] --END-- [ RunTime:0.000000s ]
INFO: [ app_begin ] --START--
INFO: Run Behavior\ReadHtmlCacheBehavior [ RunTime:0.000000s ]
INFO: Run Behavior\CheckLangBehavior [ RunTime:0.001000s ]
INFO: [ app_begin ] --END-- [ RunTime:0.001000s ]
NOTIC: [8] Undefined index: User D:\Apache\htdocs\yuban\Apps\Home\Controller\BaseController.class.php 第 29 行.

[ 2015-11-23T12:57:16+08:00 ] ::1 /yuban/index.php/Home/User/saveInfo
INFO: [ app_init ] --START--
INFO: Run Behavior\BuildLiteBehavior [ RunTime:0.000000s ]
INFO: [ app_init ] --END-- [ RunTime:0.001000s ]
INFO: [ app_begin ] --START--
INFO: Run Behavior\ReadHtmlCacheBehavior [ RunTime:0.000000s ]
INFO: Run Behavior\CheckLangBehavior [ RunTime:0.001000s ]
INFO: [ app_begin ] --END-- [ RunTime:0.001000s ]
NOTIC: [8] Undefined index: User D:\Apache\htdocs\yuban\Apps\Home\Controller\BaseController.class.php 第 29 行.
NOTIC: [8] Undefined variable: o_photo D:\Apache\htdocs\yuban\Apps\Home\Controller\UserController.class.php 第 33 行.
SQL: SHOW COLUMNS FROM `yj_picture` [ RunTime:0.0110s ]
SQL: SELECT `path` FROM `yj_picture` WHERE ( id=2 ) LIMIT 1   [ RunTime:0.0120s ]
SQL: SELECT `path` FROM `yj_picture` WHERE ( id=4 ) LIMIT 1   [ RunTime:0.0140s ]
NOTIC: [2] Missing argument 1 for PinYin::Pinyin(), called in D:\Apache\htdocs\yuban\Apps\Home\Controller\UserController.class.php on line 54 and defined D:\Apache\htdocs\yuban\Apps\Common\Util\PinYin.class.php 第 10 行.
NOTIC: [8] Undefined variable: _String D:\Apache\htdocs\yuban\Apps\Common\Util\PinYin.class.php 第 59 行.
SQL: SHOW COLUMNS FROM `yj_file` [ RunTime:0.0280s ]
SQL: SELECT `savepath`,`savename` FROM `yj_file` WHERE ( id=2 ) LIMIT 1   [ RunTime:0.0100s ]
SQL: SELECT `savepath`,`savename` FROM `yj_file` WHERE ( id=2 ) LIMIT 1   [ RunTime:0.0620s ]
SQL: SHOW COLUMNS FROM `yj_userinfo` [ RunTime:0.0140s ]
SQL: UPDATE `yj_userinfo` SET `headimg`='2,4',`uname`='子木',`first_letter`='Z',`search_key`='子木 zimu',`video_profile`='2',`audio_profile`='2' WHERE ( uid=2 ) [ RunTime:0.0510s ]
NOTIC: [8] Undefined index: lid D:\Apache\htdocs\yuban\Apps\Home\Controller\UserController.class.php 第 111 行.
NOTIC: [8] Undefined index: self_level D:\Apache\htdocs\yuban\Apps\Home\Controller\UserController.class.php 第 113 行.
SQL: SHOW COLUMNS FROM `yj_user_language` [ RunTime:0.0130s ]
SQL: UPDATE `yj_user_language` SET `lid`='6',`self_level`='3.5' WHERE ( uid=2 ) [ RunTime:0.0580s ]
SQL: SHOW COLUMNS FROM `yj_language` [ RunTime:0.0380s ]
SQL: SHOW COLUMNS FROM `yj_user_tags` [ RunTime:0.0120s ]
SQL: INSERT INTO `yj_user_tags` (`uid`,`tid`) VALUES ('2','2') [ RunTime:0.0250s ]
SQL: SHOW COLUMNS FROM `yj_tags` [ RunTime:0.0120s ]
SQL: SELECT `tid` FROM `yj_user_tags` WHERE ( uid )  [ RunTime:0.0100s ]

[ 2015-11-23T13:00:13+08:00 ] ::1 /yuban/
INFO: [ app_init ] --START--
INFO: Run Behavior\BuildLiteBehavior [ RunTime:0.000000s ]
INFO: [ app_init ] --END-- [ RunTime:0.000000s ]
INFO: [ app_begin ] --START--
INFO: Run Behavior\ReadHtmlCacheBehavior [ RunTime:0.000000s ]
INFO: Run Behavior\CheckLangBehavior [ RunTime:0.001000s ]
INFO: [ app_begin ] --END-- [ RunTime:0.001000s ]
INFO: [ app_end ] --START--
INFO: Run Behavior\ShowPageTraceBehavior [ RunTime:0.000000s ]
INFO: [ app_end ] --END-- [ RunTime:0.000000s ]

[ 2015-11-23T13:03:49+08:00 ] ::1 /yuban/index.php/Home/User/saveInfo
INFO: [ app_init ] --START--
INFO: Run Behavior\BuildLiteBehavior [ RunTime:0.000000s ]
INFO: [ app_init ] --END-- [ RunTime:0.000000s ]
INFO: [ app_begin ] --START--
INFO: Run Behavior\ReadHtmlCacheBehavior [ RunTime:0.001000s ]
INFO: Run Behavior\CheckLangBehavior [ RunTime:0.001000s ]
INFO: [ app_begin ] --END-- [ RunTime:0.003000s ]
NOTIC: [8] Undefined index: User D:\Apache\htdocs\yuban\Apps\Home\Controller\BaseController.class.php 第 29 行.
NOTIC: [8] Undefined variable: o_photo D:\Apache\htdocs\yuban\Apps\Home\Controller\UserController.class.php 第 33 行.
SQL: SHOW COLUMNS FROM `yj_picture` [ RunTime:0.0090s ]
SQL: SELECT `path` FROM `yj_picture` WHERE ( id=2 ) LIMIT 1   [ RunTime:0.0070s ]
SQL: SELECT `path` FROM `yj_picture` WHERE ( id=4 ) LIMIT 1   [ RunTime:0.0090s ]
SQL: SHOW COLUMNS FROM `yj_userinfo` [ RunTime:0.0130s ]
SQL: UPDATE `yj_userinfo` SET `headimg`='2,4' WHERE ( uid=2 ) [ RunTime:0.0430s ]
NOTIC: [8] Undefined variable: language D:\Apache\htdocs\yuban\Apps\Home\Controller\UserController.class.php 第 116 行.
SQL: SHOW COLUMNS FROM `yj_user_tags` [ RunTime:0.0080s ]
SQL: DELETE FROM `yj_user_tags` WHERE ( uid=2 and tid=1 ) [ RunTime:0.0180s ]
SQL: DELETE FROM `yj_user_tags` WHERE ( uid=2 and tid=1 ) [ RunTime:0.0130s ]
SQL: SHOW COLUMNS FROM `yj_tags` [ RunTime:0.0170s ]
SQL: SELECT `tid` FROM `yj_user_tags` WHERE ( uid=2 )  [ RunTime:0.0090s ]

[ 2015-11-23T13:04:24+08:00 ] ::1 /yuban/index.php/Home/User/saveInfo
INFO: [ app_init ] --START--
INFO: Run Behavior\BuildLiteBehavior [ RunTime:0.000000s ]
INFO: [ app_init ] --END-- [ RunTime:0.000000s ]
INFO: [ app_begin ] --START--
INFO: Run Behavior\ReadHtmlCacheBehavior [ RunTime:0.000000s ]
INFO: Run Behavior\CheckLangBehavior [ RunTime:0.001000s ]
INFO: [ app_begin ] --END-- [ RunTime:0.001000s ]
NOTIC: [8] Undefined index: User D:\Apache\htdocs\yuban\Apps\Home\Controller\BaseController.class.php 第 29 行.
NOTIC: [8] Undefined variable: o_photo D:\Apache\htdocs\yuban\Apps\Home\Controller\UserController.class.php 第 33 行.
SQL: SHOW COLUMNS FROM `yj_picture` [ RunTime:0.0280s ]
SQL: SELECT `path` FROM `yj_picture` WHERE ( id=2 ) LIMIT 1   [ RunTime:0.0220s ]
SQL: SELECT `path` FROM `yj_picture` WHERE ( id=4 ) LIMIT 1   [ RunTime:0.0450s ]
SQL: SHOW COLUMNS FROM `yj_userinfo` [ RunTime:0.0100s ]
SQL: UPDATE `yj_userinfo` SET `headimg`='2,4' WHERE ( uid=2 ) [ RunTime:0.0270s ]
SQL: SHOW COLUMNS FROM `yj_user_language` [ RunTime:0.0160s ]
SQL: UPDATE `yj_user_language` SET `lid`='7' WHERE ( uid=2 ) [ RunTime:0.0240s ]
SQL: SELECT `lid`,`type`,`sys_level`,`self_level` FROM `yj_user_language` WHERE ( uid=2 )  [ RunTime:0.0190s ]
SQL: SHOW COLUMNS FROM `yj_language` [ RunTime:0.0100s ]

[ 2015-11-23T14:32:14+08:00 ] ::1 /yuban/index.php/Home/Index/test
INFO: [ app_init ] --START--
INFO: Run Behavior\BuildLiteBehavior [ RunTime:0.000000s ]
INFO: [ app_init ] --END-- [ RunTime:0.000000s ]
INFO: [ app_begin ] --START--
INFO: Run Behavior\ReadHtmlCacheBehavior [ RunTime:0.001000s ]
INFO: Run Behavior\CheckLangBehavior [ RunTime:0.000000s ]
INFO: [ app_begin ] --END-- [ RunTime:0.001000s ]
NOTIC: [8] Undefined index: test D:\Apache\htdocs\yuban\Apps\Home\Controller\BaseController.class.php 第 29 行.

[ 2015-11-23T14:33:20+08:00 ] ::1 /yuban/index.php/Home/Index/test
INFO: [ app_init ] --START--
INFO: Run Behavior\BuildLiteBehavior [ RunTime:0.000000s ]
INFO: [ app_init ] --END-- [ RunTime:0.000000s ]
INFO: [ app_begin ] --START--
INFO: Run Behavior\ReadHtmlCacheBehavior [ RunTime:0.000000s ]
INFO: Run Behavior\CheckLangBehavior [ RunTime:0.001000s ]
INFO: [ app_begin ] --END-- [ RunTime:0.001000s ]
INFO: [ app_end ] --START--
INFO: Run Behavior\ShowPageTraceBehavior [ RunTime:0.000000s ]
INFO: [ app_end ] --END-- [ RunTime:0.000000s ]

