[ 2015-11-14T09:01:42+08:00 ] 183.136.190.62 /
INFO: [ app_init ] --START--
INFO: Run Behavior\BuildLiteBehavior [ RunTime:0.000018s ]
INFO: [ app_init ] --END-- [ RunTime:0.000368s ]
INFO: [ app_begin ] --START--
INFO: Run Behavior\ReadHtmlCacheBehavior [ RunTime:0.000442s ]
INFO: Run Behavior\CheckLangBehavior [ RunTime:0.000495s ]
INFO: [ app_begin ] --END-- [ RunTime:0.001029s ]
INFO: [ app_end ] --START--
INFO: Run Behavior\ShowPageTraceBehavior [ RunTime:0.000473s ]
INFO: [ app_end ] --END-- [ RunTime:0.000554s ]

[ 2015-11-14T09:13:00+08:00 ] 183.136.190.62 /
INFO: [ app_init ] --START--
INFO: Run Behavior\BuildLiteBehavior [ RunTime:0.000016s ]
INFO: [ app_init ] --END-- [ RunTime:0.000328s ]
INFO: [ app_begin ] --START--
INFO: Run Behavior\ReadHtmlCacheBehavior [ RunTime:0.000444s ]
INFO: Run Behavior\CheckLangBehavior [ RunTime:0.000474s ]
INFO: [ app_begin ] --END-- [ RunTime:0.001002s ]
INFO: [ app_end ] --START--
INFO: Run Behavior\ShowPageTraceBehavior [ RunTime:0.000431s ]
INFO: [ app_end ] --END-- [ RunTime:0.000484s ]

[ 2015-11-14T10:01:31+08:00 ] 37.187.73.137 /
INFO: [ app_init ] --START--
INFO: Run Behavior\BuildLiteBehavior [ RunTime:0.000018s ]
INFO: [ app_init ] --END-- [ RunTime:0.000337s ]
INFO: [ app_begin ] --START--
INFO: Run Behavior\ReadHtmlCacheBehavior [ RunTime:0.000404s ]
INFO: Run Behavior\CheckLangBehavior [ RunTime:0.000444s ]
INFO: [ app_begin ] --END-- [ RunTime:0.000929s ]
INFO: [ app_end ] --START--
INFO: Run Behavior\ShowPageTraceBehavior [ RunTime:0.000739s ]
INFO: [ app_end ] --END-- [ RunTime:0.000841s ]

[ 2015-11-14T10:54:21+08:00 ] 121.42.0.34 /
INFO: [ app_init ] --START--
INFO: Run Behavior\BuildLiteBehavior [ RunTime:0.000017s ]
INFO: [ app_init ] --END-- [ RunTime:0.000355s ]
INFO: [ app_begin ] --START--
INFO: Run Behavior\ReadHtmlCacheBehavior [ RunTime:0.000412s ]
INFO: Run Behavior\CheckLangBehavior [ RunTime:0.000468s ]
INFO: [ app_begin ] --END-- [ RunTime:0.000987s ]
INFO: [ app_end ] --START--
INFO: Run Behavior\ShowPageTraceBehavior [ RunTime:0.000448s ]
INFO: [ app_end ] --END-- [ RunTime:0.000501s ]

[ 2015-11-14T13:23:57+08:00 ] 118.187.56.162 /index.php/Home/Reg/getMobileCode
INFO: [ app_init ] --START--
INFO: Run Behavior\BuildLiteBehavior [ RunTime:0.000017s ]
INFO: [ app_init ] --END-- [ RunTime:0.000371s ]
INFO: [ app_begin ] --START--
INFO: Run Behavior\ReadHtmlCacheBehavior [ RunTime:0.000433s ]
INFO: Run Behavior\CheckLangBehavior [ RunTime:0.000569s ]
INFO: [ app_begin ] --END-- [ RunTime:0.001118s ]

[ 2015-11-14T13:26:56+08:00 ] 118.187.56.162 /index.php/Home/Reg/getMobileCode
INFO: [ app_init ] --START--
INFO: Run Behavior\BuildLiteBehavior [ RunTime:0.000016s ]
INFO: [ app_init ] --END-- [ RunTime:0.000367s ]
INFO: [ app_begin ] --START--
INFO: Run Behavior\ReadHtmlCacheBehavior [ RunTime:0.000494s ]
INFO: Run Behavior\CheckLangBehavior [ RunTime:0.000567s ]
INFO: [ app_begin ] --END-- [ RunTime:0.001147s ]

[ 2015-11-14T13:28:20+08:00 ] 117.79.232.1 /
INFO: [ app_init ] --START--
INFO: Run Behavior\BuildLiteBehavior [ RunTime:0.000017s ]
INFO: [ app_init ] --END-- [ RunTime:0.000352s ]
INFO: [ app_begin ] --START--
INFO: Run Behavior\ReadHtmlCacheBehavior [ RunTime:0.000435s ]
INFO: Run Behavior\CheckLangBehavior [ RunTime:0.000572s ]
INFO: [ app_begin ] --END-- [ RunTime:0.001094s ]
INFO: [ app_end ] --START--
INFO: Run Behavior\ShowPageTraceBehavior [ RunTime:0.000492s ]
INFO: [ app_end ] --END-- [ RunTime:0.000545s ]

[ 2015-11-14T13:28:34+08:00 ] 117.79.232.1 /
INFO: [ app_init ] --START--
INFO: Run Behavior\BuildLiteBehavior [ RunTime:0.000016s ]
INFO: [ app_init ] --END-- [ RunTime:0.000352s ]
INFO: [ app_begin ] --START--
INFO: Run Behavior\ReadHtmlCacheBehavior [ RunTime:0.000441s ]
INFO: Run Behavior\CheckLangBehavior [ RunTime:0.000412s ]
INFO: [ app_begin ] --END-- [ RunTime:0.000933s ]
INFO: [ app_end ] --START--
INFO: Run Behavior\ShowPageTraceBehavior [ RunTime:0.000419s ]
INFO: [ app_end ] --END-- [ RunTime:0.000472s ]

[ 2015-11-14T13:29:11+08:00 ] 118.187.56.162 /index.php/Home/Reg/getMobileCode
INFO: [ app_init ] --START--
INFO: Run Behavior\BuildLiteBehavior [ RunTime:0.000017s ]
INFO: [ app_init ] --END-- [ RunTime:0.000354s ]
INFO: [ app_begin ] --START--
INFO: Run Behavior\ReadHtmlCacheBehavior [ RunTime:0.000457s ]
INFO: Run Behavior\CheckLangBehavior [ RunTime:0.000592s ]
INFO: [ app_begin ] --END-- [ RunTime:0.001154s ]

[ 2015-11-14T13:29:16+08:00 ] 118.187.56.162 /index.php/Home/Reg/getMobileCode
INFO: [ app_init ] --START--
INFO: Run Behavior\BuildLiteBehavior [ RunTime:0.000039s ]
INFO: [ app_init ] --END-- [ RunTime:0.000650s ]
INFO: [ app_begin ] --START--
INFO: Run Behavior\ReadHtmlCacheBehavior [ RunTime:0.000499s ]
INFO: Run Behavior\CheckLangBehavior [ RunTime:0.000538s ]
INFO: [ app_begin ] --END-- [ RunTime:0.001138s ]

[ 2015-11-14T13:30:47+08:00 ] 118.187.56.162 /index.php/Home/Reg/getMobileCode
INFO: [ app_init ] --START--
INFO: Run Behavior\BuildLiteBehavior [ RunTime:0.000015s ]
INFO: [ app_init ] --END-- [ RunTime:0.000376s ]
INFO: [ app_begin ] --START--
INFO: Run Behavior\ReadHtmlCacheBehavior [ RunTime:0.000538s ]
INFO: Run Behavior\CheckLangBehavior [ RunTime:0.000528s ]
INFO: [ app_begin ] --END-- [ RunTime:0.001158s ]

[ 2015-11-14T13:32:56+08:00 ] 118.187.56.162 /index.php/Home/Reg/getMobileCode
INFO: [ app_init ] --START--
INFO: Run Behavior\BuildLiteBehavior [ RunTime:0.000016s ]
INFO: [ app_init ] --END-- [ RunTime:0.000347s ]
INFO: [ app_begin ] --START--
INFO: Run Behavior\ReadHtmlCacheBehavior [ RunTime:0.000422s ]
INFO: Run Behavior\CheckLangBehavior [ RunTime:0.000492s ]
INFO: [ app_begin ] --END-- [ RunTime:0.000997s ]

[ 2015-11-14T13:34:04+08:00 ] 118.187.56.162 /index.php/Home/Reg/getMobileCode
INFO: [ app_init ] --START--
INFO: Run Behavior\BuildLiteBehavior [ RunTime:0.000046s ]
INFO: [ app_init ] --END-- [ RunTime:0.000608s ]
INFO: [ app_begin ] --START--
INFO: Run Behavior\ReadHtmlCacheBehavior [ RunTime:0.000488s ]
INFO: Run Behavior\CheckLangBehavior [ RunTime:0.000525s ]
INFO: [ app_begin ] --END-- [ RunTime:0.001098s ]

[ 2015-11-14T13:34:08+08:00 ] 118.187.56.162 /index.php/Home/Reg/getMobileCode
INFO: [ app_init ] --START--
INFO: Run Behavior\BuildLiteBehavior [ RunTime:0.000015s ]
INFO: [ app_init ] --END-- [ RunTime:0.000350s ]
INFO: [ app_begin ] --START--
INFO: Run Behavior\ReadHtmlCacheBehavior [ RunTime:0.000406s ]
INFO: Run Behavior\CheckLangBehavior [ RunTime:0.000505s ]
INFO: [ app_begin ] --END-- [ RunTime:0.000992s ]

[ 2015-11-14T13:34:10+08:00 ] 118.187.56.162 /index.php/Home/Reg/getMobileCode
INFO: [ app_init ] --START--
INFO: Run Behavior\BuildLiteBehavior [ RunTime:0.000016s ]
INFO: [ app_init ] --END-- [ RunTime:0.000442s ]
INFO: [ app_begin ] --START--
INFO: Run Behavior\ReadHtmlCacheBehavior [ RunTime:0.000481s ]
INFO: Run Behavior\CheckLangBehavior [ RunTime:0.000504s ]
INFO: [ app_begin ] --END-- [ RunTime:0.001086s ]

[ 2015-11-14T13:35:33+08:00 ] 118.187.56.162 /index.php/Home/Reg/getMobileCode
INFO: [ app_init ] --START--
INFO: Run Behavior\BuildLiteBehavior [ RunTime:0.000022s ]
INFO: [ app_init ] --END-- [ RunTime:0.000352s ]
INFO: [ app_begin ] --START--
INFO: Run Behavior\ReadHtmlCacheBehavior [ RunTime:0.000444s ]
INFO: Run Behavior\CheckLangBehavior [ RunTime:0.000536s ]
INFO: [ app_begin ] --END-- [ RunTime:0.001067s ]

[ 2015-11-14T13:41:11+08:00 ] 117.79.232.1 /index.php/Home/Reg/getMobileCode
INFO: [ app_init ] --START--
INFO: Run Behavior\BuildLiteBehavior [ RunTime:0.000020s ]
INFO: [ app_init ] --END-- [ RunTime:0.000386s ]
INFO: [ app_begin ] --START--
INFO: Run Behavior\ReadHtmlCacheBehavior [ RunTime:0.000479s ]
INFO: Run Behavior\CheckLangBehavior [ RunTime:0.000576s ]
INFO: [ app_begin ] --END-- [ RunTime:0.001139s ]

[ 2015-11-14T13:43:30+08:00 ] 117.79.232.1 /index.php/Home/Reg/getMobileCode
INFO: [ app_init ] --START--
INFO: Run Behavior\BuildLiteBehavior [ RunTime:0.000017s ]
INFO: [ app_init ] --END-- [ RunTime:0.000338s ]
INFO: [ app_begin ] --START--
INFO: Run Behavior\ReadHtmlCacheBehavior [ RunTime:0.000402s ]
INFO: Run Behavior\CheckLangBehavior [ RunTime:0.000608s ]
INFO: [ app_begin ] --END-- [ RunTime:0.001095s ]

[ 2015-11-14T13:43:32+08:00 ] 117.79.232.1 /index.php/Home/Reg/getMobileCode
INFO: [ app_init ] --START--
INFO: Run Behavior\BuildLiteBehavior [ RunTime:0.000017s ]
INFO: [ app_init ] --END-- [ RunTime:0.000334s ]
INFO: [ app_begin ] --START--
INFO: Run Behavior\ReadHtmlCacheBehavior [ RunTime:0.000398s ]
INFO: Run Behavior\CheckLangBehavior [ RunTime:0.000595s ]
INFO: [ app_begin ] --END-- [ RunTime:0.001076s ]

[ 2015-11-14T13:45:00+08:00 ] 117.79.232.1 /index.php/Home/Reg/getMobileCode
INFO: [ app_init ] --START--
INFO: Run Behavior\BuildLiteBehavior [ RunTime:0.000016s ]
INFO: [ app_init ] --END-- [ RunTime:0.000385s ]
INFO: [ app_begin ] --START--
INFO: Run Behavior\ReadHtmlCacheBehavior [ RunTime:0.000447s ]
INFO: Run Behavior\CheckLangBehavior [ RunTime:0.000551s ]
INFO: [ app_begin ] --END-- [ RunTime:0.001082s ]

[ 2015-11-14T13:46:05+08:00 ] 117.79.232.1 /index.php/Home/Reg/getMobileCode
INFO: [ app_init ] --START--
INFO: Run Behavior\BuildLiteBehavior [ RunTime:0.000016s ]
INFO: [ app_init ] --END-- [ RunTime:0.000330s ]
INFO: [ app_begin ] --START--
INFO: Run Behavior\ReadHtmlCacheBehavior [ RunTime:0.000431s ]
INFO: Run Behavior\CheckLangBehavior [ RunTime:0.000560s ]
INFO: [ app_begin ] --END-- [ RunTime:0.001073s ]

[ 2015-11-14T13:47:02+08:00 ] 118.187.56.162 /index.php/Home/Reg/getMobileCode
INFO: [ app_init ] --START--
INFO: Run Behavior\BuildLiteBehavior [ RunTime:0.000015s ]
INFO: [ app_init ] --END-- [ RunTime:0.000333s ]
INFO: [ app_begin ] --START--
INFO: Run Behavior\ReadHtmlCacheBehavior [ RunTime:0.000400s ]
INFO: Run Behavior\CheckLangBehavior [ RunTime:0.000538s ]
INFO: [ app_begin ] --END-- [ RunTime:0.001024s ]

[ 2015-11-14T13:47:08+08:00 ] 118.187.56.162 /index.php/Home/Reg/getMobileCode
INFO: [ app_init ] --START--
INFO: Run Behavior\BuildLiteBehavior [ RunTime:0.000016s ]
INFO: [ app_init ] --END-- [ RunTime:0.000328s ]
INFO: [ app_begin ] --START--
INFO: Run Behavior\ReadHtmlCacheBehavior [ RunTime:0.000426s ]
INFO: Run Behavior\CheckLangBehavior [ RunTime:0.000502s ]
INFO: [ app_begin ] --END-- [ RunTime:0.001011s ]

[ 2015-11-14T13:47:12+08:00 ] 118.187.56.162 /index.php/Home/Reg/getMobileCode
INFO: [ app_init ] --START--
INFO: Run Behavior\BuildLiteBehavior [ RunTime:0.000016s ]
INFO: [ app_init ] --END-- [ RunTime:0.000347s ]
INFO: [ app_begin ] --START--
INFO: Run Behavior\ReadHtmlCacheBehavior [ RunTime:0.000421s ]
INFO: Run Behavior\CheckLangBehavior [ RunTime:0.000508s ]
INFO: [ app_begin ] --END-- [ RunTime:0.001012s ]

[ 2015-11-14T13:47:35+08:00 ] 118.187.56.162 /index.php/Home/Reg/getMobileCode
INFO: [ app_init ] --START--
INFO: Run Behavior\BuildLiteBehavior [ RunTime:0.000018s ]
INFO: [ app_init ] --END-- [ RunTime:0.000342s ]
INFO: [ app_begin ] --START--
INFO: Run Behavior\ReadHtmlCacheBehavior [ RunTime:0.000407s ]
INFO: Run Behavior\CheckLangBehavior [ RunTime:0.000524s ]
INFO: [ app_begin ] --END-- [ RunTime:0.001013s ]

[ 2015-11-14T13:50:38+08:00 ] 118.187.56.162 /index.php/Home/Reg/getMobileCode
INFO: [ app_init ] --START--
INFO: Run Behavior\BuildLiteBehavior [ RunTime:0.000020s ]
INFO: [ app_init ] --END-- [ RunTime:0.000391s ]
INFO: [ app_begin ] --START--
INFO: Run Behavior\ReadHtmlCacheBehavior [ RunTime:0.000453s ]
INFO: Run Behavior\CheckLangBehavior [ RunTime:0.000571s ]
INFO: [ app_begin ] --END-- [ RunTime:0.001111s ]

[ 2015-11-14T13:50:46+08:00 ] 118.187.56.162 /index.php/Home/Reg/getMobileCode
INFO: [ app_init ] --START--
INFO: Run Behavior\BuildLiteBehavior [ RunTime:0.000016s ]
INFO: [ app_init ] --END-- [ RunTime:0.000325s ]
INFO: [ app_begin ] --START--
INFO: Run Behavior\ReadHtmlCacheBehavior [ RunTime:0.000397s ]
INFO: Run Behavior\CheckLangBehavior [ RunTime:0.000549s ]
INFO: [ app_begin ] --END-- [ RunTime:0.001030s ]

[ 2015-11-14T13:54:21+08:00 ] 118.187.56.162 /index.php/Home/Reg/getMobileCode
INFO: [ app_init ] --START--
INFO: Run Behavior\BuildLiteBehavior [ RunTime:0.000016s ]
INFO: [ app_init ] --END-- [ RunTime:0.000335s ]
INFO: [ app_begin ] --START--
INFO: Run Behavior\ReadHtmlCacheBehavior [ RunTime:0.000416s ]
INFO: Run Behavior\CheckLangBehavior [ RunTime:0.000524s ]
INFO: [ app_begin ] --END-- [ RunTime:0.001025s ]

[ 2015-11-14T13:55:09+08:00 ] 118.187.56.162 /index.php/Home/Reg/getMobileCode
INFO: [ app_init ] --START--
INFO: Run Behavior\BuildLiteBehavior [ RunTime:0.000019s ]
INFO: [ app_init ] --END-- [ RunTime:0.000347s ]
INFO: [ app_begin ] --START--
INFO: Run Behavior\ReadHtmlCacheBehavior [ RunTime:0.000442s ]
INFO: Run Behavior\CheckLangBehavior [ RunTime:0.000547s ]
INFO: [ app_begin ] --END-- [ RunTime:0.001073s ]

[ 2015-11-14T13:57:31+08:00 ] 118.187.56.162 /index.php/Home/Reg/getMobileCode
INFO: [ app_init ] --START--
INFO: Run Behavior\BuildLiteBehavior [ RunTime:0.000016s ]
INFO: [ app_init ] --END-- [ RunTime:0.000333s ]
INFO: [ app_begin ] --START--
INFO: Run Behavior\ReadHtmlCacheBehavior [ RunTime:0.000421s ]
INFO: Run Behavior\CheckLangBehavior [ RunTime:0.000526s ]
INFO: [ app_begin ] --END-- [ RunTime:0.001036s ]

[ 2015-11-14T13:58:39+08:00 ] 117.79.232.1 /index.php/Home/Reg/getMobileCode
INFO: [ app_init ] --START--
INFO: Run Behavior\BuildLiteBehavior [ RunTime:0.000020s ]
INFO: [ app_init ] --END-- [ RunTime:0.000343s ]
INFO: [ app_begin ] --START--
INFO: Run Behavior\ReadHtmlCacheBehavior [ RunTime:0.000406s ]
INFO: Run Behavior\CheckLangBehavior [ RunTime:0.000578s ]
INFO: [ app_begin ] --END-- [ RunTime:0.001066s ]

[ 2015-11-14T14:04:45+08:00 ] 117.79.232.1 /index.php/Home/Index/test
INFO: [ app_init ] --START--
INFO: Run Behavior\BuildLiteBehavior [ RunTime:0.000016s ]
INFO: [ app_init ] --END-- [ RunTime:0.000358s ]
INFO: [ app_begin ] --START--
INFO: Run Behavior\ReadHtmlCacheBehavior [ RunTime:0.000450s ]
INFO: Run Behavior\CheckLangBehavior [ RunTime:0.000413s ]
INFO: [ app_begin ] --END-- [ RunTime:0.000943s ]
INFO: [ app_end ] --START--
INFO: Run Behavior\ShowPageTraceBehavior [ RunTime:0.000462s ]
INFO: [ app_end ] --END-- [ RunTime:0.000543s ]

[ 2015-11-14T14:05:49+08:00 ] 117.79.232.1 /index.php/Home/Index/test
INFO: [ app_init ] --START--
INFO: Run Behavior\BuildLiteBehavior [ RunTime:0.000017s ]
INFO: [ app_init ] --END-- [ RunTime:0.000332s ]
INFO: [ app_begin ] --START--
INFO: Run Behavior\ReadHtmlCacheBehavior [ RunTime:0.000403s ]
INFO: Run Behavior\CheckLangBehavior [ RunTime:0.000486s ]
INFO: [ app_begin ] --END-- [ RunTime:0.000971s ]
INFO: [ app_end ] --START--
INFO: Run Behavior\ShowPageTraceBehavior [ RunTime:0.000420s ]
INFO: [ app_end ] --END-- [ RunTime:0.000471s ]

[ 2015-11-14T14:05:52+08:00 ] 117.79.232.1 /index.php/Home/Index/test
INFO: [ app_init ] --START--
INFO: Run Behavior\BuildLiteBehavior [ RunTime:0.000022s ]
INFO: [ app_init ] --END-- [ RunTime:0.000354s ]
INFO: [ app_begin ] --START--
INFO: Run Behavior\ReadHtmlCacheBehavior [ RunTime:0.000405s ]
INFO: Run Behavior\CheckLangBehavior [ RunTime:0.000441s ]
INFO: [ app_begin ] --END-- [ RunTime:0.000930s ]
INFO: [ app_end ] --START--
INFO: Run Behavior\ShowPageTraceBehavior [ RunTime:0.000421s ]
INFO: [ app_end ] --END-- [ RunTime:0.000472s ]

[ 2015-11-14T14:05:54+08:00 ] 117.79.232.1 /index.php/Home/Index/test
INFO: [ app_init ] --START--
INFO: Run Behavior\BuildLiteBehavior [ RunTime:0.000016s ]
INFO: [ app_init ] --END-- [ RunTime:0.000353s ]
INFO: [ app_begin ] --START--
INFO: Run Behavior\ReadHtmlCacheBehavior [ RunTime:0.000429s ]
INFO: Run Behavior\CheckLangBehavior [ RunTime:0.000468s ]
INFO: [ app_begin ] --END-- [ RunTime:0.000992s ]
INFO: [ app_end ] --START--
INFO: Run Behavior\ShowPageTraceBehavior [ RunTime:0.000519s ]
INFO: [ app_end ] --END-- [ RunTime:0.000571s ]

[ 2015-11-14T14:06:04+08:00 ] 118.187.56.162 /index.php/Home/Reg/getMobileCode
INFO: [ app_init ] --START--
INFO: Run Behavior\BuildLiteBehavior [ RunTime:0.000016s ]
INFO: [ app_init ] --END-- [ RunTime:0.000326s ]
INFO: [ app_begin ] --START--
INFO: Run Behavior\ReadHtmlCacheBehavior [ RunTime:0.000394s ]
INFO: Run Behavior\CheckLangBehavior [ RunTime:0.000557s ]
INFO: [ app_begin ] --END-- [ RunTime:0.001032s ]

[ 2015-11-14T14:06:09+08:00 ] 118.187.56.162 /index.php/Home/Reg/getMobileCode
INFO: [ app_init ] --START--
INFO: Run Behavior\BuildLiteBehavior [ RunTime:0.000016s ]
INFO: [ app_init ] --END-- [ RunTime:0.000346s ]
INFO: [ app_begin ] --START--
INFO: Run Behavior\ReadHtmlCacheBehavior [ RunTime:0.000418s ]
INFO: Run Behavior\CheckLangBehavior [ RunTime:0.000568s ]
INFO: [ app_begin ] --END-- [ RunTime:0.001067s ]

[ 2015-11-14T14:06:16+08:00 ] 118.187.56.162 /index.php/Home/Reg/getMobileCode
INFO: [ app_init ] --START--
INFO: Run Behavior\BuildLiteBehavior [ RunTime:0.000017s ]
INFO: [ app_init ] --END-- [ RunTime:0.000347s ]
INFO: [ app_begin ] --START--
INFO: Run Behavior\ReadHtmlCacheBehavior [ RunTime:0.000460s ]
INFO: Run Behavior\CheckLangBehavior [ RunTime:0.000551s ]
INFO: [ app_begin ] --END-- [ RunTime:0.001107s ]

[ 2015-11-14T14:06:33+08:00 ] 117.79.232.1 /index.php/Home/Index/test
INFO: [ app_init ] --START--
INFO: Run Behavior\BuildLiteBehavior [ RunTime:0.000021s ]
INFO: [ app_init ] --END-- [ RunTime:0.000370s ]
INFO: [ app_begin ] --START--
INFO: Run Behavior\ReadHtmlCacheBehavior [ RunTime:0.000444s ]
INFO: Run Behavior\CheckLangBehavior [ RunTime:0.000415s ]
INFO: [ app_begin ] --END-- [ RunTime:0.000942s ]
INFO: [ app_end ] --START--
INFO: Run Behavior\ShowPageTraceBehavior [ RunTime:0.000517s ]
INFO: [ app_end ] --END-- [ RunTime:0.000568s ]

[ 2015-11-14T14:22:47+08:00 ] 117.79.232.1 /index.php/Home/Reg/getMobileCode
INFO: [ app_init ] --START--
INFO: Run Behavior\BuildLiteBehavior [ RunTime:0.000018s ]
INFO: [ app_init ] --END-- [ RunTime:0.000339s ]
INFO: [ app_begin ] --START--
INFO: Run Behavior\ReadHtmlCacheBehavior [ RunTime:0.000408s ]
INFO: Run Behavior\CheckLangBehavior [ RunTime:0.000504s ]
INFO: [ app_begin ] --END-- [ RunTime:0.000994s ]

[ 2015-11-14T14:26:51+08:00 ] 117.79.232.1 /index.php/Home/Index/test
INFO: [ app_init ] --START--
INFO: Run Behavior\BuildLiteBehavior [ RunTime:0.000017s ]
INFO: [ app_init ] --END-- [ RunTime:0.000352s ]
INFO: [ app_begin ] --START--
INFO: Run Behavior\ReadHtmlCacheBehavior [ RunTime:0.000429s ]
INFO: Run Behavior\CheckLangBehavior [ RunTime:0.000412s ]
INFO: [ app_begin ] --END-- [ RunTime:0.000931s ]
INFO: [ app_end ] --START--
INFO: Run Behavior\ShowPageTraceBehavior [ RunTime:0.000445s ]
INFO: [ app_end ] --END-- [ RunTime:0.000496s ]

[ 2015-11-14T14:43:44+08:00 ] 42.96.133.35 /index.php/Home/Reg/getMobileCode?atool_timestamp=1447483423
INFO: [ app_init ] --START--
INFO: Run Behavior\BuildLiteBehavior [ RunTime:0.000018s ]
INFO: [ app_init ] --END-- [ RunTime:0.000344s ]
INFO: [ app_begin ] --START--
INFO: Run Behavior\ReadHtmlCacheBehavior [ RunTime:0.000398s ]
INFO: Run Behavior\CheckLangBehavior [ RunTime:0.000506s ]
INFO: [ app_begin ] --END-- [ RunTime:0.000985s ]

[ 2015-11-14T14:44:13+08:00 ] 42.96.133.35 /index.php/Home/Reg/getMobileCode?atool_timestamp=1447483453
INFO: [ app_init ] --START--
INFO: Run Behavior\BuildLiteBehavior [ RunTime:0.000018s ]
INFO: [ app_init ] --END-- [ RunTime:0.000372s ]
INFO: [ app_begin ] --START--
INFO: Run Behavior\ReadHtmlCacheBehavior [ RunTime:0.000442s ]
INFO: Run Behavior\CheckLangBehavior [ RunTime:0.000503s ]
INFO: [ app_begin ] --END-- [ RunTime:0.001029s ]

[ 2015-11-14T14:50:33+08:00 ] 118.187.56.162 /index.php/Home/Reg/getMobileCode
INFO: [ app_init ] --START--
INFO: Run Behavior\BuildLiteBehavior [ RunTime:0.000016s ]
INFO: [ app_init ] --END-- [ RunTime:0.000393s ]
INFO: [ app_begin ] --START--
INFO: Run Behavior\ReadHtmlCacheBehavior [ RunTime:0.000396s ]
INFO: Run Behavior\CheckLangBehavior [ RunTime:0.000579s ]
INFO: [ app_begin ] --END-- [ RunTime:0.001058s ]

[ 2015-11-14T14:51:12+08:00 ] 118.187.56.162 /index.php/Home/Reg/getMobileCode
INFO: [ app_init ] --START--
INFO: Run Behavior\BuildLiteBehavior [ RunTime:0.000017s ]
INFO: [ app_init ] --END-- [ RunTime:0.000329s ]
INFO: [ app_begin ] --START--
INFO: Run Behavior\ReadHtmlCacheBehavior [ RunTime:0.000456s ]
INFO: Run Behavior\CheckLangBehavior [ RunTime:0.000640s ]
INFO: [ app_begin ] --END-- [ RunTime:0.001180s ]

[ 2015-11-14T14:51:35+08:00 ] 118.187.56.162 /index.php/Home/Reg/getMobileCode
INFO: [ app_init ] --START--
INFO: Run Behavior\BuildLiteBehavior [ RunTime:0.000016s ]
INFO: [ app_init ] --END-- [ RunTime:0.000349s ]
INFO: [ app_begin ] --START--
INFO: Run Behavior\ReadHtmlCacheBehavior [ RunTime:0.000428s ]
INFO: Run Behavior\CheckLangBehavior [ RunTime:0.000543s ]
INFO: [ app_begin ] --END-- [ RunTime:0.001056s ]

[ 2015-11-14T14:51:58+08:00 ] 117.79.232.1 /index.php/Home/Index/test
INFO: [ app_init ] --START--
INFO: Run Behavior\BuildLiteBehavior [ RunTime:0.000024s ]
INFO: [ app_init ] --END-- [ RunTime:0.000361s ]
INFO: [ app_begin ] --START--
INFO: Run Behavior\ReadHtmlCacheBehavior [ RunTime:0.000437s ]
INFO: Run Behavior\CheckLangBehavior [ RunTime:0.000498s ]
INFO: [ app_begin ] --END-- [ RunTime:0.001019s ]
INFO: [ app_end ] --START--
INFO: Run Behavior\ShowPageTraceBehavior [ RunTime:0.000467s ]
INFO: [ app_end ] --END-- [ RunTime:0.000526s ]

[ 2015-11-14T14:56:52+08:00 ] 118.187.56.162 /index.php/Home/Reg/getMobileCode
INFO: [ app_init ] --START--
INFO: Run Behavior\BuildLiteBehavior [ RunTime:0.000016s ]
INFO: [ app_init ] --END-- [ RunTime:0.000359s ]
INFO: [ app_begin ] --START--
INFO: Run Behavior\ReadHtmlCacheBehavior [ RunTime:0.000448s ]
INFO: Run Behavior\CheckLangBehavior [ RunTime:0.000552s ]
INFO: [ app_begin ] --END-- [ RunTime:0.001122s ]

[ 2015-11-14T15:03:44+08:00 ] 118.187.56.162 /index.php/Home/Reg/getMobileCode
INFO: [ app_init ] --START--
INFO: Run Behavior\BuildLiteBehavior [ RunTime:0.000016s ]
INFO: [ app_init ] --END-- [ RunTime:0.000343s ]
INFO: [ app_begin ] --START--
INFO: Run Behavior\ReadHtmlCacheBehavior [ RunTime:0.000408s ]
INFO: Run Behavior\CheckLangBehavior [ RunTime:0.000633s ]
INFO: [ app_begin ] --END-- [ RunTime:0.001125s ]

[ 2015-11-14T16:18:03+08:00 ] 184.105.247.195 /
INFO: [ app_init ] --START--
INFO: Run Behavior\BuildLiteBehavior [ RunTime:0.000018s ]
INFO: [ app_init ] --END-- [ RunTime:0.000382s ]
INFO: [ app_begin ] --START--
INFO: Run Behavior\ReadHtmlCacheBehavior [ RunTime:0.000425s ]
INFO: Run Behavior\CheckLangBehavior [ RunTime:0.000400s ]
INFO: [ app_begin ] --END-- [ RunTime:0.000909s ]
INFO: [ app_end ] --START--
INFO: Run Behavior\ShowPageTraceBehavior [ RunTime:0.000426s ]
INFO: [ app_end ] --END-- [ RunTime:0.000480s ]

[ 2015-11-14T16:27:51+08:00 ] 184.105.247.195 /
INFO: [ app_init ] --START--
INFO: Run Behavior\BuildLiteBehavior [ RunTime:0.000020s ]
INFO: [ app_init ] --END-- [ RunTime:0.000335s ]
INFO: [ app_begin ] --START--
INFO: Run Behavior\ReadHtmlCacheBehavior [ RunTime:0.000402s ]
INFO: Run Behavior\CheckLangBehavior [ RunTime:0.000463s ]
INFO: [ app_begin ] --END-- [ RunTime:0.000948s ]
INFO: [ app_end ] --START--
INFO: Run Behavior\ShowPageTraceBehavior [ RunTime:0.000470s ]
INFO: [ app_end ] --END-- [ RunTime:0.000524s ]

[ 2015-11-14T18:35:08+08:00 ] 114.240.190.222 /index.php/Home/Reg/getMobileCode
INFO: [ app_init ] --START--
INFO: Run Behavior\BuildLiteBehavior [ RunTime:0.000017s ]
INFO: [ app_init ] --END-- [ RunTime:0.000369s ]
INFO: [ app_begin ] --START--
INFO: Run Behavior\ReadHtmlCacheBehavior [ RunTime:0.000436s ]
INFO: Run Behavior\CheckLangBehavior [ RunTime:0.000551s ]
INFO: [ app_begin ] --END-- [ RunTime:0.001070s ]

[ 2015-11-14T18:36:52+08:00 ] 114.240.190.222 /index.php/Home/Reg/getMobileCode
INFO: [ app_init ] --START--
INFO: Run Behavior\BuildLiteBehavior [ RunTime:0.000018s ]
INFO: [ app_init ] --END-- [ RunTime:0.000386s ]
INFO: [ app_begin ] --START--
INFO: Run Behavior\ReadHtmlCacheBehavior [ RunTime:0.000401s ]
INFO: Run Behavior\CheckLangBehavior [ RunTime:0.000522s ]
INFO: [ app_begin ] --END-- [ RunTime:0.001034s ]

[ 2015-11-14T18:37:37+08:00 ] 114.240.190.222 /index.php/Home/Reg/getMobileCode
INFO: [ app_init ] --START--
INFO: Run Behavior\BuildLiteBehavior [ RunTime:0.000016s ]
INFO: [ app_init ] --END-- [ RunTime:0.000351s ]
INFO: [ app_begin ] --START--
INFO: Run Behavior\ReadHtmlCacheBehavior [ RunTime:0.000500s ]
INFO: Run Behavior\CheckLangBehavior [ RunTime:0.000543s ]
INFO: [ app_begin ] --END-- [ RunTime:0.001127s ]

[ 2015-11-14T19:49:53+08:00 ] 117.79.232.1 /
INFO: [ app_init ] --START--
INFO: Run Behavior\BuildLiteBehavior [ RunTime:0.000017s ]
INFO: [ app_init ] --END-- [ RunTime:0.000345s ]
INFO: [ app_begin ] --START--
INFO: Run Behavior\ReadHtmlCacheBehavior [ RunTime:0.000454s ]
INFO: Run Behavior\CheckLangBehavior [ RunTime:0.000469s ]
INFO: [ app_begin ] --END-- [ RunTime:0.001004s ]
INFO: [ app_end ] --START--
INFO: Run Behavior\ShowPageTraceBehavior [ RunTime:0.000433s ]
INFO: [ app_end ] --END-- [ RunTime:0.000486s ]

