[ 2015-12-15T15:36:49+08:00 ] ::1 /yuban/index.php/Home/Passport/login
INFO: [ app_init ] --START--
INFO: Run Behavior\BuildLiteBehavior [ RunTime:0.001000s ]
INFO: [ app_init ] --END-- [ RunTime:0.004000s ]
INFO: [ app_begin ] --START--
INFO: Run Behavior\ReadHtmlCacheBehavior [ RunTime:0.013001s ]
INFO: Run Behavior\CheckLangBehavior [ RunTime:0.024002s ]
INFO: [ app_begin ] --END-- [ RunTime:0.037003s ]
SQL: SHOW COLUMNS FROM `yj_userinfo` [ RunTime:0.0100s ]
SQL: SELECT `uid` FROM `yj_userinfo` WHERE ( mobile="18643627216" ) LIMIT 1   [ RunTime:0.0100s ]

[ 2015-12-15T15:36:55+08:00 ] ::1 /yuban/index.php/Home/Index/test
INFO: [ app_init ] --START--
INFO: Run Behavior\BuildLiteBehavior [ RunTime:0.000000s ]
INFO: [ app_init ] --END-- [ RunTime:0.001000s ]
INFO: [ app_begin ] --START--
INFO: Run Behavior\ReadHtmlCacheBehavior [ RunTime:0.001000s ]
INFO: Run Behavior\CheckLangBehavior [ RunTime:0.000000s ]
INFO: [ app_begin ] --END-- [ RunTime:0.001000s ]
INFO: [ app_end ] --START--
INFO: Run Behavior\ShowPageTraceBehavior [ RunTime:0.017001s ]
INFO: [ app_end ] --END-- [ RunTime:0.017001s ]

[ 2015-12-15T15:37:50+08:00 ] ::1 /yuban/index.php/Home/Square/charts
INFO: [ app_init ] --START--
INFO: Run Behavior\BuildLiteBehavior [ RunTime:0.000000s ]
INFO: [ app_init ] --END-- [ RunTime:0.001000s ]
INFO: [ app_begin ] --START--
INFO: Run Behavior\ReadHtmlCacheBehavior [ RunTime:0.001000s ]
INFO: Run Behavior\CheckLangBehavior [ RunTime:0.000000s ]
INFO: [ app_begin ] --END-- [ RunTime:0.001000s ]
NOTIC: [8] Undefined index: charts D:\Apache\htdocs\yuban\Apps\Home\Controller\BaseController.class.php 第 25 行.
SQL: SHOW COLUMNS FROM `yj_userinfo` [ RunTime:0.0110s ]
SQL: SELECT COUNT(uid) AS tp_count FROM `yj_userinfo` LIMIT 1   [ RunTime:0.0110s ]
SQL: SELECT `uid` FROM `yj_userinfo` ORDER BY spoken_long desc ,level desc LIMIT 0,10   [ RunTime:0.0140s ]
NOTIC: [8] Undefined offset: 0 D:\Apache\htdocs\yuban\Apps\Home\Controller\SquareController.class.php 第 148 行.
NOTIC: [8] Undefined offset: 0 D:\Apache\htdocs\yuban\Apps\Home\Controller\SquareController.class.php 第 148 行.
NOTIC: [8] Undefined offset: 0 D:\Apache\htdocs\yuban\Apps\Home\Controller\SquareController.class.php 第 148 行.
NOTIC: [8] Undefined offset: 0 D:\Apache\htdocs\yuban\Apps\Home\Controller\SquareController.class.php 第 148 行.
NOTIC: [8] Undefined offset: 1 D:\Apache\htdocs\yuban\Apps\Home\Controller\SquareController.class.php 第 143 行.
NOTIC: [8] Undefined offset: 0 D:\Apache\htdocs\yuban\Apps\Home\Controller\SquareController.class.php 第 148 行.

