[ 2015-12-07T10:39:59+08:00 ] ::1 /yuban/index.php/Home/Passport/ologin
INFO: [ app_init ] --START--
INFO: Run Behavior\BuildLiteBehavior [ RunTime:0.000000s ]
INFO: [ app_init ] --END-- [ RunTime:0.001000s ]
INFO: [ app_begin ] --START--
INFO: Run Behavior\ReadHtmlCacheBehavior [ RunTime:0.001000s ]
INFO: Run Behavior\CheckLangBehavior [ RunTime:0.001000s ]
INFO: [ app_begin ] --END-- [ RunTime:0.002000s ]
ERR: Redis server went away

[ 2015-12-07T10:40:25+08:00 ] ::1 /yuban/index.php/Home/Passport/ologin
INFO: [ app_init ] --START--
INFO: Run Behavior\BuildLiteBehavior [ RunTime:0.000000s ]
INFO: [ app_init ] --END-- [ RunTime:0.001000s ]
INFO: [ app_begin ] --START--
INFO: Run Behavior\ReadHtmlCacheBehavior [ RunTime:0.001000s ]
INFO: Run Behavior\CheckLangBehavior [ RunTime:0.000000s ]
INFO: [ app_begin ] --END-- [ RunTime:0.001000s ]

[ 2015-12-07T10:42:08+08:00 ] ::1 /yuban/index.php/Home/Passport/ologin
INFO: [ app_init ] --START--
INFO: Run Behavior\BuildLiteBehavior [ RunTime:0.000000s ]
INFO: [ app_init ] --END-- [ RunTime:0.000000s ]
INFO: [ app_begin ] --START--
INFO: Run Behavior\ReadHtmlCacheBehavior [ RunTime:0.000000s ]
INFO: Run Behavior\CheckLangBehavior [ RunTime:0.001000s ]
INFO: [ app_begin ] --END-- [ RunTime:0.001000s ]
SQL: SHOW COLUMNS FROM `yj_user_ologin` [ RunTime:0.1840s ]
SQL: SELECT `uid` FROM `yj_user_ologin` WHERE ( type="wx" and unionid="3" ) LIMIT 1   [ RunTime:0.0090s ]

[ 2015-12-07T10:43:55+08:00 ] ::1 /yuban/index.php/Home/Passport/ologin
INFO: [ app_init ] --START--
INFO: Run Behavior\BuildLiteBehavior [ RunTime:0.000000s ]
INFO: [ app_init ] --END-- [ RunTime:0.000000s ]
INFO: [ app_begin ] --START--
INFO: Run Behavior\ReadHtmlCacheBehavior [ RunTime:0.000000s ]
INFO: Run Behavior\CheckLangBehavior [ RunTime:0.001000s ]
INFO: [ app_begin ] --END-- [ RunTime:0.001000s ]
SQL: SHOW COLUMNS FROM `yj_user_ologin` [ RunTime:0.0300s ]
SQL: SELECT `uid` FROM `yj_user_ologin` WHERE ( type="wx" and unionid="3" ) LIMIT 1   [ RunTime:0.0120s ]
NOTIC: [8] Undefined variable: flag D:\Apache\htdocs\yuban\Apps\Home\Controller\PassportController.class.php 第 138 行.
NOTIC: [8] Undefined variable: flag D:\Apache\htdocs\yuban\Apps\Home\Controller\PassportController.class.php 第 149 行.
NOTIC: [8] Undefined offset: 0 D:\Apache\htdocs\yuban\Apps\Home\Controller\PassportController.class.php 第 153 行.
NOTIC: [8] Undefined variable: flag D:\Apache\htdocs\yuban\Apps\Home\Controller\PassportController.class.php 第 159 行.

[ 2015-12-07T10:45:25+08:00 ] ::1 /yuban/index.php/Home/Passport/ologin
INFO: [ app_init ] --START--
INFO: Run Behavior\BuildLiteBehavior [ RunTime:0.000000s ]
INFO: [ app_init ] --END-- [ RunTime:0.001000s ]
INFO: [ app_begin ] --START--
INFO: Run Behavior\ReadHtmlCacheBehavior [ RunTime:0.001000s ]
INFO: Run Behavior\CheckLangBehavior [ RunTime:0.001000s ]
INFO: [ app_begin ] --END-- [ RunTime:0.002000s ]

[ 2015-12-07T10:45:44+08:00 ] ::1 /yuban/index.php/Home/Passport/ologin
INFO: [ app_init ] --START--
INFO: Run Behavior\BuildLiteBehavior [ RunTime:0.000000s ]
INFO: [ app_init ] --END-- [ RunTime:0.001000s ]
INFO: [ app_begin ] --START--
INFO: Run Behavior\ReadHtmlCacheBehavior [ RunTime:0.001000s ]
INFO: Run Behavior\CheckLangBehavior [ RunTime:0.002000s ]
INFO: [ app_begin ] --END-- [ RunTime:0.003000s ]
SQL: SHOW COLUMNS FROM `yj_user_ologin` [ RunTime:15.0609s ]
SQL: SELECT `uid` FROM `yj_user_ologin` WHERE ( type="wx" and unionid="3" ) LIMIT 1   [ RunTime:0.0090s ]
NOTIC: [8] Undefined variable: flag D:\Apache\htdocs\yuban\Apps\Home\Controller\PassportController.class.php 第 136 行.
NOTIC: [8] Undefined variable: flag D:\Apache\htdocs\yuban\Apps\Home\Controller\PassportController.class.php 第 147 行.
NOTIC: [8] Undefined offset: 0 D:\Apache\htdocs\yuban\Apps\Home\Controller\PassportController.class.php 第 151 行.

[ 2015-12-07T10:46:38+08:00 ] ::1 /yuban/index.php/Home/Passport/ologin
INFO: [ app_init ] --START--
INFO: Run Behavior\BuildLiteBehavior [ RunTime:0.000000s ]
INFO: [ app_init ] --END-- [ RunTime:0.000000s ]
INFO: [ app_begin ] --START--
INFO: Run Behavior\ReadHtmlCacheBehavior [ RunTime:0.001000s ]
INFO: Run Behavior\CheckLangBehavior [ RunTime:0.001000s ]
INFO: [ app_begin ] --END-- [ RunTime:0.002000s ]

[ 2015-12-07T10:47:05+08:00 ] ::1 /yuban/index.php/Home/Passport/ologin
INFO: [ app_init ] --START--
INFO: Run Behavior\BuildLiteBehavior [ RunTime:0.000000s ]
INFO: [ app_init ] --END-- [ RunTime:0.000000s ]
INFO: [ app_begin ] --START--
INFO: Run Behavior\ReadHtmlCacheBehavior [ RunTime:0.001000s ]
INFO: Run Behavior\CheckLangBehavior [ RunTime:0.002000s ]
INFO: [ app_begin ] --END-- [ RunTime:0.003000s ]

[ 2015-12-07T10:47:26+08:00 ] ::1 /yuban/index.php/Home/Passport/ologin
INFO: [ app_init ] --START--
INFO: Run Behavior\BuildLiteBehavior [ RunTime:0.000000s ]
INFO: [ app_init ] --END-- [ RunTime:0.000000s ]
INFO: [ app_begin ] --START--
INFO: Run Behavior\ReadHtmlCacheBehavior [ RunTime:0.001000s ]
INFO: Run Behavior\CheckLangBehavior [ RunTime:0.002001s ]
INFO: [ app_begin ] --END-- [ RunTime:0.003001s ]
SQL: SHOW COLUMNS FROM `yj_user_ologin` [ RunTime:0.7690s ]
SQL: SELECT `uid` FROM `yj_user_ologin` WHERE ( type="wx" and unionid="3" ) LIMIT 1   [ RunTime:0.0180s ]

[ 2015-12-07T10:47:57+08:00 ] ::1 /yuban/index.php/Home/Passport/ologin
INFO: [ app_init ] --START--
INFO: Run Behavior\BuildLiteBehavior [ RunTime:0.000000s ]
INFO: [ app_init ] --END-- [ RunTime:0.000000s ]
INFO: [ app_begin ] --START--
INFO: Run Behavior\ReadHtmlCacheBehavior [ RunTime:0.001000s ]
INFO: Run Behavior\CheckLangBehavior [ RunTime:0.000000s ]
INFO: [ app_begin ] --END-- [ RunTime:0.001000s ]
SQL: SHOW COLUMNS FROM `yj_user_ologin` [ RunTime:0.0120s ]
SQL: SELECT `uid` FROM `yj_user_ologin` WHERE ( type="wx" and unionid="3" ) LIMIT 1   [ RunTime:0.0130s ]

[ 2015-12-07T10:49:33+08:00 ] ::1 /yuban/index.php/Home/Passport/ologin
INFO: [ app_init ] --START--
INFO: Run Behavior\BuildLiteBehavior [ RunTime:0.000000s ]
INFO: [ app_init ] --END-- [ RunTime:0.000000s ]
INFO: [ app_begin ] --START--
INFO: Run Behavior\ReadHtmlCacheBehavior [ RunTime:0.001000s ]
INFO: Run Behavior\CheckLangBehavior [ RunTime:0.000000s ]
INFO: [ app_begin ] --END-- [ RunTime:0.001000s ]
SQL: SHOW COLUMNS FROM `yj_user_ologin` [ RunTime:0.7180s ]
SQL: SELECT `uid` FROM `yj_user_ologin` WHERE ( type="wx" and unionid="3" ) LIMIT 1   [ RunTime:0.0100s ]
NOTIC: [8] Undefined variable: flag D:\Apache\htdocs\yuban\Apps\Home\Controller\PassportController.class.php 第 148 行.
NOTIC: [8] Undefined offset: 0 D:\Apache\htdocs\yuban\Apps\Home\Controller\PassportController.class.php 第 152 行.

[ 2015-12-07T15:33:42+08:00 ] ::1 /yuban/index.php/Home/Ad/getAd
INFO: [ app_init ] --START--
INFO: Run Behavior\BuildLiteBehavior [ RunTime:0.000000s ]
INFO: [ app_init ] --END-- [ RunTime:0.001000s ]
INFO: [ app_begin ] --START--
INFO: Run Behavior\ReadHtmlCacheBehavior [ RunTime:0.000000s ]
INFO: Run Behavior\CheckLangBehavior [ RunTime:0.001000s ]
INFO: [ app_begin ] --END-- [ RunTime:0.001000s ]

[ 2015-12-07T15:34:07+08:00 ] ::1 /yuban/index.php/Home/Ad/getAd
INFO: [ app_init ] --START--
INFO: Run Behavior\BuildLiteBehavior [ RunTime:0.000000s ]
INFO: [ app_init ] --END-- [ RunTime:0.000000s ]
INFO: [ app_begin ] --START--
INFO: Run Behavior\ReadHtmlCacheBehavior [ RunTime:0.001000s ]
INFO: Run Behavior\CheckLangBehavior [ RunTime:0.001000s ]
INFO: [ app_begin ] --END-- [ RunTime:0.002000s ]
SQL: SHOW COLUMNS FROM `yj_ad` [ RunTime:0.0200s ]
ERR: Think\Model:getAd方法不存在！

[ 2015-12-07T15:36:41+08:00 ] ::1 /yuban/index.php/Home/Ad/getAd
INFO: [ app_init ] --START--
INFO: Run Behavior\BuildLiteBehavior [ RunTime:0.000000s ]
INFO: [ app_init ] --END-- [ RunTime:0.001000s ]
INFO: [ app_begin ] --START--
INFO: Run Behavior\ReadHtmlCacheBehavior [ RunTime:0.000000s ]
INFO: Run Behavior\CheckLangBehavior [ RunTime:0.001000s ]
INFO: [ app_begin ] --END-- [ RunTime:0.001000s ]
SQL: SHOW COLUMNS FROM `yj_ad` [ RunTime:0.0110s ]
ERR: 1064:You have an error in your SQL syntax; check the manual that corresponds to your MySQL server version for the right syntax to use near 'aid Desc LIMIT 10' at line 1
 [ SQL语句 ] : SELECT `pic`,`url` FROM `yj_ad` WHERE ( is_del = 0 and type=yuban_slide ) ORDER BY sort Desc aid Desc LIMIT 10  
ERR: 1064:You have an error in your SQL syntax; check the manual that corresponds to your MySQL server version for the right syntax to use near 'aid Desc LIMIT 10' at line 1
 [ SQL语句 ] : SELECT `pic`,`url` FROM `yj_ad` WHERE ( is_del = 0 and type=yuban_slide ) ORDER BY sort Desc aid Desc LIMIT 10  

[ 2015-12-07T15:38:48+08:00 ] ::1 /yuban/index.php/Home/Ad/getAd
INFO: [ app_init ] --START--
INFO: Run Behavior\BuildLiteBehavior [ RunTime:0.000000s ]
INFO: [ app_init ] --END-- [ RunTime:0.000000s ]
INFO: [ app_begin ] --START--
INFO: Run Behavior\ReadHtmlCacheBehavior [ RunTime:0.001001s ]
INFO: Run Behavior\CheckLangBehavior [ RunTime:0.000000s ]
INFO: [ app_begin ] --END-- [ RunTime:0.001001s ]
SQL: SHOW COLUMNS FROM `yj_ad` [ RunTime:0.0320s ]
ERR: 1064:You have an error in your SQL syntax; check the manual that corresponds to your MySQL server version for the right syntax to use near 'aid Desc LIMIT 10' at line 1
 [ SQL语句 ] : SELECT `pic`,`url` FROM `yj_ad` WHERE ( is_del = 0 and type=yuban_slide ) ORDER BY sort Desc aid Desc LIMIT 10  
ERR: 1064:You have an error in your SQL syntax; check the manual that corresponds to your MySQL server version for the right syntax to use near 'aid Desc LIMIT 10' at line 1
 [ SQL语句 ] : SELECT `pic`,`url` FROM `yj_ad` WHERE ( is_del = 0 and type=yuban_slide ) ORDER BY sort Desc aid Desc LIMIT 10  

[ 2015-12-07T15:41:50+08:00 ] ::1 /yuban/index.php/Home/Ad/getAd
INFO: [ app_init ] --START--
INFO: Run Behavior\BuildLiteBehavior [ RunTime:0.000000s ]
INFO: [ app_init ] --END-- [ RunTime:0.001000s ]
INFO: [ app_begin ] --START--
INFO: Run Behavior\ReadHtmlCacheBehavior [ RunTime:0.001000s ]
INFO: Run Behavior\CheckLangBehavior [ RunTime:0.001000s ]
INFO: [ app_begin ] --END-- [ RunTime:0.002000s ]
SQL: SHOW COLUMNS FROM `yj_ad` [ RunTime:0.0800s ]
ERR: 1054:Unknown column 'yuban_slide' in 'where clause'
 [ SQL语句 ] : SELECT `pic`,`url` FROM `yj_ad` WHERE ( is_del = 0 and type=yuban_slide ) ORDER BY sort Desc, aid Desc LIMIT 10  
ERR: 1054:Unknown column 'yuban_slide' in 'where clause'
 [ SQL语句 ] : SELECT `pic`,`url` FROM `yj_ad` WHERE ( is_del = 0 and type=yuban_slide ) ORDER BY sort Desc, aid Desc LIMIT 10  

[ 2015-12-07T15:42:21+08:00 ] ::1 /yuban/index.php/Home/Ad/getAd
INFO: [ app_init ] --START--
INFO: Run Behavior\BuildLiteBehavior [ RunTime:0.000000s ]
INFO: [ app_init ] --END-- [ RunTime:0.000000s ]
INFO: [ app_begin ] --START--
INFO: Run Behavior\ReadHtmlCacheBehavior [ RunTime:0.001000s ]
INFO: Run Behavior\CheckLangBehavior [ RunTime:0.001000s ]
INFO: [ app_begin ] --END-- [ RunTime:0.002000s ]
SQL: SHOW COLUMNS FROM `yj_ad` [ RunTime:0.0100s ]
SQL: SELECT `pic`,`url` FROM `yj_ad` WHERE ( is_del = 0 and type="yuban_slide" ) ORDER BY sort Desc, aid Desc LIMIT 10   [ RunTime:0.0060s ]
SQL: SHOW COLUMNS FROM `yj_picture` [ RunTime:0.0070s ]
SQL: SELECT `path` FROM `yj_picture` WHERE ( id=39 ) LIMIT 1   [ RunTime:0.0080s ]
SQL: SELECT `path` FROM `yj_picture` WHERE ( id=7 ) LIMIT 1   [ RunTime:0.0080s ]

[ 2015-12-07T15:44:02+08:00 ] ::1 /yuban/index.php/Home/Ad/getAd
INFO: [ app_init ] --START--
INFO: Run Behavior\BuildLiteBehavior [ RunTime:0.000000s ]
INFO: [ app_init ] --END-- [ RunTime:0.000000s ]
INFO: [ app_begin ] --START--
INFO: Run Behavior\ReadHtmlCacheBehavior [ RunTime:0.000000s ]
INFO: Run Behavior\CheckLangBehavior [ RunTime:0.001000s ]
INFO: [ app_begin ] --END-- [ RunTime:0.001000s ]
SQL: SHOW COLUMNS FROM `yj_ad` [ RunTime:0.0100s ]
SQL: SELECT `pic`,`url` FROM `yj_ad` WHERE ( is_del = 0 and type="yuban_slide" ) ORDER BY sort Desc, aid Desc LIMIT 10   [ RunTime:0.0110s ]
SQL: SHOW COLUMNS FROM `yj_picture` [ RunTime:0.0110s ]
SQL: SELECT `path` FROM `yj_picture` WHERE ( id=39 ) LIMIT 1   [ RunTime:0.0080s ]
SQL: SELECT `path` FROM `yj_picture` WHERE ( id=7 ) LIMIT 1   [ RunTime:0.0120s ]

[ 2015-12-07T15:49:52+08:00 ] ::1 /yuban/index.php/Home/Ad/getAd
INFO: [ app_init ] --START--
INFO: Run Behavior\BuildLiteBehavior [ RunTime:0.000000s ]
INFO: [ app_init ] --END-- [ RunTime:0.000000s ]
INFO: [ app_begin ] --START--
INFO: Run Behavior\ReadHtmlCacheBehavior [ RunTime:0.000000s ]
INFO: Run Behavior\CheckLangBehavior [ RunTime:0.001000s ]
INFO: [ app_begin ] --END-- [ RunTime:0.001000s ]
SQL: SHOW COLUMNS FROM `yj_ad` [ RunTime:0.0100s ]
SQL: SELECT `pic`,`url` FROM `yj_ad` WHERE ( is_del = 0 and type="yuban_slide" ) ORDER BY sort Desc, aid Desc LIMIT 10   [ RunTime:0.0090s ]
SQL: SHOW COLUMNS FROM `yj_picture` [ RunTime:0.0120s ]
SQL: SELECT `path` FROM `yj_picture` WHERE ( id=39 ) LIMIT 1   [ RunTime:0.0090s ]
SQL: SELECT `path` FROM `yj_picture` WHERE ( id=7 ) LIMIT 1   [ RunTime:0.0080s ]

[ 2015-12-07T16:38:35+08:00 ] ::1 /yuban/index.php/Home/User/friendList
INFO: [ app_init ] --START--
INFO: Run Behavior\BuildLiteBehavior [ RunTime:0.001001s ]
INFO: [ app_init ] --END-- [ RunTime:0.001001s ]
INFO: [ app_begin ] --START--
INFO: Run Behavior\ReadHtmlCacheBehavior [ RunTime:0.002000s ]
INFO: Run Behavior\CheckLangBehavior [ RunTime:0.001000s ]
INFO: [ app_begin ] --END-- [ RunTime:0.003000s ]
NOTIC: [8] Undefined index: User D:\Apache\htdocs\yuban\Apps\Home\Controller\BaseController.class.php 第 25 行.

[ 2015-12-07T16:38:56+08:00 ] ::1 /yuban/index.php/Home/Index/test
INFO: [ app_init ] --START--
INFO: Run Behavior\BuildLiteBehavior [ RunTime:0.000000s ]
INFO: [ app_init ] --END-- [ RunTime:0.000000s ]
INFO: [ app_begin ] --START--
INFO: Run Behavior\ReadHtmlCacheBehavior [ RunTime:0.001000s ]
INFO: Run Behavior\CheckLangBehavior [ RunTime:0.001000s ]
INFO: [ app_begin ] --END-- [ RunTime:0.002000s ]
INFO: [ app_end ] --START--
INFO: Run Behavior\ShowPageTraceBehavior [ RunTime:0.000000s ]
INFO: [ app_end ] --END-- [ RunTime:0.001000s ]

[ 2015-12-07T16:39:18+08:00 ] ::1 /yuban/index.php/Home/Index/test
INFO: [ app_init ] --START--
INFO: Run Behavior\BuildLiteBehavior [ RunTime:0.000000s ]
INFO: [ app_init ] --END-- [ RunTime:0.000000s ]
INFO: [ app_begin ] --START--
INFO: Run Behavior\ReadHtmlCacheBehavior [ RunTime:0.000000s ]
INFO: Run Behavior\CheckLangBehavior [ RunTime:0.000000s ]
INFO: [ app_begin ] --END-- [ RunTime:0.000000s ]
INFO: [ app_end ] --START--
INFO: Run Behavior\ShowPageTraceBehavior [ RunTime:0.001000s ]
INFO: [ app_end ] --END-- [ RunTime:0.002000s ]

[ 2015-12-07T16:39:21+08:00 ] ::1 /yuban/index.php/Home/Index/test
INFO: [ app_init ] --START--
INFO: Run Behavior\BuildLiteBehavior [ RunTime:0.000000s ]
INFO: [ app_init ] --END-- [ RunTime:0.000000s ]
INFO: [ app_begin ] --START--
INFO: Run Behavior\ReadHtmlCacheBehavior [ RunTime:0.000000s ]
INFO: Run Behavior\CheckLangBehavior [ RunTime:0.001000s ]
INFO: [ app_begin ] --END-- [ RunTime:0.001000s ]
INFO: [ app_end ] --START--
INFO: Run Behavior\ShowPageTraceBehavior [ RunTime:0.001000s ]
INFO: [ app_end ] --END-- [ RunTime:0.001000s ]

[ 2015-12-07T16:39:26+08:00 ] ::1 /yuban/index.php/Home/User/friendList
INFO: [ app_init ] --START--
INFO: Run Behavior\BuildLiteBehavior [ RunTime:0.000000s ]
INFO: [ app_init ] --END-- [ RunTime:0.001000s ]
INFO: [ app_begin ] --START--
INFO: Run Behavior\ReadHtmlCacheBehavior [ RunTime:0.000000s ]
INFO: Run Behavior\CheckLangBehavior [ RunTime:0.001000s ]
INFO: [ app_begin ] --END-- [ RunTime:0.002000s ]
NOTIC: [8] Undefined index: User D:\Apache\htdocs\yuban\Apps\Home\Controller\BaseController.class.php 第 25 行.
SQL: SHOW COLUMNS FROM `yj_friend` [ RunTime:0.0090s ]
SQL: SELECT `to_id` FROM `yj_friend` WHERE `from_id` = '2' AND `type` IN (2,3) ORDER BY id desc  [ RunTime:0.0070s ]
NOTIC: [8] Undefined offset: 0 D:\Apache\htdocs\yuban\Apps\Home\Controller\UserController.class.php 第 435 行.
NOTIC: [8] Undefined offset: 1 D:\Apache\htdocs\yuban\Apps\Home\Controller\UserController.class.php 第 419 行.

[ 2015-12-07T16:40:24+08:00 ] ::1 /yuban/index.php/Home/User/friendList
INFO: [ app_init ] --START--
INFO: Run Behavior\BuildLiteBehavior [ RunTime:0.000000s ]
INFO: [ app_init ] --END-- [ RunTime:0.000000s ]
INFO: [ app_begin ] --START--
INFO: Run Behavior\ReadHtmlCacheBehavior [ RunTime:0.001000s ]
INFO: Run Behavior\CheckLangBehavior [ RunTime:0.001000s ]
INFO: [ app_begin ] --END-- [ RunTime:0.002000s ]
NOTIC: [8] Undefined index: User D:\Apache\htdocs\yuban\Apps\Home\Controller\BaseController.class.php 第 25 行.
NOTIC: [8] Undefined variable: follow D:\Apache\htdocs\yuban\Apps\Home\Controller\UserController.class.php 第 407 行.
SQL: SHOW COLUMNS FROM `yj_friend` [ RunTime:0.0090s ]
SQL: SELECT `to_id` FROM `yj_friend` WHERE `from_id` = '2' AND `type` IN (2,3) ORDER BY id desc  [ RunTime:0.0070s ]
NOTIC: [8] Undefined offset: 0 D:\Apache\htdocs\yuban\Apps\Home\Controller\UserController.class.php 第 436 行.
NOTIC: [8] Undefined offset: 1 D:\Apache\htdocs\yuban\Apps\Home\Controller\UserController.class.php 第 420 行.

