[ 2015-11-24T10:12:21+08:00 ] ::1 /yuban/index.php/Home/Passport/login
INFO: [ app_init ] --START--
INFO: Run Behavior\BuildLiteBehavior [ RunTime:0.000000s ]
INFO: [ app_init ] --END-- [ RunTime:0.001000s ]
INFO: [ app_begin ] --START--
INFO: Run Behavior\ReadHtmlCacheBehavior [ RunTime:0.001000s ]
INFO: Run Behavior\CheckLangBehavior [ RunTime:0.001000s ]
INFO: [ app_begin ] --END-- [ RunTime:0.002000s ]
SQL: SHOW COLUMNS FROM `yj_userinfo` [ RunTime:0.0170s ]
SQL: SELECT `uid` FROM `yj_userinfo` WHERE ( mobile="18643627216" ) LIMIT 1   [ RunTime:0.0090s ]

[ 2015-11-24T10:17:40+08:00 ] ::1 /yuban/index.php/Home/User/friend
INFO: [ app_init ] --START--
INFO: Run Behavior\BuildLiteBehavior [ RunTime:0.000000s ]
INFO: [ app_init ] --END-- [ RunTime:0.000000s ]
INFO: [ app_begin ] --START--
INFO: Run Behavior\ReadHtmlCacheBehavior [ RunTime:0.002000s ]
INFO: Run Behavior\CheckLangBehavior [ RunTime:0.002001s ]
INFO: [ app_begin ] --END-- [ RunTime:0.004001s ]
NOTIC: [8] Undefined index: User D:\Apache\htdocs\yuban\Apps\Home\Controller\BaseController.class.php 第 23 行.
SQL: SHOW COLUMNS FROM `yj_friend` [ RunTime:0.0140s ]
SQL: SELECT `id` FROM `yj_friend` WHERE ( from_id=2 and to_id=3 ) LIMIT 1   [ RunTime:0.0090s ]
SQL: INSERT INTO `yj_friend` (`from_id`,`to_id`,`type`) VALUES ('2','3','2') [ RunTime:0.1210s ]

[ 2015-11-24T10:18:22+08:00 ] ::1 /yuban/index.php/Home/User/friend
INFO: [ app_init ] --START--
INFO: Run Behavior\BuildLiteBehavior [ RunTime:0.000000s ]
INFO: [ app_init ] --END-- [ RunTime:0.000000s ]
INFO: [ app_begin ] --START--
INFO: Run Behavior\ReadHtmlCacheBehavior [ RunTime:0.001000s ]
INFO: Run Behavior\CheckLangBehavior [ RunTime:0.000000s ]
INFO: [ app_begin ] --END-- [ RunTime:0.001000s ]
NOTIC: [8] Undefined index: User D:\Apache\htdocs\yuban\Apps\Home\Controller\BaseController.class.php 第 23 行.
SQL: SHOW COLUMNS FROM `yj_friend` [ RunTime:0.0200s ]
SQL: SELECT `id` FROM `yj_friend` WHERE ( from_id=2 and to_id=3 ) LIMIT 1   [ RunTime:0.0150s ]

[ 2015-11-24T10:18:44+08:00 ] ::1 /yuban/index.php/Home/User/friend
INFO: [ app_init ] --START--
INFO: Run Behavior\BuildLiteBehavior [ RunTime:0.000000s ]
INFO: [ app_init ] --END-- [ RunTime:0.000000s ]
INFO: [ app_begin ] --START--
INFO: Run Behavior\ReadHtmlCacheBehavior [ RunTime:0.000000s ]
INFO: Run Behavior\CheckLangBehavior [ RunTime:0.000000s ]
INFO: [ app_begin ] --END-- [ RunTime:0.001000s ]
NOTIC: [8] Undefined index: User D:\Apache\htdocs\yuban\Apps\Home\Controller\BaseController.class.php 第 23 行.
SQL: SHOW COLUMNS FROM `yj_friend` [ RunTime:0.0110s ]
SQL: SELECT `id` FROM `yj_friend` WHERE ( from_id=2 and to_id=3 ) LIMIT 1   [ RunTime:0.0250s ]

[ 2015-11-24T10:19:08+08:00 ] ::1 /yuban/index.php/Home/User/friend
INFO: [ app_init ] --START--
INFO: Run Behavior\BuildLiteBehavior [ RunTime:0.000000s ]
INFO: [ app_init ] --END-- [ RunTime:0.001000s ]
INFO: [ app_begin ] --START--
INFO: Run Behavior\ReadHtmlCacheBehavior [ RunTime:0.001000s ]
INFO: Run Behavior\CheckLangBehavior [ RunTime:0.001000s ]
INFO: [ app_begin ] --END-- [ RunTime:0.002000s ]
NOTIC: [8] Undefined index: User D:\Apache\htdocs\yuban\Apps\Home\Controller\BaseController.class.php 第 23 行.
SQL: SHOW COLUMNS FROM `yj_friend` [ RunTime:0.0140s ]
SQL: SELECT `id` FROM `yj_friend` WHERE ( from_id=2 and to_id=3 ) LIMIT 1   [ RunTime:0.0110s ]
SQL: INSERT INTO `yj_friend` (`from_id`,`to_id`,`type`,`ctime`) VALUES ('2','3','1','1448331548') [ RunTime:0.0260s ]

[ 2015-11-24T11:11:05+08:00 ] ::1 /yuban/index.php/Home/User/friendList
INFO: [ app_init ] --START--
INFO: Run Behavior\BuildLiteBehavior [ RunTime:0.000000s ]
INFO: [ app_init ] --END-- [ RunTime:0.001000s ]
INFO: [ app_begin ] --START--
INFO: Run Behavior\ReadHtmlCacheBehavior [ RunTime:0.000000s ]
INFO: Run Behavior\CheckLangBehavior [ RunTime:0.001000s ]
INFO: [ app_begin ] --END-- [ RunTime:0.001000s ]
NOTIC: [8] Undefined index: User D:\Apache\htdocs\yuban\Apps\Home\Controller\BaseController.class.php 第 23 行.

[ 2015-11-24T13:19:47+08:00 ] ::1 /yuban/index.php/Home/User/friendList
INFO: [ app_init ] --START--
INFO: Run Behavior\BuildLiteBehavior [ RunTime:0.000000s ]
INFO: [ app_init ] --END-- [ RunTime:0.001000s ]
INFO: [ app_begin ] --START--
INFO: Run Behavior\ReadHtmlCacheBehavior [ RunTime:0.000000s ]
INFO: Run Behavior\CheckLangBehavior [ RunTime:0.001000s ]
INFO: [ app_begin ] --END-- [ RunTime:0.001000s ]
NOTIC: [8] Undefined index: User D:\Apache\htdocs\yuban\Apps\Home\Controller\BaseController.class.php 第 23 行.
NOTIC: [8] Undefined variable: k D:\Apache\htdocs\yuban\Apps\Home\Controller\UserController.class.php 第 200 行.
NOTIC: [8] Undefined index:  D:\Apache\htdocs\yuban\Apps\Home\Controller\UserController.class.php 第 200 行.

[ 2015-11-24T13:20:35+08:00 ] ::1 /yuban/index.php/Home/User/friendList
INFO: [ app_init ] --START--
INFO: Run Behavior\BuildLiteBehavior [ RunTime:0.000000s ]
INFO: [ app_init ] --END-- [ RunTime:0.000000s ]
INFO: [ app_begin ] --START--
INFO: Run Behavior\ReadHtmlCacheBehavior [ RunTime:0.000000s ]
INFO: Run Behavior\CheckLangBehavior [ RunTime:0.001000s ]
INFO: [ app_begin ] --END-- [ RunTime:0.001000s ]
NOTIC: [8] Undefined index: User D:\Apache\htdocs\yuban\Apps\Home\Controller\BaseController.class.php 第 23 行.
NOTIC: [8] Undefined variable: k D:\Apache\htdocs\yuban\Apps\Home\Controller\UserController.class.php 第 201 行.
NOTIC: [8] Undefined index:  D:\Apache\htdocs\yuban\Apps\Home\Controller\UserController.class.php 第 201 行.

[ 2015-11-24T13:20:52+08:00 ] ::1 /yuban/index.php/Home/User/friendList
INFO: [ app_init ] --START--
INFO: Run Behavior\BuildLiteBehavior [ RunTime:0.000000s ]
INFO: [ app_init ] --END-- [ RunTime:0.001000s ]
INFO: [ app_begin ] --START--
INFO: Run Behavior\ReadHtmlCacheBehavior [ RunTime:0.000000s ]
INFO: Run Behavior\CheckLangBehavior [ RunTime:0.001000s ]
INFO: [ app_begin ] --END-- [ RunTime:0.002000s ]
NOTIC: [8] Undefined index: User D:\Apache\htdocs\yuban\Apps\Home\Controller\BaseController.class.php 第 23 行.
NOTIC: [8] Undefined variable: k D:\Apache\htdocs\yuban\Apps\Home\Controller\UserController.class.php 第 202 行.
NOTIC: [8] Undefined index:  D:\Apache\htdocs\yuban\Apps\Home\Controller\UserController.class.php 第 202 行.

[ 2015-11-24T13:21:19+08:00 ] ::1 /yuban/index.php/Home/User/friendList
INFO: [ app_init ] --START--
INFO: Run Behavior\BuildLiteBehavior [ RunTime:0.000000s ]
INFO: [ app_init ] --END-- [ RunTime:0.000000s ]
INFO: [ app_begin ] --START--
INFO: Run Behavior\ReadHtmlCacheBehavior [ RunTime:0.000000s ]
INFO: Run Behavior\CheckLangBehavior [ RunTime:0.000000s ]
INFO: [ app_begin ] --END-- [ RunTime:0.000000s ]
NOTIC: [8] Undefined index: User D:\Apache\htdocs\yuban\Apps\Home\Controller\BaseController.class.php 第 23 行.
NOTIC: [8] Undefined variable: k D:\Apache\htdocs\yuban\Apps\Home\Controller\UserController.class.php 第 203 行.
NOTIC: [8] Undefined index:  D:\Apache\htdocs\yuban\Apps\Home\Controller\UserController.class.php 第 203 行.
NOTIC: [8] Undefined offset: 1 D:\Apache\htdocs\yuban\Apps\Home\Controller\UserController.class.php 第 200 行.

[ 2015-11-24T13:21:32+08:00 ] ::1 /yuban/index.php/Home/User/friendList
INFO: [ app_init ] --START--
INFO: Run Behavior\BuildLiteBehavior [ RunTime:0.000000s ]
INFO: [ app_init ] --END-- [ RunTime:0.000000s ]
INFO: [ app_begin ] --START--
INFO: Run Behavior\ReadHtmlCacheBehavior [ RunTime:0.000000s ]
INFO: Run Behavior\CheckLangBehavior [ RunTime:0.000000s ]
INFO: [ app_begin ] --END-- [ RunTime:0.000000s ]
NOTIC: [8] Undefined index: User D:\Apache\htdocs\yuban\Apps\Home\Controller\BaseController.class.php 第 23 行.
NOTIC: [8] Undefined offset: 1 D:\Apache\htdocs\yuban\Apps\Home\Controller\UserController.class.php 第 200 行.

[ 2015-11-24T13:23:19+08:00 ] ::1 /yuban/index.php/Home/User/friendList
INFO: [ app_init ] --START--
INFO: Run Behavior\BuildLiteBehavior [ RunTime:0.000000s ]
INFO: [ app_init ] --END-- [ RunTime:0.002000s ]
INFO: [ app_begin ] --START--
INFO: Run Behavior\ReadHtmlCacheBehavior [ RunTime:0.000000s ]
INFO: Run Behavior\CheckLangBehavior [ RunTime:0.001000s ]
INFO: [ app_begin ] --END-- [ RunTime:0.001000s ]
NOTIC: [8] Undefined index: User D:\Apache\htdocs\yuban\Apps\Home\Controller\BaseController.class.php 第 23 行.
NOTIC: [8] Undefined offset: 1 D:\Apache\htdocs\yuban\Apps\Home\Controller\UserController.class.php 第 200 行.

[ 2015-11-24T13:23:49+08:00 ] ::1 /yuban/index.php/Home/User/friendList
INFO: [ app_init ] --START--
INFO: Run Behavior\BuildLiteBehavior [ RunTime:0.000000s ]
INFO: [ app_init ] --END-- [ RunTime:0.001000s ]
INFO: [ app_begin ] --START--
INFO: Run Behavior\ReadHtmlCacheBehavior [ RunTime:0.001001s ]
INFO: Run Behavior\CheckLangBehavior [ RunTime:0.001000s ]
INFO: [ app_begin ] --END-- [ RunTime:0.002001s ]
NOTIC: [8] Undefined index: User D:\Apache\htdocs\yuban\Apps\Home\Controller\BaseController.class.php 第 23 行.
NOTIC: [8] Undefined offset: 1 D:\Apache\htdocs\yuban\Apps\Home\Controller\UserController.class.php 第 200 行.

[ 2015-11-24T13:24:04+08:00 ] ::1 /yuban/index.php/Home/User/friendList
INFO: [ app_init ] --START--
INFO: Run Behavior\BuildLiteBehavior [ RunTime:0.000000s ]
INFO: [ app_init ] --END-- [ RunTime:0.000000s ]
INFO: [ app_begin ] --START--
INFO: Run Behavior\ReadHtmlCacheBehavior [ RunTime:0.001000s ]
INFO: Run Behavior\CheckLangBehavior [ RunTime:0.002000s ]
INFO: [ app_begin ] --END-- [ RunTime:0.004000s ]
NOTIC: [8] Undefined index: User D:\Apache\htdocs\yuban\Apps\Home\Controller\BaseController.class.php 第 23 行.
NOTIC: [8] Undefined offset: 1 D:\Apache\htdocs\yuban\Apps\Home\Controller\UserController.class.php 第 200 行.

[ 2015-11-24T13:24:32+08:00 ] ::1 /yuban/index.php/Home/User/friendList
INFO: [ app_init ] --START--
INFO: Run Behavior\BuildLiteBehavior [ RunTime:0.000000s ]
INFO: [ app_init ] --END-- [ RunTime:0.000000s ]
INFO: [ app_begin ] --START--
INFO: Run Behavior\ReadHtmlCacheBehavior [ RunTime:0.001000s ]
INFO: Run Behavior\CheckLangBehavior [ RunTime:0.001000s ]
INFO: [ app_begin ] --END-- [ RunTime:0.002000s ]
NOTIC: [8] Undefined index: User D:\Apache\htdocs\yuban\Apps\Home\Controller\BaseController.class.php 第 23 行.
NOTIC: [8] Undefined offset: 1 D:\Apache\htdocs\yuban\Apps\Home\Controller\UserController.class.php 第 200 行.

[ 2015-11-24T13:33:28+08:00 ] ::1 /yuban/index.php/Home/User/friendList
INFO: [ app_init ] --START--
INFO: Run Behavior\BuildLiteBehavior [ RunTime:0.000000s ]
INFO: [ app_init ] --END-- [ RunTime:0.000000s ]
INFO: [ app_begin ] --START--
INFO: Run Behavior\ReadHtmlCacheBehavior [ RunTime:0.001000s ]
INFO: Run Behavior\CheckLangBehavior [ RunTime:0.001001s ]
INFO: [ app_begin ] --END-- [ RunTime:0.002001s ]
NOTIC: [8] Undefined index: User D:\Apache\htdocs\yuban\Apps\Home\Controller\BaseController.class.php 第 23 行.
NOTIC: [8] Undefined offset: 1 D:\Apache\htdocs\yuban\Apps\Home\Controller\UserController.class.php 第 200 行.

[ 2015-11-24T13:34:38+08:00 ] ::1 /yuban/index.php/Home/User/friendList
INFO: [ app_init ] --START--
INFO: Run Behavior\BuildLiteBehavior [ RunTime:0.000000s ]
INFO: [ app_init ] --END-- [ RunTime:0.000000s ]
INFO: [ app_begin ] --START--
INFO: Run Behavior\ReadHtmlCacheBehavior [ RunTime:0.000000s ]
INFO: Run Behavior\CheckLangBehavior [ RunTime:0.001000s ]
INFO: [ app_begin ] --END-- [ RunTime:0.001000s ]
NOTIC: [8] Undefined index: User D:\Apache\htdocs\yuban\Apps\Home\Controller\BaseController.class.php 第 23 行.
NOTIC: [8] Undefined offset: 1 D:\Apache\htdocs\yuban\Apps\Home\Controller\UserController.class.php 第 200 行.

[ 2015-11-24T13:35:15+08:00 ] ::1 /yuban/index.php/Home/Index/test
INFO: [ app_init ] --START--
INFO: Run Behavior\BuildLiteBehavior [ RunTime:0.000000s ]
INFO: [ app_init ] --END-- [ RunTime:0.000000s ]
INFO: [ app_begin ] --START--
INFO: Run Behavior\ReadHtmlCacheBehavior [ RunTime:0.000000s ]
INFO: Run Behavior\CheckLangBehavior [ RunTime:0.001000s ]
INFO: [ app_begin ] --END-- [ RunTime:0.001000s ]
INFO: [ app_end ] --START--
INFO: Run Behavior\ShowPageTraceBehavior [ RunTime:0.000000s ]
INFO: [ app_end ] --END-- [ RunTime:0.000000s ]

[ 2015-11-24T13:36:29+08:00 ] ::1 /yuban/index.php/Home/User/friendList
INFO: [ app_init ] --START--
INFO: Run Behavior\BuildLiteBehavior [ RunTime:0.000000s ]
INFO: [ app_init ] --END-- [ RunTime:0.001000s ]
INFO: [ app_begin ] --START--
INFO: Run Behavior\ReadHtmlCacheBehavior [ RunTime:0.000000s ]
INFO: Run Behavior\CheckLangBehavior [ RunTime:0.001000s ]
INFO: [ app_begin ] --END-- [ RunTime:0.001000s ]
NOTIC: [8] Undefined index: User D:\Apache\htdocs\yuban\Apps\Home\Controller\BaseController.class.php 第 23 行.
NOTIC: [8] Undefined offset: 1 D:\Apache\htdocs\yuban\Apps\Home\Controller\UserController.class.php 第 200 行.

[ 2015-11-24T13:37:49+08:00 ] ::1 /yuban/index.php/Home/User/friendList
INFO: [ app_init ] --START--
INFO: Run Behavior\BuildLiteBehavior [ RunTime:0.000000s ]
INFO: [ app_init ] --END-- [ RunTime:0.001000s ]
INFO: [ app_begin ] --START--
INFO: Run Behavior\ReadHtmlCacheBehavior [ RunTime:0.000000s ]
INFO: Run Behavior\CheckLangBehavior [ RunTime:0.001000s ]
INFO: [ app_begin ] --END-- [ RunTime:0.001000s ]
NOTIC: [8] Undefined index: User D:\Apache\htdocs\yuban\Apps\Home\Controller\BaseController.class.php 第 23 行.
NOTIC: [8] Undefined offset: 1 D:\Apache\htdocs\yuban\Apps\Home\Controller\UserController.class.php 第 200 行.

