[ 2015-11-20T09:20:34+08:00 ] ::1 /yuban/index.php
INFO: [ app_init ] --START--
INFO: Run Behavior\BuildLiteBehavior [ RunTime:0.000000s ]
INFO: [ app_init ] --END-- [ RunTime:0.001000s ]
INFO: [ app_begin ] --START--
INFO: Run Behavior\ReadHtmlCacheBehavior [ RunTime:0.000000s ]
INFO: Run Behavior\CheckLangBehavior [ RunTime:0.001000s ]
INFO: [ app_begin ] --END-- [ RunTime:0.001000s ]
INFO: [ app_end ] --START--
INFO: Run Behavior\ShowPageTraceBehavior [ RunTime:0.000000s ]
INFO: [ app_end ] --END-- [ RunTime:0.000000s ]

[ 2015-11-20T09:25:02+08:00 ] ::1 /yuban/index.php
INFO: [ app_init ] --START--
INFO: Run Behavior\BuildLiteBehavior [ RunTime:0.000000s ]
INFO: [ app_init ] --END-- [ RunTime:0.000000s ]
INFO: [ app_begin ] --START--
INFO: Run Behavior\ReadHtmlCacheBehavior [ RunTime:0.001000s ]
INFO: Run Behavior\CheckLangBehavior [ RunTime:0.000000s ]
INFO: [ app_begin ] --END-- [ RunTime:0.001000s ]
INFO: [ app_end ] --START--
INFO: Run Behavior\ShowPageTraceBehavior [ RunTime:0.002000s ]
INFO: [ app_end ] --END-- [ RunTime:0.002000s ]

[ 2015-11-20T09:26:42+08:00 ] ::1 /yuban/index.php/Home/Passport/login
INFO: [ app_init ] --START--
INFO: Run Behavior\BuildLiteBehavior [ RunTime:0.000000s ]
INFO: [ app_init ] --END-- [ RunTime:0.001000s ]
INFO: [ app_begin ] --START--
INFO: Run Behavior\ReadHtmlCacheBehavior [ RunTime:0.001000s ]
INFO: Run Behavior\CheckLangBehavior [ RunTime:0.000000s ]
INFO: [ app_begin ] --END-- [ RunTime:0.001000s ]
SQL: SHOW COLUMNS FROM `yj_userinfo` [ RunTime:0.0100s ]
SQL: SELECT `uid` FROM `yj_userinfo` WHERE ( mobile="18810319717" ) LIMIT 1   [ RunTime:0.0130s ]
SQL: SELECT * FROM `yj_userinfo` WHERE ( uid=1 ) LIMIT 1   [ RunTime:0.0080s ]
SQL: SHOW COLUMNS FROM `yj_file` [ RunTime:0.0120s ]
SQL: SELECT `savepath`,`savename` FROM `yj_file` WHERE ( id=2 ) LIMIT 1   [ RunTime:0.0100s ]
SQL: SELECT `savepath`,`savename` FROM `yj_file` WHERE ( id=2 ) LIMIT 1   [ RunTime:0.0110s ]
SQL: SHOW COLUMNS FROM `yj_picture` [ RunTime:0.0290s ]
SQL: SELECT `path` FROM `yj_picture` WHERE ( id=4 ) LIMIT 1   [ RunTime:0.0070s ]
SQL: SELECT `path` FROM `yj_picture` WHERE ( id=2 ) LIMIT 1   [ RunTime:0.0080s ]
SQL: SELECT `path` FROM `yj_picture` WHERE ( id=3 ) LIMIT 1   [ RunTime:0.0100s ]
SQL: SHOW COLUMNS FROM `yj_user_language` [ RunTime:0.0110s ]
SQL: SELECT `lid`,`type`,`self_level`,`sys_level` FROM `yj_user_language` WHERE ( uid=1 )  [ RunTime:0.0100s ]
SQL: SHOW COLUMNS FROM `yj_language` [ RunTime:0.0090s ]
SQL: SHOW COLUMNS FROM `yj_user_tags` [ RunTime:0.0110s ]
SQL: SELECT `tid` FROM `yj_user_tags` WHERE ( uid=1 )  [ RunTime:0.0110s ]
SQL: SHOW COLUMNS FROM `yj_tags` [ RunTime:0.0090s ]

[ 2015-11-20T09:26:56+08:00 ] ::1 /yuban/index.php
INFO: [ app_init ] --START--
INFO: Run Behavior\BuildLiteBehavior [ RunTime:0.000000s ]
INFO: [ app_init ] --END-- [ RunTime:0.000000s ]
INFO: [ app_begin ] --START--
INFO: Run Behavior\ReadHtmlCacheBehavior [ RunTime:0.000000s ]
INFO: Run Behavior\CheckLangBehavior [ RunTime:0.001000s ]
INFO: [ app_begin ] --END-- [ RunTime:0.001000s ]
INFO: [ app_end ] --START--
INFO: Run Behavior\ShowPageTraceBehavior [ RunTime:0.000000s ]
INFO: [ app_end ] --END-- [ RunTime:0.000000s ]

[ 2015-11-20T10:19:26+08:00 ] ::1 /yuban/index.php/Home/Passport/login
INFO: [ app_init ] --START--
INFO: Run Behavior\BuildLiteBehavior [ RunTime:0.000000s ]
INFO: [ app_init ] --END-- [ RunTime:0.001000s ]
INFO: [ app_begin ] --START--
INFO: Run Behavior\ReadHtmlCacheBehavior [ RunTime:0.000000s ]
INFO: Run Behavior\CheckLangBehavior [ RunTime:0.001000s ]
INFO: [ app_begin ] --END-- [ RunTime:0.001000s ]
SQL: SHOW COLUMNS FROM `yj_userinfo` [ RunTime:0.0180s ]
SQL: SELECT `uid` FROM `yj_userinfo` WHERE ( mobile="18810319717" ) LIMIT 1   [ RunTime:0.0120s ]

