[ 2015-11-17T17:38:36+08:00 ] ::1 /yuban/
INFO: [ app_init ] --START--
INFO: Run Behavior\BuildLiteBehavior [ RunTime:0.000000s ]
INFO: [ app_init ] --END-- [ RunTime:0.001001s ]
INFO: [ app_begin ] --START--
INFO: Run Behavior\ReadHtmlCacheBehavior [ RunTime:0.001000s ]
INFO: Run Behavior\CheckLangBehavior [ RunTime:0.003000s ]
INFO: [ app_begin ] --END-- [ RunTime:0.004000s ]

[ 2015-11-17T17:38:39+08:00 ] ::1 /yuban/
INFO: [ app_init ] --START--
INFO: Run Behavior\BuildLiteBehavior [ RunTime:0.000000s ]
INFO: [ app_init ] --END-- [ RunTime:0.000000s ]
INFO: [ app_begin ] --START--
INFO: Run Behavior\ReadHtmlCacheBehavior [ RunTime:0.000000s ]
INFO: Run Behavior\CheckLangBehavior [ RunTime:0.000000s ]
INFO: [ app_begin ] --END-- [ RunTime:0.000000s ]

[ 2015-11-17T17:59:01+08:00 ] ::1 /yuban/
INFO: [ app_init ] --START--
INFO: Run Behavior\BuildLiteBehavior [ RunTime:0.000000s ]
INFO: [ app_init ] --END-- [ RunTime:0.000000s ]
INFO: [ app_begin ] --START--
INFO: Run Behavior\ReadHtmlCacheBehavior [ RunTime:0.000000s ]
INFO: Run Behavior\CheckLangBehavior [ RunTime:0.001000s ]
INFO: [ app_begin ] --END-- [ RunTime:0.001000s ]

[ 2015-11-17T17:59:28+08:00 ] ::1 /yuban/
INFO: [ app_init ] --START--
INFO: Run Behavior\BuildLiteBehavior [ RunTime:0.000000s ]
INFO: [ app_init ] --END-- [ RunTime:0.000000s ]
INFO: [ app_begin ] --START--
INFO: Run Behavior\ReadHtmlCacheBehavior [ RunTime:0.000000s ]
INFO: Run Behavior\CheckLangBehavior [ RunTime:0.000000s ]
INFO: [ app_begin ] --END-- [ RunTime:0.000000s ]

[ 2015-11-17T18:00:09+08:00 ] ::1 /yuban/
INFO: [ app_init ] --START--
INFO: Run Behavior\BuildLiteBehavior [ RunTime:0.000000s ]
INFO: [ app_init ] --END-- [ RunTime:0.001000s ]
INFO: [ app_begin ] --START--
INFO: Run Behavior\ReadHtmlCacheBehavior [ RunTime:0.001000s ]
INFO: Run Behavior\CheckLangBehavior [ RunTime:0.001000s ]
INFO: [ app_begin ] --END-- [ RunTime:0.002000s ]

[ 2015-11-17T18:06:03+08:00 ] ::1 /yuban/
INFO: [ app_init ] --START--
INFO: Run Behavior\BuildLiteBehavior [ RunTime:0.000000s ]
INFO: [ app_init ] --END-- [ RunTime:0.001000s ]
INFO: [ app_begin ] --START--
INFO: Run Behavior\ReadHtmlCacheBehavior [ RunTime:0.001000s ]
INFO: Run Behavior\CheckLangBehavior [ RunTime:0.002000s ]
INFO: [ app_begin ] --END-- [ RunTime:0.003000s ]
ERR: Redis server went away

[ 2015-11-17T18:07:25+08:00 ] ::1 /yuban/
INFO: [ app_init ] --START--
INFO: Run Behavior\BuildLiteBehavior [ RunTime:0.000000s ]
INFO: [ app_init ] --END-- [ RunTime:0.000000s ]
INFO: [ app_begin ] --START--
INFO: Run Behavior\ReadHtmlCacheBehavior [ RunTime:0.000000s ]
INFO: Run Behavior\CheckLangBehavior [ RunTime:0.000000s ]
INFO: [ app_begin ] --END-- [ RunTime:0.000000s ]
ERR: Redis server went away

[ 2015-11-17T18:20:41+08:00 ] ::1 /yuban/
INFO: [ app_init ] --START--
INFO: Run Behavior\BuildLiteBehavior [ RunTime:0.000000s ]
INFO: [ app_init ] --END-- [ RunTime:0.000000s ]
INFO: [ app_begin ] --START--
INFO: Run Behavior\ReadHtmlCacheBehavior [ RunTime:0.001000s ]
INFO: Run Behavior\CheckLangBehavior [ RunTime:0.001000s ]
INFO: [ app_begin ] --END-- [ RunTime:0.002000s ]
ERR: Redis server went away

[ 2015-11-17T18:24:06+08:00 ] ::1 /yuban/
INFO: [ app_init ] --START--
INFO: Run Behavior\BuildLiteBehavior [ RunTime:0.000000s ]
INFO: [ app_init ] --END-- [ RunTime:0.000000s ]
INFO: [ app_begin ] --START--
INFO: Run Behavior\ReadHtmlCacheBehavior [ RunTime:0.000000s ]
INFO: Run Behavior\CheckLangBehavior [ RunTime:0.000000s ]
INFO: [ app_begin ] --END-- [ RunTime:0.010000s ]
INFO: [ app_end ] --START--
INFO: Run Behavior\ShowPageTraceBehavior [ RunTime:0.001000s ]
INFO: [ app_end ] --END-- [ RunTime:0.001000s ]

[ 2015-11-17T18:27:33+08:00 ] ::1 /yuban/index.php/Home/Public/uploadPicture
INFO: [ app_init ] --START--
INFO: Run Behavior\BuildLiteBehavior [ RunTime:0.000000s ]
INFO: [ app_init ] --END-- [ RunTime:0.001000s ]
INFO: [ app_begin ] --START--
INFO: Run Behavior\ReadHtmlCacheBehavior [ RunTime:0.001000s ]
INFO: Run Behavior\CheckLangBehavior [ RunTime:0.000000s ]
INFO: [ app_begin ] --END-- [ RunTime:0.002000s ]
ERR: SQLSTATE[HY000] [1045] Access denied for user 'root'@'localhost' (using password: YES)

[ 2015-11-17T18:28:30+08:00 ] ::1 /yuban/index.php/Home/Public/uploadPicture
INFO: [ app_init ] --START--
INFO: Run Behavior\BuildLiteBehavior [ RunTime:0.000000s ]
INFO: [ app_init ] --END-- [ RunTime:0.000000s ]
INFO: [ app_begin ] --START--
INFO: Run Behavior\ReadHtmlCacheBehavior [ RunTime:0.000000s ]
INFO: Run Behavior\CheckLangBehavior [ RunTime:0.001000s ]
INFO: [ app_begin ] --END-- [ RunTime:0.001000s ]
SQL: SHOW COLUMNS FROM `yj_picture` [ RunTime:0.0110s ]
SQL: SELECT `id`,`path`,`url`,`md5`,`sha1`,`status`,`create_time` FROM `yj_picture` WHERE `md5` = '614c3b037ef35d06e89419a565e4ddb6' AND `sha1` = '8cb3927cb04d024cf35f062a6a1d5794154141f0' LIMIT 1   [ RunTime:0.0090s ]
SQL: SELECT `id`,`path`,`url`,`md5`,`sha1`,`status`,`create_time` FROM `yj_picture` WHERE `md5` = '71cc6b2507bfd8289e1d45cd02c86100' AND `sha1` = '795ac1077e7bedb66019a81a18b756e041518e83' LIMIT 1   [ RunTime:0.0100s ]
SQL: SELECT `id`,`path`,`url`,`md5`,`sha1`,`status`,`create_time` FROM `yj_picture` WHERE `md5` = '7a38767ce3af8678439a3bdbec4edb0c' AND `sha1` = 'e75921b50df3d65af9e6d0a8c1ddd0d4d1d7c219' LIMIT 1   [ RunTime:0.0080s ]
NOTIC: [8] Undefined index: validate D:\Apache\htdocs\Core\Library\Think\Model.class.php 第 1185 行.
NOTIC: [8] Undefined index: auto D:\Apache\htdocs\Core\Library\Think\Model.class.php 第 1128 行.
SQL: INSERT INTO `yj_picture` (`md5`,`sha1`,`path`,`status`,`create_time`) VALUES ('614c3b037ef35d06e89419a565e4ddb6','8cb3927cb04d024cf35f062a6a1d5794154141f0','/Uploads/Picture/2015-11-17/564b014df333b.jpg','1','1447756109') [ RunTime:0.0070s ]
NOTIC: [8] Undefined index: validate D:\Apache\htdocs\Core\Library\Think\Model.class.php 第 1185 行.
NOTIC: [8] Undefined index: auto D:\Apache\htdocs\Core\Library\Think\Model.class.php 第 1128 行.
SQL: INSERT INTO `yj_picture` (`md5`,`sha1`,`path`,`status`,`create_time`) VALUES ('71cc6b2507bfd8289e1d45cd02c86100','795ac1077e7bedb66019a81a18b756e041518e83','/Uploads/Picture/2015-11-17/564b014e0374d.jpg','1','1447756109') [ RunTime:0.0110s ]
NOTIC: [8] Undefined index: validate D:\Apache\htdocs\Core\Library\Think\Model.class.php 第 1185 行.
NOTIC: [8] Undefined index: auto D:\Apache\htdocs\Core\Library\Think\Model.class.php 第 1128 行.
SQL: INSERT INTO `yj_picture` (`md5`,`sha1`,`path`,`status`,`create_time`) VALUES ('7a38767ce3af8678439a3bdbec4edb0c','e75921b50df3d65af9e6d0a8c1ddd0d4d1d7c219','/Uploads/Picture/2015-11-17/564b014e05e5d.jpg','1','1447756109') [ RunTime:0.0090s ]
NOTIC: [8] Undefined index: file D:\Apache\htdocs\yuban\Apps\Home\Controller\PublicController.class.php 第 83 行.
NOTIC: [8] Undefined index: file D:\Apache\htdocs\yuban\Apps\Home\Controller\PublicController.class.php 第 84 行.

[ 2015-11-17T18:36:58+08:00 ] ::1 /yuban/index.php/Home/Public/uploadPicture
INFO: [ app_init ] --START--
INFO: Run Behavior\BuildLiteBehavior [ RunTime:0.000000s ]
INFO: [ app_init ] --END-- [ RunTime:0.001000s ]
INFO: [ app_begin ] --START--
INFO: Run Behavior\ReadHtmlCacheBehavior [ RunTime:0.001000s ]
INFO: Run Behavior\CheckLangBehavior [ RunTime:0.001000s ]
INFO: [ app_begin ] --END-- [ RunTime:0.002000s ]
SQL: SHOW COLUMNS FROM `yj_picture` [ RunTime:0.0120s ]
SQL: SELECT `id`,`path`,`url`,`md5`,`sha1`,`status`,`create_time` FROM `yj_picture` WHERE `md5` = '614c3b037ef35d06e89419a565e4ddb6' AND `sha1` = '8cb3927cb04d024cf35f062a6a1d5794154141f0' LIMIT 1   [ RunTime:0.0090s ]
SQL: SELECT `id`,`path`,`url`,`md5`,`sha1`,`status`,`create_time` FROM `yj_picture` WHERE `md5` = '71cc6b2507bfd8289e1d45cd02c86100' AND `sha1` = '795ac1077e7bedb66019a81a18b756e041518e83' LIMIT 1   [ RunTime:0.0110s ]
SQL: SELECT `id`,`path`,`url`,`md5`,`sha1`,`status`,`create_time` FROM `yj_picture` WHERE `md5` = '7a38767ce3af8678439a3bdbec4edb0c' AND `sha1` = 'e75921b50df3d65af9e6d0a8c1ddd0d4d1d7c219' LIMIT 1   [ RunTime:0.0100s ]
NOTIC: [8] Undefined index: file D:\Apache\htdocs\yuban\Apps\Home\Controller\PublicController.class.php 第 80 行.
NOTIC: [8] Undefined index: file D:\Apache\htdocs\yuban\Apps\Home\Controller\PublicController.class.php 第 82 行.
NOTIC: [8] Undefined index: file D:\Apache\htdocs\yuban\Apps\Home\Controller\PublicController.class.php 第 82 行.
NOTIC: [8] Undefined index: file D:\Apache\htdocs\yuban\Apps\Home\Controller\PublicController.class.php 第 82 行.
NOTIC: [8] Undefined index: file D:\Apache\htdocs\yuban\Apps\Home\Controller\PublicController.class.php 第 82 行.
NOTIC: [8] Undefined index: file D:\Apache\htdocs\yuban\Apps\Home\Controller\PublicController.class.php 第 82 行.
NOTIC: [8] Undefined index: file D:\Apache\htdocs\yuban\Apps\Home\Controller\PublicController.class.php 第 82 行.

[ 2015-11-17T18:37:21+08:00 ] ::1 /yuban/index.php/Home/Public/uploadPicture
INFO: [ app_init ] --START--
INFO: Run Behavior\BuildLiteBehavior [ RunTime:0.000000s ]
INFO: [ app_init ] --END-- [ RunTime:0.001000s ]
INFO: [ app_begin ] --START--
INFO: Run Behavior\ReadHtmlCacheBehavior [ RunTime:0.000000s ]
INFO: Run Behavior\CheckLangBehavior [ RunTime:0.001000s ]
INFO: [ app_begin ] --END-- [ RunTime:0.001000s ]
SQL: SHOW COLUMNS FROM `yj_picture` [ RunTime:0.0130s ]
SQL: SELECT `id`,`path`,`url`,`md5`,`sha1`,`status`,`create_time` FROM `yj_picture` WHERE `md5` = '614c3b037ef35d06e89419a565e4ddb6' AND `sha1` = '8cb3927cb04d024cf35f062a6a1d5794154141f0' LIMIT 1   [ RunTime:0.0090s ]
SQL: SELECT `id`,`path`,`url`,`md5`,`sha1`,`status`,`create_time` FROM `yj_picture` WHERE `md5` = '71cc6b2507bfd8289e1d45cd02c86100' AND `sha1` = '795ac1077e7bedb66019a81a18b756e041518e83' LIMIT 1   [ RunTime:0.0110s ]
SQL: SELECT `id`,`path`,`url`,`md5`,`sha1`,`status`,`create_time` FROM `yj_picture` WHERE `md5` = '7a38767ce3af8678439a3bdbec4edb0c' AND `sha1` = 'e75921b50df3d65af9e6d0a8c1ddd0d4d1d7c219' LIMIT 1   [ RunTime:0.0110s ]
NOTIC: [8] Undefined index: file D:\Apache\htdocs\yuban\Apps\Home\Controller\PublicController.class.php 第 81 行.
NOTIC: [8] Undefined index: file D:\Apache\htdocs\yuban\Apps\Home\Controller\PublicController.class.php 第 83 行.
NOTIC: [8] Undefined index: file D:\Apache\htdocs\yuban\Apps\Home\Controller\PublicController.class.php 第 83 行.
NOTIC: [8] Undefined index: file D:\Apache\htdocs\yuban\Apps\Home\Controller\PublicController.class.php 第 83 行.
NOTIC: [8] Undefined index: file D:\Apache\htdocs\yuban\Apps\Home\Controller\PublicController.class.php 第 83 行.
NOTIC: [8] Undefined index: file D:\Apache\htdocs\yuban\Apps\Home\Controller\PublicController.class.php 第 83 行.
NOTIC: [8] Undefined index: file D:\Apache\htdocs\yuban\Apps\Home\Controller\PublicController.class.php 第 83 行.

[ 2015-11-17T18:38:12+08:00 ] ::1 /yuban/index.php/Home/Public/uploadPicture
INFO: [ app_init ] --START--
INFO: Run Behavior\BuildLiteBehavior [ RunTime:0.000000s ]
INFO: [ app_init ] --END-- [ RunTime:0.000000s ]
INFO: [ app_begin ] --START--
INFO: Run Behavior\ReadHtmlCacheBehavior [ RunTime:0.000000s ]
INFO: Run Behavior\CheckLangBehavior [ RunTime:0.001000s ]
INFO: [ app_begin ] --END-- [ RunTime:0.001000s ]
SQL: SHOW COLUMNS FROM `yj_picture` [ RunTime:0.0100s ]
SQL: SELECT `id`,`path`,`url`,`md5`,`sha1`,`status`,`create_time` FROM `yj_picture` WHERE `md5` = '614c3b037ef35d06e89419a565e4ddb6' AND `sha1` = '8cb3927cb04d024cf35f062a6a1d5794154141f0' LIMIT 1   [ RunTime:0.0090s ]
SQL: SELECT `id`,`path`,`url`,`md5`,`sha1`,`status`,`create_time` FROM `yj_picture` WHERE `md5` = '71cc6b2507bfd8289e1d45cd02c86100' AND `sha1` = '795ac1077e7bedb66019a81a18b756e041518e83' LIMIT 1   [ RunTime:0.0100s ]
SQL: SELECT `id`,`path`,`url`,`md5`,`sha1`,`status`,`create_time` FROM `yj_picture` WHERE `md5` = '7a38767ce3af8678439a3bdbec4edb0c' AND `sha1` = 'e75921b50df3d65af9e6d0a8c1ddd0d4d1d7c219' LIMIT 1   [ RunTime:0.0080s ]
NOTIC: [8] Undefined index: file D:\Apache\htdocs\yuban\Apps\Home\Controller\PublicController.class.php 第 81 行.

[ 2015-11-17T18:41:46+08:00 ] ::1 /yuban/index.php/Home/Public/uploadPicture
INFO: [ app_init ] --START--
INFO: Run Behavior\BuildLiteBehavior [ RunTime:0.000000s ]
INFO: [ app_init ] --END-- [ RunTime:0.000000s ]
INFO: [ app_begin ] --START--
INFO: Run Behavior\ReadHtmlCacheBehavior [ RunTime:0.000000s ]
INFO: Run Behavior\CheckLangBehavior [ RunTime:0.003000s ]
INFO: [ app_begin ] --END-- [ RunTime:0.003000s ]
SQL: SHOW COLUMNS FROM `yj_picture` [ RunTime:0.0100s ]
SQL: SELECT `id`,`path`,`url`,`md5`,`sha1`,`status`,`create_time` FROM `yj_picture` WHERE `md5` = '7a38767ce3af8678439a3bdbec4edb0c' AND `sha1` = 'e75921b50df3d65af9e6d0a8c1ddd0d4d1d7c219' LIMIT 1   [ RunTime:0.0120s ]

[ 2015-11-17T18:47:00+08:00 ] ::1 /yuban/index.php/Home/Public/upload
INFO: [ app_init ] --START--
INFO: Run Behavior\BuildLiteBehavior [ RunTime:0.000000s ]
INFO: [ app_init ] --END-- [ RunTime:0.000000s ]
INFO: [ app_begin ] --START--
INFO: Run Behavior\ReadHtmlCacheBehavior [ RunTime:0.001000s ]
INFO: Run Behavior\CheckLangBehavior [ RunTime:0.001000s ]
INFO: [ app_begin ] --END-- [ RunTime:0.003000s ]
SQL: SHOW COLUMNS FROM `yj_file` [ RunTime:0.0100s ]
SQL: SELECT `id`,`name`,`savename`,`savepath`,`ext`,`mime`,`size`,`md5`,`sha1`,`location`,`create_time` FROM `yj_file` WHERE `md5` = 'fffc9f68807906383bc3ab8219f02b0d' AND `sha1` = 'e7188ef5009d51ac4579a00837a14bfd2c27b20e' LIMIT 1   [ RunTime:0.0100s ]
NOTIC: [8] Undefined index: path D:\Apache\htdocs\Core\Library\Think\Upload.class.php 第 172 行.

[ 2015-11-17T18:52:11+08:00 ] ::1 /yuban/index.php/Home/Public/upload
INFO: [ app_init ] --START--
INFO: Run Behavior\BuildLiteBehavior [ RunTime:0.001000s ]
INFO: [ app_init ] --END-- [ RunTime:0.001000s ]
INFO: [ app_begin ] --START--
INFO: Run Behavior\ReadHtmlCacheBehavior [ RunTime:0.000000s ]
INFO: Run Behavior\CheckLangBehavior [ RunTime:0.000000s ]
INFO: [ app_begin ] --END-- [ RunTime:0.002000s ]
SQL: SHOW COLUMNS FROM `yj_file` [ RunTime:0.0090s ]
SQL: SELECT `id`,`name`,`savename`,`savepath`,`ext`,`mime`,`size`,`md5`,`sha1`,`location`,`create_time` FROM `yj_file` WHERE `md5` = 'fffc9f68807906383bc3ab8219f02b0d' AND `sha1` = 'e7188ef5009d51ac4579a00837a14bfd2c27b20e' LIMIT 1   [ RunTime:0.0090s ]
NOTIC: [8] Undefined index: path D:\Apache\htdocs\Core\Library\Think\Upload.class.php 第 172 行.

[ 2015-11-17T18:58:45+08:00 ] ::1 /yuban/index.php/Home/Public/upload
INFO: [ app_init ] --START--
INFO: Run Behavior\BuildLiteBehavior [ RunTime:0.000000s ]
INFO: [ app_init ] --END-- [ RunTime:0.000000s ]
INFO: [ app_begin ] --START--
INFO: Run Behavior\ReadHtmlCacheBehavior [ RunTime:0.000000s ]
INFO: Run Behavior\CheckLangBehavior [ RunTime:0.002000s ]
INFO: [ app_begin ] --END-- [ RunTime:0.003000s ]
SQL: SHOW COLUMNS FROM `yj_file` [ RunTime:0.0100s ]
SQL: SELECT `id`,`name`,`savename`,`savepath`,`ext`,`mime`,`size`,`md5`,`sha1`,`location`,`create_time` FROM `yj_file` WHERE `md5` = 'cc193a40422a8d4da29e05d9862526ce' AND `sha1` = '76d0d73cb9dc8f62112ca1379e6f947a2410ca0f' LIMIT 1   [ RunTime:0.0110s ]
SQL: SELECT `id`,`name`,`savename`,`savepath`,`ext`,`mime`,`size`,`md5`,`sha1`,`location`,`create_time` FROM `yj_file` WHERE `md5` = 'fffc9f68807906383bc3ab8219f02b0d' AND `sha1` = 'e7188ef5009d51ac4579a00837a14bfd2c27b20e' LIMIT 1   [ RunTime:0.0110s ]
NOTIC: [8] Undefined index: path D:\Apache\htdocs\Core\Library\Think\Upload.class.php 第 172 行.
NOTIC: [8] Undefined index: validate D:\Apache\htdocs\Core\Library\Think\Model.class.php 第 1185 行.
NOTIC: [8] Undefined index: auto D:\Apache\htdocs\Core\Library\Think\Model.class.php 第 1128 行.
SQL: INSERT INTO `yj_file` (`name`,`size`,`ext`,`md5`,`sha1`,`savename`,`savepath`,`mime`,`create_time`,`location`) VALUES ('2.jpg','2703157','jpg','cc193a40422a8d4da29e05d9862526ce','76d0d73cb9dc8f62112ca1379e6f947a2410ca0f','564b08659574c.jpg','2015-11-17/','image/jpeg','1447757925','0') [ RunTime:0.0060s ]
NOTIC: [8] Undefined index: file D:\Apache\htdocs\yuban\Apps\Home\Controller\PublicController.class.php 第 45 行.
NOTIC: [8] Undefined index: file D:\Apache\htdocs\yuban\Apps\Home\Controller\PublicController.class.php 第 47 行.
NOTIC: [8] Undefined index: file D:\Apache\htdocs\yuban\Apps\Home\Controller\PublicController.class.php 第 47 行.
NOTIC: [8] Undefined index: file D:\Apache\htdocs\yuban\Apps\Home\Controller\PublicController.class.php 第 47 行.
NOTIC: [8] Undefined index: file D:\Apache\htdocs\yuban\Apps\Home\Controller\PublicController.class.php 第 47 行.
NOTIC: [8] Undefined index: file D:\Apache\htdocs\yuban\Apps\Home\Controller\PublicController.class.php 第 47 行.
NOTIC: [8] Undefined index: file D:\Apache\htdocs\yuban\Apps\Home\Controller\PublicController.class.php 第 47 行.

[ 2015-11-17T19:00:26+08:00 ] ::1 /yuban/index.php/Home/Public/upload
INFO: [ app_init ] --START--
INFO: Run Behavior\BuildLiteBehavior [ RunTime:0.000000s ]
INFO: [ app_init ] --END-- [ RunTime:0.001000s ]
INFO: [ app_begin ] --START--
INFO: Run Behavior\ReadHtmlCacheBehavior [ RunTime:0.001000s ]
INFO: Run Behavior\CheckLangBehavior [ RunTime:0.001000s ]
INFO: [ app_begin ] --END-- [ RunTime:0.002000s ]
SQL: SHOW COLUMNS FROM `yj_file` [ RunTime:0.0090s ]
SQL: SELECT `id`,`name`,`savename`,`savepath`,`ext`,`mime`,`size`,`md5`,`sha1`,`location`,`create_time` FROM `yj_file` WHERE `md5` = 'cc193a40422a8d4da29e05d9862526ce' AND `sha1` = '76d0d73cb9dc8f62112ca1379e6f947a2410ca0f' LIMIT 1   [ RunTime:0.0090s ]
NOTIC: [8] Undefined index: path D:\Apache\htdocs\Core\Library\Think\Upload.class.php 第 172 行.
SQL: SELECT `id`,`name`,`savename`,`savepath`,`ext`,`mime`,`size`,`md5`,`sha1`,`location`,`create_time` FROM `yj_file` WHERE `md5` = 'fffc9f68807906383bc3ab8219f02b0d' AND `sha1` = 'e7188ef5009d51ac4579a00837a14bfd2c27b20e' LIMIT 1   [ RunTime:0.0060s ]
NOTIC: [8] Undefined index: path D:\Apache\htdocs\Core\Library\Think\Upload.class.php 第 172 行.
NOTIC: [8] Undefined index: file D:\Apache\htdocs\yuban\Apps\Home\Controller\PublicController.class.php 第 45 行.
NOTIC: [8] Undefined index: file D:\Apache\htdocs\yuban\Apps\Home\Controller\PublicController.class.php 第 47 行.
NOTIC: [8] Undefined index: file D:\Apache\htdocs\yuban\Apps\Home\Controller\PublicController.class.php 第 47 行.

[ 2015-11-17T19:00:52+08:00 ] ::1 /yuban/index.php/Home/Public/upload
INFO: [ app_init ] --START--
INFO: Run Behavior\BuildLiteBehavior [ RunTime:0.000000s ]
INFO: [ app_init ] --END-- [ RunTime:0.001000s ]
INFO: [ app_begin ] --START--
INFO: Run Behavior\ReadHtmlCacheBehavior [ RunTime:0.001000s ]
INFO: Run Behavior\CheckLangBehavior [ RunTime:0.001000s ]
INFO: [ app_begin ] --END-- [ RunTime:0.002000s ]
SQL: SHOW COLUMNS FROM `yj_file` [ RunTime:0.0100s ]
SQL: SELECT `id`,`name`,`savename`,`savepath`,`ext`,`mime`,`size`,`md5`,`sha1`,`location`,`create_time` FROM `yj_file` WHERE `md5` = 'cc193a40422a8d4da29e05d9862526ce' AND `sha1` = '76d0d73cb9dc8f62112ca1379e6f947a2410ca0f' LIMIT 1   [ RunTime:0.0110s ]
NOTIC: [8] Undefined index: path D:\Apache\htdocs\Core\Library\Think\Upload.class.php 第 172 行.
SQL: SELECT `id`,`name`,`savename`,`savepath`,`ext`,`mime`,`size`,`md5`,`sha1`,`location`,`create_time` FROM `yj_file` WHERE `md5` = 'fffc9f68807906383bc3ab8219f02b0d' AND `sha1` = 'e7188ef5009d51ac4579a00837a14bfd2c27b20e' LIMIT 1   [ RunTime:0.0130s ]
NOTIC: [8] Undefined index: path D:\Apache\htdocs\Core\Library\Think\Upload.class.php 第 172 行.
NOTIC: [8] Undefined index: file D:\Apache\htdocs\yuban\Apps\Home\Controller\PublicController.class.php 第 45 行.

