[ 2015-12-16T17:39:49+08:00 ] ::1 /yuban/index.php/Home/Index/test
INFO: [ app_init ] --START--
INFO: Run Behavior\BuildLiteBehavior [ RunTime:0.000000s ]
INFO: [ app_init ] --END-- [ RunTime:0.010001s ]
INFO: [ app_begin ] --START--
INFO: Run Behavior\ReadHtmlCacheBehavior [ RunTime:0.001000s ]
INFO: Run Behavior\CheckLangBehavior [ RunTime:0.014001s ]
INFO: [ app_begin ] --END-- [ RunTime:0.015001s ]
INFO: [ app_end ] --START--
INFO: Run Behavior\ShowPageTraceBehavior [ RunTime:0.011001s ]
INFO: [ app_end ] --END-- [ RunTime:0.011001s ]

[ 2015-12-16T17:40:12+08:00 ] ::1 /yuban/index.php/Home/Passport/login
INFO: [ app_init ] --START--
INFO: Run Behavior\BuildLiteBehavior [ RunTime:0.000000s ]
INFO: [ app_init ] --END-- [ RunTime:0.000000s ]
INFO: [ app_begin ] --START--
INFO: Run Behavior\ReadHtmlCacheBehavior [ RunTime:0.001000s ]
INFO: Run Behavior\CheckLangBehavior [ RunTime:0.000000s ]
INFO: [ app_begin ] --END-- [ RunTime:0.001000s ]
SQL: SHOW COLUMNS FROM `yj_userinfo` [ RunTime:0.0120s ]
SQL: SELECT `uid` FROM `yj_userinfo` WHERE ( mobile="18643627216" ) LIMIT 1   [ RunTime:0.0130s ]

[ 2015-12-16T17:40:25+08:00 ] ::1 /yuban/index.php/Home/User/unFriend
INFO: [ app_init ] --START--
INFO: Run Behavior\BuildLiteBehavior [ RunTime:0.000000s ]
INFO: [ app_init ] --END-- [ RunTime:0.000000s ]
INFO: [ app_begin ] --START--
INFO: Run Behavior\ReadHtmlCacheBehavior [ RunTime:0.000000s ]
INFO: Run Behavior\CheckLangBehavior [ RunTime:0.001000s ]
INFO: [ app_begin ] --END-- [ RunTime:0.001000s ]
NOTIC: [8] Undefined index: User D:\Apache\htdocs\yuban\Apps\Home\Controller\BaseController.class.php 第 25 行.

[ 2015-12-16T17:40:41+08:00 ] ::1 /yuban/index.php/Home/Index/test
INFO: [ app_init ] --START--
INFO: Run Behavior\BuildLiteBehavior [ RunTime:0.000000s ]
INFO: [ app_init ] --END-- [ RunTime:0.000000s ]
INFO: [ app_begin ] --START--
INFO: Run Behavior\ReadHtmlCacheBehavior [ RunTime:0.000000s ]
INFO: Run Behavior\CheckLangBehavior [ RunTime:0.001000s ]
INFO: [ app_begin ] --END-- [ RunTime:0.001000s ]
INFO: [ app_end ] --START--
INFO: Run Behavior\ShowPageTraceBehavior [ RunTime:0.001000s ]
INFO: [ app_end ] --END-- [ RunTime:0.001000s ]

[ 2015-12-16T17:40:57+08:00 ] ::1 /yuban/index.php/Home/User/unFriend
INFO: [ app_init ] --START--
INFO: Run Behavior\BuildLiteBehavior [ RunTime:0.000000s ]
INFO: [ app_init ] --END-- [ RunTime:0.001000s ]
INFO: [ app_begin ] --START--
INFO: Run Behavior\ReadHtmlCacheBehavior [ RunTime:0.001000s ]
INFO: Run Behavior\CheckLangBehavior [ RunTime:0.001000s ]
INFO: [ app_begin ] --END-- [ RunTime:0.002000s ]
NOTIC: [8] Undefined index: User D:\Apache\htdocs\yuban\Apps\Home\Controller\BaseController.class.php 第 25 行.
SQL: SHOW COLUMNS FROM `yj_friend` [ RunTime:0.0100s ]
SQL: SELECT `id`,`type` FROM `yj_friend` WHERE ( from_id=2 and to_id=3 ) LIMIT 1   [ RunTime:0.0060s ]
SQL: DELETE FROM `yj_friend` WHERE ( id=2 ) [ RunTime:0.0350s ]

[ 2015-12-16T17:41:31+08:00 ] ::1 /yuban/index.php/Home/User/unFriend
INFO: [ app_init ] --START--
INFO: Run Behavior\BuildLiteBehavior [ RunTime:0.000000s ]
INFO: [ app_init ] --END-- [ RunTime:0.000000s ]
INFO: [ app_begin ] --START--
INFO: Run Behavior\ReadHtmlCacheBehavior [ RunTime:0.001000s ]
INFO: Run Behavior\CheckLangBehavior [ RunTime:0.000000s ]
INFO: [ app_begin ] --END-- [ RunTime:0.001000s ]
NOTIC: [8] Undefined index: User D:\Apache\htdocs\yuban\Apps\Home\Controller\BaseController.class.php 第 25 行.
SQL: SHOW COLUMNS FROM `yj_friend` [ RunTime:0.0080s ]
SQL: SELECT `id`,`type` FROM `yj_friend` WHERE ( from_id=2 and to_id=1 ) LIMIT 1   [ RunTime:0.0090s ]
SQL: UPDATE `yj_friend` SET `type`='2' WHERE ( id=21 ) [ RunTime:0.0470s ]

