[ 2015-11-29T11:09:14+08:00 ] ::1 /yuban/index.php/Home/Passport/login
INFO: [ app_init ] --START--
INFO: Run Behavior\BuildLiteBehavior [ RunTime:0.000000s ]
INFO: [ app_init ] --END-- [ RunTime:0.000000s ]
INFO: [ app_begin ] --START--
INFO: Run Behavior\ReadHtmlCacheBehavior [ RunTime:0.000000s ]
INFO: Run Behavior\CheckLangBehavior [ RunTime:0.000000s ]
INFO: [ app_begin ] --END-- [ RunTime:0.000000s ]
SQL: SHOW COLUMNS FROM `yj_userinfo` [ RunTime:0.0000s ]
SQL: SELECT `uid` FROM `yj_userinfo` WHERE ( mobile="18643627216" ) LIMIT 1   [ RunTime:0.0156s ]

[ 2015-11-29T11:09:20+08:00 ] ::1 /yuban/
INFO: [ app_init ] --START--
INFO: Run Behavior\BuildLiteBehavior [ RunTime:0.000000s ]
INFO: [ app_init ] --END-- [ RunTime:0.001000s ]
INFO: [ app_begin ] --START--
INFO: Run Behavior\ReadHtmlCacheBehavior [ RunTime:0.001000s ]
INFO: Run Behavior\CheckLangBehavior [ RunTime:0.000000s ]
INFO: [ app_begin ] --END-- [ RunTime:0.001000s ]
INFO: [ view_parse ] --START--
INFO: Run Behavior\ParseTemplateBehavior [ RunTime:0.001000s ]
INFO: [ view_parse ] --END-- [ RunTime:0.001000s ]
INFO: [ view_filter ] --START--
INFO: Run Behavior\WriteHtmlCacheBehavior [ RunTime:0.014001s ]
INFO: [ view_filter ] --END-- [ RunTime:0.015001s ]
INFO: [ app_end ] --START--
INFO: Run Behavior\ShowPageTraceBehavior [ RunTime:0.001000s ]
INFO: [ app_end ] --END-- [ RunTime:0.001000s ]

[ 2015-11-29T11:09:25+08:00 ] ::1 /yuban/index.php/Home/Index/test
INFO: [ app_init ] --START--
INFO: Run Behavior\BuildLiteBehavior [ RunTime:0.000000s ]
INFO: [ app_init ] --END-- [ RunTime:0.000000s ]
INFO: [ app_begin ] --START--
INFO: Run Behavior\ReadHtmlCacheBehavior [ RunTime:0.000000s ]
INFO: Run Behavior\CheckLangBehavior [ RunTime:0.000000s ]
INFO: [ app_begin ] --END-- [ RunTime:0.000000s ]
INFO: [ app_end ] --START--
INFO: Run Behavior\ShowPageTraceBehavior [ RunTime:0.000000s ]
INFO: [ app_end ] --END-- [ RunTime:0.000000s ]

[ 2015-11-29T11:10:03+08:00 ] ::1 /yuban/index.php/Home/Index/test
INFO: [ app_init ] --START--
INFO: Run Behavior\BuildLiteBehavior [ RunTime:0.000000s ]
INFO: [ app_init ] --END-- [ RunTime:0.000000s ]
INFO: [ app_begin ] --START--
INFO: Run Behavior\ReadHtmlCacheBehavior [ RunTime:0.000000s ]
INFO: Run Behavior\CheckLangBehavior [ RunTime:0.015600s ]
INFO: [ app_begin ] --END-- [ RunTime:0.015600s ]
SQL: SHOW COLUMNS FROM `yj_userinfo` [ RunTime:0.0090s ]
SQL: SELECT * FROM `yj_userinfo` WHERE ( uid=3 ) LIMIT 1   [ RunTime:0.0110s ]

[ 2015-11-29T11:12:05+08:00 ] ::1 /yuban/index.php/Home/Index/test
INFO: [ app_init ] --START--
INFO: Run Behavior\BuildLiteBehavior [ RunTime:0.000000s ]
INFO: [ app_init ] --END-- [ RunTime:0.000000s ]
INFO: [ app_begin ] --START--
INFO: Run Behavior\ReadHtmlCacheBehavior [ RunTime:0.000000s ]
INFO: Run Behavior\CheckLangBehavior [ RunTime:0.000000s ]
INFO: [ app_begin ] --END-- [ RunTime:0.000000s ]
SQL: SHOW COLUMNS FROM `yj_userinfo` [ RunTime:0.0100s ]
SQL: SELECT * FROM `yj_userinfo` WHERE ( uid=3 ) LIMIT 1   [ RunTime:0.0070s ]
SQL: SHOW COLUMNS FROM `yj_file` [ RunTime:0.0070s ]
SQL: SELECT `savepath`,`savename` FROM `yj_file` WHERE ( id=2 ) LIMIT 1   [ RunTime:0.0070s ]
SQL: SELECT `savepath`,`savename` FROM `yj_file` WHERE ( id=20 ) LIMIT 1   [ RunTime:0.0090s ]
SQL: SHOW COLUMNS FROM `yj_picture` [ RunTime:0.0100s ]
SQL: SELECT `path` FROM `yj_picture` WHERE ( id=27 ) LIMIT 1   [ RunTime:0.0080s ]
SQL: SELECT `path` FROM `yj_picture` WHERE ( id=25 ) LIMIT 1   [ RunTime:0.0090s ]
SQL: SELECT `path` FROM `yj_picture` WHERE ( id=3 ) LIMIT 1   [ RunTime:0.0080s ]
SQL: SELECT `path` FROM `yj_picture` WHERE ( id=2 ) LIMIT 1   [ RunTime:0.0100s ]
SQL: SHOW COLUMNS FROM `yj_user_language` [ RunTime:0.0090s ]
SQL: SELECT `lid`,`type`,`self_level`,`sys_level` FROM `yj_user_language` WHERE ( uid=3 )  [ RunTime:0.0090s ]
SQL: SHOW COLUMNS FROM `yj_language` [ RunTime:0.0110s ]
SQL: SELECT `lid`,`language_name` FROM `yj_language`  [ RunTime:0.0080s ]
SQL: SHOW COLUMNS FROM `yj_user_tags` [ RunTime:0.0090s ]
SQL: SELECT `tid` FROM `yj_user_tags` WHERE ( uid=3 )  [ RunTime:0.0080s ]
SQL: SHOW COLUMNS FROM `yj_tags` [ RunTime:0.0070s ]
SQL: SELECT `tid`,`tag_name` FROM `yj_tags`  [ RunTime:0.0080s ]
SQL: SELECT * FROM `yj_userinfo` WHERE ( uid=9 ) LIMIT 1   [ RunTime:0.0090s ]
SQL: SELECT `savepath`,`savename` FROM `yj_file` WHERE ( id=22 ) LIMIT 1   [ RunTime:0.0070s ]
SQL: SELECT `path` FROM `yj_picture` WHERE ( id=32 ) LIMIT 1   [ RunTime:0.0080s ]
SQL: SELECT `path` FROM `yj_picture` WHERE ( id=31 ) LIMIT 1   [ RunTime:0.0080s ]
SQL: SELECT `path` FROM `yj_picture` WHERE ( id=30 ) LIMIT 1   [ RunTime:0.0080s ]
SQL: SELECT `path` FROM `yj_picture` WHERE ( id=29 ) LIMIT 1   [ RunTime:0.0080s ]
SQL: SELECT `path` FROM `yj_picture` WHERE ( id=28 ) LIMIT 1   [ RunTime:0.0080s ]
SQL: SELECT `path` FROM `yj_picture` WHERE ( id=26 ) LIMIT 1   [ RunTime:0.0090s ]
SQL: SELECT `lid`,`type`,`self_level`,`sys_level` FROM `yj_user_language` WHERE ( uid=9 )  [ RunTime:0.0080s ]
SQL: SELECT `tid` FROM `yj_user_tags` WHERE ( uid=9 )  [ RunTime:0.0090s ]
NOTIC: [8] Undefined offset: 0 D:\Apache\htdocs\yuban\Apps\Home\Model\UserinfoModel.class.php 第 77 行.
INFO: [ app_end ] --START--
INFO: Run Behavior\ShowPageTraceBehavior [ RunTime:0.001000s ]
INFO: [ app_end ] --END-- [ RunTime:0.001000s ]

[ 2015-11-29T11:18:17+08:00 ] ::1 /yuban/index.php/Home/User/saveInfo
INFO: [ app_init ] --START--
INFO: Run Behavior\BuildLiteBehavior [ RunTime:0.000000s ]
INFO: [ app_init ] --END-- [ RunTime:0.000000s ]
INFO: [ app_begin ] --START--
INFO: Run Behavior\ReadHtmlCacheBehavior [ RunTime:0.000000s ]
INFO: Run Behavior\CheckLangBehavior [ RunTime:0.001000s ]
INFO: [ app_begin ] --END-- [ RunTime:0.001000s ]
NOTIC: [8] Undefined index: User D:\Apache\htdocs\yuban\Apps\Home\Controller\BaseController.class.php 第 24 行.
SQL: SHOW COLUMNS FROM `yj_picture` [ RunTime:0.0090s ]
SQL: SELECT `path` FROM `yj_picture` WHERE ( id=21 ) LIMIT 1   [ RunTime:0.0070s ]
SQL: SELECT `path` FROM `yj_picture` WHERE ( id=31 ) LIMIT 1   [ RunTime:0.0080s ]
SQL: SELECT `path` FROM `yj_picture` WHERE ( id=32 ) LIMIT 1   [ RunTime:0.0080s ]
SQL: SELECT `path` FROM `yj_picture` WHERE ( id=21 ) LIMIT 1   [ RunTime:0.0070s ]
SQL: SHOW COLUMNS FROM `yj_shunjian` [ RunTime:0.0090s ]
SQL: INSERT INTO `yj_shunjian` (`uid`,`type`,`url`) VALUES ('2','1','/Uploads/Picture/2015-11-25/565549c68583c.jpg') [ RunTime:0.0110s ]
SQL: SELECT `path` FROM `yj_picture` WHERE ( id=31 ) LIMIT 1   [ RunTime:0.0080s ]
SQL: INSERT INTO `yj_shunjian` (`uid`,`type`,`url`) VALUES ('2','1','/Uploads/Picture/2015-11-28/56591732c8826.jpg') [ RunTime:0.0080s ]
SQL: SELECT `path` FROM `yj_picture` WHERE ( id=32 ) LIMIT 1   [ RunTime:0.0000s ]
SQL: INSERT INTO `yj_shunjian` (`uid`,`type`,`url`) VALUES ('2','1','/Uploads/Picture/2015-11-28/5659173de7eb5.jpg') [ RunTime:0.0156s ]
NOTIC: [8] Undefined index: sex D:\Apache\htdocs\yuban\Apps\Home\Controller\UserController.class.php 第 260 行.
NOTIC: [8] Undefined index: sex D:\Apache\htdocs\yuban\Apps\Home\Controller\UserController.class.php 第 260 行.

[ 2015-11-29T11:19:44+08:00 ] ::1 /yuban/index.php/Home/User/saveInfo
INFO: [ app_init ] --START--
INFO: Run Behavior\BuildLiteBehavior [ RunTime:0.000000s ]
INFO: [ app_init ] --END-- [ RunTime:0.000000s ]
INFO: [ app_begin ] --START--
INFO: Run Behavior\ReadHtmlCacheBehavior [ RunTime:0.000000s ]
INFO: Run Behavior\CheckLangBehavior [ RunTime:0.001000s ]
INFO: [ app_begin ] --END-- [ RunTime:0.001000s ]
NOTIC: [8] Undefined index: User D:\Apache\htdocs\yuban\Apps\Home\Controller\BaseController.class.php 第 24 行.
NOTIC: [8] Undefined index: sex D:\Apache\htdocs\yuban\Apps\Home\Controller\UserController.class.php 第 260 行.
NOTIC: [8] Undefined index: sex D:\Apache\htdocs\yuban\Apps\Home\Controller\UserController.class.php 第 260 行.

[ 2015-11-29T11:20:28+08:00 ] ::1 /yuban/index.php/Home/User/saveInfo
INFO: [ app_init ] --START--
INFO: Run Behavior\BuildLiteBehavior [ RunTime:0.000000s ]
INFO: [ app_init ] --END-- [ RunTime:0.000000s ]
INFO: [ app_begin ] --START--
INFO: Run Behavior\ReadHtmlCacheBehavior [ RunTime:0.000000s ]
INFO: Run Behavior\CheckLangBehavior [ RunTime:0.002000s ]
INFO: [ app_begin ] --END-- [ RunTime:0.003000s ]
NOTIC: [8] Undefined index: User D:\Apache\htdocs\yuban\Apps\Home\Controller\BaseController.class.php 第 24 行.
NOTIC: [8] Undefined index: sex D:\Apache\htdocs\yuban\Apps\Home\Controller\UserController.class.php 第 260 行.
NOTIC: [8] Undefined index: sex D:\Apache\htdocs\yuban\Apps\Home\Controller\UserController.class.php 第 260 行.

[ 2015-11-29T11:21:13+08:00 ] ::1 /yuban/index.php/Home/User/saveInfo
INFO: [ app_init ] --START--
INFO: Run Behavior\BuildLiteBehavior [ RunTime:0.000000s ]
INFO: [ app_init ] --END-- [ RunTime:0.001000s ]
INFO: [ app_begin ] --START--
INFO: Run Behavior\ReadHtmlCacheBehavior [ RunTime:0.000000s ]
INFO: Run Behavior\CheckLangBehavior [ RunTime:0.001000s ]
INFO: [ app_begin ] --END-- [ RunTime:0.001000s ]
NOTIC: [8] Undefined index: User D:\Apache\htdocs\yuban\Apps\Home\Controller\BaseController.class.php 第 24 行.
NOTIC: [8] Undefined index: sex D:\Apache\htdocs\yuban\Apps\Home\Controller\UserController.class.php 第 261 行.
NOTIC: [8] Undefined index: sex D:\Apache\htdocs\yuban\Apps\Home\Controller\UserController.class.php 第 261 行.

[ 2015-11-29T11:21:53+08:00 ] ::1 /yuban/index.php/Home/User/saveInfo
INFO: [ app_init ] --START--
INFO: Run Behavior\BuildLiteBehavior [ RunTime:0.000000s ]
INFO: [ app_init ] --END-- [ RunTime:0.000000s ]
INFO: [ app_begin ] --START--
INFO: Run Behavior\ReadHtmlCacheBehavior [ RunTime:0.000000s ]
INFO: Run Behavior\CheckLangBehavior [ RunTime:0.001000s ]
INFO: [ app_begin ] --END-- [ RunTime:0.001000s ]
NOTIC: [8] Undefined index: User D:\Apache\htdocs\yuban\Apps\Home\Controller\BaseController.class.php 第 24 行.
NOTIC: [8] Undefined index: sex D:\Apache\htdocs\yuban\Apps\Home\Controller\UserController.class.php 第 263 行.
NOTIC: [8] Undefined index: sex D:\Apache\htdocs\yuban\Apps\Home\Controller\UserController.class.php 第 263 行.

[ 2015-11-29T11:22:43+08:00 ] ::1 /yuban/index.php/Home/User/saveInfo
INFO: [ app_init ] --START--
INFO: Run Behavior\BuildLiteBehavior [ RunTime:0.000000s ]
INFO: [ app_init ] --END-- [ RunTime:0.000000s ]
INFO: [ app_begin ] --START--
INFO: Run Behavior\ReadHtmlCacheBehavior [ RunTime:0.000000s ]
INFO: Run Behavior\CheckLangBehavior [ RunTime:0.001000s ]
INFO: [ app_begin ] --END-- [ RunTime:0.001000s ]
NOTIC: [8] Undefined index: User D:\Apache\htdocs\yuban\Apps\Home\Controller\BaseController.class.php 第 24 行.
NOTIC: [8] Undefined index: sex D:\Apache\htdocs\yuban\Apps\Home\Controller\UserController.class.php 第 261 行.
NOTIC: [8] Undefined index: sex D:\Apache\htdocs\yuban\Apps\Home\Controller\UserController.class.php 第 261 行.

[ 2015-11-29T11:23:17+08:00 ] ::1 /yuban/index.php/Home/User/saveInfo
INFO: [ app_init ] --START--
INFO: Run Behavior\BuildLiteBehavior [ RunTime:0.000000s ]
INFO: [ app_init ] --END-- [ RunTime:0.000000s ]
INFO: [ app_begin ] --START--
INFO: Run Behavior\ReadHtmlCacheBehavior [ RunTime:0.000000s ]
INFO: Run Behavior\CheckLangBehavior [ RunTime:0.001000s ]
INFO: [ app_begin ] --END-- [ RunTime:0.001000s ]
NOTIC: [8] Undefined index: User D:\Apache\htdocs\yuban\Apps\Home\Controller\BaseController.class.php 第 24 行.
NOTIC: [8] Undefined index: sex D:\Apache\htdocs\yuban\Apps\Home\Controller\UserController.class.php 第 262 行.
NOTIC: [8] Undefined index: sex D:\Apache\htdocs\yuban\Apps\Home\Controller\UserController.class.php 第 262 行.

[ 2015-11-29T11:25:08+08:00 ] ::1 /yuban/index.php/Home/User/saveInfo
INFO: [ app_init ] --START--
INFO: Run Behavior\BuildLiteBehavior [ RunTime:0.000000s ]
INFO: [ app_init ] --END-- [ RunTime:0.001000s ]
INFO: [ app_begin ] --START--
INFO: Run Behavior\ReadHtmlCacheBehavior [ RunTime:0.001000s ]
INFO: Run Behavior\CheckLangBehavior [ RunTime:0.002000s ]
INFO: [ app_begin ] --END-- [ RunTime:0.003000s ]
NOTIC: [8] Undefined index: User D:\Apache\htdocs\yuban\Apps\Home\Controller\BaseController.class.php 第 24 行.
SQL: SHOW COLUMNS FROM `yj_file` [ RunTime:0.0110s ]
SQL: SELECT `savepath`,`savename` FROM `yj_file` WHERE ( id=21 ) LIMIT 1   [ RunTime:0.0120s ]
SQL: SHOW COLUMNS FROM `yj_shunjian` [ RunTime:0.0110s ]
SQL: INSERT INTO `yj_shunjian` (`type`,`url`,`uid`) VALUES ('2','/Uploads/File/2015-11-27/56587d778a7d1.mp4','2') [ RunTime:0.0070s ]
NOTIC: [8] Undefined index: lid D:\Apache\htdocs\yuban\Apps\Home\Controller\UserController.class.php 第 322 行.
NOTIC: [8] Undefined index: self_level D:\Apache\htdocs\yuban\Apps\Home\Controller\UserController.class.php 第 326 行.
SQL: SHOW COLUMNS FROM `yj_user_language` [ RunTime:0.0090s ]
SQL: UPDATE `yj_user_language` SET `lid`='7',`self_level`='3.5' WHERE ( uid=2 ) [ RunTime:0.0320s ]
SQL: SELECT `lid`,`type`,`sys_level`,`self_level` FROM `yj_user_language` WHERE ( uid=2 )  [ RunTime:0.0100s ]
SQL: SHOW COLUMNS FROM `yj_language` [ RunTime:0.0100s ]
SQL: SHOW COLUMNS FROM `yj_userinfo` [ RunTime:0.0110s ]
SQL: UPDATE `yj_userinfo` SET `sex`='2',`video_profile`='21',`country`='1',`province`='241',`city`='372',`location`='中国/北京/东城',`cur_language`='7',`level`='3.5' WHERE ( uid=2 ) [ RunTime:0.0220s ]

[ 2015-11-29T11:27:40+08:00 ] ::1 /yuban/index.php/Home/Index/test
INFO: [ app_init ] --START--
INFO: Run Behavior\BuildLiteBehavior [ RunTime:0.000000s ]
INFO: [ app_init ] --END-- [ RunTime:0.000000s ]
INFO: [ app_begin ] --START--
INFO: Run Behavior\ReadHtmlCacheBehavior [ RunTime:0.000000s ]
INFO: Run Behavior\CheckLangBehavior [ RunTime:0.000000s ]
INFO: [ app_begin ] --END-- [ RunTime:0.000000s ]
INFO: [ app_end ] --START--
INFO: Run Behavior\ShowPageTraceBehavior [ RunTime:0.000000s ]
INFO: [ app_end ] --END-- [ RunTime:0.001000s ]

[ 2015-11-29T11:34:27+08:00 ] ::1 /yuban/index.php/Home/User/mlog
INFO: [ app_init ] --START--
INFO: Run Behavior\BuildLiteBehavior [ RunTime:0.000000s ]
INFO: [ app_init ] --END-- [ RunTime:0.001000s ]
INFO: [ app_begin ] --START--
INFO: Run Behavior\ReadHtmlCacheBehavior [ RunTime:0.000000s ]
INFO: Run Behavior\CheckLangBehavior [ RunTime:0.001000s ]
INFO: [ app_begin ] --END-- [ RunTime:0.001000s ]
NOTIC: [8] Undefined index: User D:\Apache\htdocs\yuban\Apps\Home\Controller\BaseController.class.php 第 24 行.
SQL: SHOW COLUMNS FROM `yj_umoney` [ RunTime:0.0100s ]
SQL: SELECT `totalmoney`,`not_tixian` FROM `yj_umoney` WHERE ( uid=2 ) LIMIT 1   [ RunTime:0.0070s ]
SQL: SHOW COLUMNS FROM `yj_mlog` [ RunTime:0.0080s ]
SQL: SELECT COUNT(id) AS tp_count FROM `yj_mlog` WHERE ( type=1 and uid=2 ) LIMIT 1   [ RunTime:0.0070s ]
SQL: SELECT `money`,`ctime`,`note` FROM `yj_mlog` WHERE ( type=1 and uid=2 ) ORDER BY id desc LIMIT 0,10   [ RunTime:0.0090s ]

[ 2015-11-29T11:36:56+08:00 ] ::1 /yuban/index.php/Home/User/mlog
INFO: [ app_init ] --START--
INFO: Run Behavior\BuildLiteBehavior [ RunTime:0.000000s ]
INFO: [ app_init ] --END-- [ RunTime:0.001000s ]
INFO: [ app_begin ] --START--
INFO: Run Behavior\ReadHtmlCacheBehavior [ RunTime:0.001001s ]
INFO: Run Behavior\CheckLangBehavior [ RunTime:0.001000s ]
INFO: [ app_begin ] --END-- [ RunTime:0.002001s ]
NOTIC: [8] Undefined index: User D:\Apache\htdocs\yuban\Apps\Home\Controller\BaseController.class.php 第 24 行.
SQL: SHOW COLUMNS FROM `yj_umoney` [ RunTime:0.0090s ]
SQL: SELECT `totalmoney`,`not_tixian` FROM `yj_umoney` WHERE ( uid=2 ) LIMIT 1   [ RunTime:0.0070s ]
SQL: SHOW COLUMNS FROM `yj_mlog` [ RunTime:0.0080s ]
SQL: SELECT COUNT(id) AS tp_count FROM `yj_mlog` WHERE ( type=2 and uid=2 ) LIMIT 1   [ RunTime:0.0110s ]
SQL: SELECT `money`,`ctime`,`note` FROM `yj_mlog` WHERE ( type=2 and uid=2 ) ORDER BY id desc LIMIT 0,10   [ RunTime:0.0120s ]

[ 2015-11-29T12:06:19+08:00 ] ::1 /yuban/index.php/Home/User/suggest
INFO: [ app_init ] --START--
INFO: Run Behavior\BuildLiteBehavior [ RunTime:0.000000s ]
INFO: [ app_init ] --END-- [ RunTime:0.001000s ]
INFO: [ app_begin ] --START--
INFO: Run Behavior\ReadHtmlCacheBehavior [ RunTime:0.000000s ]
INFO: Run Behavior\CheckLangBehavior [ RunTime:0.001000s ]
INFO: [ app_begin ] --END-- [ RunTime:0.001000s ]
NOTIC: [8] Undefined index: User D:\Apache\htdocs\yuban\Apps\Home\Controller\BaseController.class.php 第 24 行.
SQL: SHOW COLUMNS FROM `yj_suggest` [ RunTime:0.0110s ]
SQL: INSERT INTO `yj_suggest` (`content`,`uid`,`ctime`) VALUES ('这是一条建议.意见测试','2','1448769979') [ RunTime:0.0070s ]

[ 2015-11-29T13:32:57+08:00 ] ::1 /yuban/index.php/Home/Index/test
INFO: [ app_init ] --START--
INFO: Run Behavior\BuildLiteBehavior [ RunTime:0.000000s ]
INFO: [ app_init ] --END-- [ RunTime:0.000000s ]
INFO: [ app_begin ] --START--
INFO: Run Behavior\ReadHtmlCacheBehavior [ RunTime:0.000000s ]
INFO: Run Behavior\CheckLangBehavior [ RunTime:0.001000s ]
INFO: [ app_begin ] --END-- [ RunTime:0.001000s ]
INFO: [ app_end ] --START--
INFO: Run Behavior\ShowPageTraceBehavior [ RunTime:0.001000s ]
INFO: [ app_end ] --END-- [ RunTime:0.001000s ]

[ 2015-11-29T13:33:17+08:00 ] ::1 /yuban/index.php/Home/Index/test
INFO: [ app_init ] --START--
INFO: Run Behavior\BuildLiteBehavior [ RunTime:0.000000s ]
INFO: [ app_init ] --END-- [ RunTime:0.000000s ]
INFO: [ app_begin ] --START--
INFO: Run Behavior\ReadHtmlCacheBehavior [ RunTime:0.000000s ]
INFO: Run Behavior\CheckLangBehavior [ RunTime:0.000000s ]
INFO: [ app_begin ] --END-- [ RunTime:0.000000s ]
INFO: [ app_end ] --START--
INFO: Run Behavior\ShowPageTraceBehavior [ RunTime:0.000000s ]
INFO: [ app_end ] --END-- [ RunTime:0.000000s ]

[ 2015-11-29T13:52:34+08:00 ] ::1 /yuban/index.php/Home/Square/nearBy
INFO: [ app_init ] --START--
INFO: Run Behavior\BuildLiteBehavior [ RunTime:0.000000s ]
INFO: [ app_init ] --END-- [ RunTime:0.000000s ]
INFO: [ app_begin ] --START--
INFO: Run Behavior\ReadHtmlCacheBehavior [ RunTime:0.001000s ]
INFO: Run Behavior\CheckLangBehavior [ RunTime:0.001000s ]
INFO: [ app_begin ] --END-- [ RunTime:0.002000s ]

[ 2015-11-29T13:52:42+08:00 ] ::1 /yuban/index.php/Home/Square/nearBy
INFO: [ app_init ] --START--
INFO: Run Behavior\BuildLiteBehavior [ RunTime:0.000000s ]
INFO: [ app_init ] --END-- [ RunTime:0.000000s ]
INFO: [ app_begin ] --START--
INFO: Run Behavior\ReadHtmlCacheBehavior [ RunTime:0.000000s ]
INFO: Run Behavior\CheckLangBehavior [ RunTime:0.001000s ]
INFO: [ app_begin ] --END-- [ RunTime:0.001000s ]

[ 2015-11-29T13:53:36+08:00 ] ::1 /yuban/index.php/Home/Square/nearBy
INFO: [ app_init ] --START--
INFO: Run Behavior\BuildLiteBehavior [ RunTime:0.000000s ]
INFO: [ app_init ] --END-- [ RunTime:0.000000s ]
INFO: [ app_begin ] --START--
INFO: Run Behavior\ReadHtmlCacheBehavior [ RunTime:0.000000s ]
INFO: Run Behavior\CheckLangBehavior [ RunTime:0.001000s ]
INFO: [ app_begin ] --END-- [ RunTime:0.001000s ]
NOTIC: [8] Undefined index: nearBy D:\Apache\htdocs\yuban\Apps\Home\Controller\BaseController.class.php 第 24 行.
SQL: SHOW COLUMNS FROM `yj_user_position` [ RunTime:0.0090s ]
SQL: INSERT INTO `yj_user_position` (`lati`,`longi`,`ctime`,`uid`) VALUES ('116.377086','39.842081','1448776416','2') [ RunTime:0.0190s ]
NOTIC: [2] include_once(./Geohash.class.php): failed to open stream: No such file or directory D:\Apache\htdocs\yuban\Apps\Common\Util\LBS.class.php 第 6 行.
NOTIC: [2] include_once(): Failed opening './Geohash.class.php' for inclusion (include_path='.;C:\php\pear') D:\Apache\htdocs\yuban\Apps\Common\Util\LBS.class.php 第 6 行.

[ 2015-11-29T13:54:16+08:00 ] ::1 /yuban/index.php/Home/Square/nearBy
INFO: [ app_init ] --START--
INFO: Run Behavior\BuildLiteBehavior [ RunTime:0.000000s ]
INFO: [ app_init ] --END-- [ RunTime:0.000000s ]
INFO: [ app_begin ] --START--
INFO: Run Behavior\ReadHtmlCacheBehavior [ RunTime:0.000000s ]
INFO: Run Behavior\CheckLangBehavior [ RunTime:0.000000s ]
INFO: [ app_begin ] --END-- [ RunTime:0.000000s ]
NOTIC: [8] Undefined index: nearBy D:\Apache\htdocs\yuban\Apps\Home\Controller\BaseController.class.php 第 24 行.
SQL: SHOW COLUMNS FROM `yj_user_position` [ RunTime:0.0090s ]
SQL: INSERT INTO `yj_user_position` (`lati`,`longi`,`ctime`,`uid`) VALUES ('116.377086','39.842081','1448776456','2') [ RunTime:0.0210s ]
NOTIC: [2] include_once(./Geohash.class.php): failed to open stream: No such file or directory D:\Apache\htdocs\yuban\Apps\Common\Util\LBS.class.php 第 6 行.
NOTIC: [2] include_once(): Failed opening './Geohash.class.php' for inclusion (include_path='.;C:\php\pear') D:\Apache\htdocs\yuban\Apps\Common\Util\LBS.class.php 第 6 行.

