[ 2015-12-11T13:12:21+08:00 ] ::1 /yuban/index.php/Home/Order/ali_status
INFO: [ app_init ] --START--
INFO: Run Behavior\BuildLiteBehavior [ RunTime:0.000000s ]
INFO: [ app_init ] --END-- [ RunTime:0.004000s ]
INFO: [ app_begin ] --START--
INFO: Run Behavior\ReadHtmlCacheBehavior [ RunTime:0.007000s ]
INFO: Run Behavior\CheckLangBehavior [ RunTime:0.010001s ]
INFO: [ app_begin ] --END-- [ RunTime:0.017001s ]
NOTIC: [8] Undefined index: Order D:\Apache\htdocs\yuban\Apps\Home\Controller\BaseController.class.php 第 25 行.
INFO: [ app_end ] --START--
INFO: Run Behavior\ShowPageTraceBehavior [ RunTime:0.020002s ]
INFO: [ app_end ] --END-- [ RunTime:0.020002s ]

[ 2015-12-11T13:55:51+08:00 ] ::1 /yuban/index.php/Home/User/friendList
INFO: [ app_init ] --START--
INFO: Run Behavior\BuildLiteBehavior [ RunTime:0.000000s ]
INFO: [ app_init ] --END-- [ RunTime:0.001000s ]
INFO: [ app_begin ] --START--
INFO: Run Behavior\ReadHtmlCacheBehavior [ RunTime:0.001000s ]
INFO: Run Behavior\CheckLangBehavior [ RunTime:0.000000s ]
INFO: [ app_begin ] --END-- [ RunTime:0.001000s ]
NOTIC: [8] Undefined index: User D:\Apache\htdocs\yuban\Apps\Home\Controller\BaseController.class.php 第 25 行.

[ 2015-12-11T13:56:17+08:00 ] ::1 /yuban/
INFO: [ app_init ] --START--
INFO: Run Behavior\BuildLiteBehavior [ RunTime:0.000000s ]
INFO: [ app_init ] --END-- [ RunTime:0.000000s ]
INFO: [ app_begin ] --START--
INFO: Run Behavior\ReadHtmlCacheBehavior [ RunTime:0.001000s ]
INFO: Run Behavior\CheckLangBehavior [ RunTime:0.000000s ]
INFO: [ app_begin ] --END-- [ RunTime:0.001000s ]
ERR: 模板不存在:./Apps/Home/View/Index/index.html

[ 2015-12-11T13:56:24+08:00 ] ::1 /yuban/index.php/Home/Index/test
INFO: [ app_init ] --START--
INFO: Run Behavior\BuildLiteBehavior [ RunTime:0.000000s ]
INFO: [ app_init ] --END-- [ RunTime:0.000000s ]
INFO: [ app_begin ] --START--
INFO: Run Behavior\ReadHtmlCacheBehavior [ RunTime:0.000000s ]
INFO: Run Behavior\CheckLangBehavior [ RunTime:0.000000s ]
INFO: [ app_begin ] --END-- [ RunTime:0.000000s ]
SQL: SHOW COLUMNS FROM `yj_userinfo` [ RunTime:0.0100s ]
SQL: SELECT u.uid FROM yj_userinfo as u INNER JOIN yj_user_tags as ut ON u.uid = ut.uid  WHERE ( ut.tid = 1 and u.uid in (1,3,2,4,9) and u.sex=1 )  [ RunTime:0.0100s ]
SQL: SELECT u.uid FROM yj_userinfo as u WHERE (  u.uid in (1,3,2,4,9) and u.sex=1 )  [ RunTime:0.0100s ]

[ 2015-12-11T13:57:11+08:00 ] ::1 /yuban/index.php/Home/User/friendList
INFO: [ app_init ] --START--
INFO: Run Behavior\BuildLiteBehavior [ RunTime:0.000000s ]
INFO: [ app_init ] --END-- [ RunTime:0.000000s ]
INFO: [ app_begin ] --START--
INFO: Run Behavior\ReadHtmlCacheBehavior [ RunTime:0.000000s ]
INFO: Run Behavior\CheckLangBehavior [ RunTime:0.001000s ]
INFO: [ app_begin ] --END-- [ RunTime:0.001000s ]
NOTIC: [8] Undefined index: User D:\Apache\htdocs\yuban\Apps\Home\Controller\BaseController.class.php 第 25 行.
NOTIC: [8] Undefined offset: 4 D:\Apache\htdocs\yuban\Apps\Home\Controller\UserController.class.php 第 422 行.

[ 2015-12-11T13:57:12+08:00 ] ::1 /yuban/index.php/Home/User/friendList
INFO: [ app_init ] --START--
INFO: Run Behavior\BuildLiteBehavior [ RunTime:0.000000s ]
INFO: [ app_init ] --END-- [ RunTime:0.000000s ]
INFO: [ app_begin ] --START--
INFO: Run Behavior\ReadHtmlCacheBehavior [ RunTime:0.001000s ]
INFO: Run Behavior\CheckLangBehavior [ RunTime:0.000000s ]
INFO: [ app_begin ] --END-- [ RunTime:0.001000s ]
NOTIC: [8] Undefined index: User D:\Apache\htdocs\yuban\Apps\Home\Controller\BaseController.class.php 第 25 行.
SQL: SHOW COLUMNS FROM `yj_friend` [ RunTime:0.0100s ]
SQL: SELECT `to_id` FROM `yj_friend` WHERE `from_id` = '2' AND `type` IN (3,'1') ORDER BY id desc  [ RunTime:0.0140s ]
NOTIC: [8] Undefined offset: 3 D:\Apache\htdocs\yuban\Apps\Home\Controller\UserController.class.php 第 422 行.

[ 2015-12-11T14:02:02+08:00 ] ::1 /yuban/index.php/Home/Index/test
INFO: [ app_init ] --START--
INFO: Run Behavior\BuildLiteBehavior [ RunTime:0.000000s ]
INFO: [ app_init ] --END-- [ RunTime:0.001000s ]
INFO: [ app_begin ] --START--
INFO: Run Behavior\ReadHtmlCacheBehavior [ RunTime:0.000000s ]
INFO: Run Behavior\CheckLangBehavior [ RunTime:0.001000s ]
INFO: [ app_begin ] --END-- [ RunTime:0.001000s ]
SQL: SHOW COLUMNS FROM `yj_userinfo` [ RunTime:0.0110s ]
SQL: SELECT u.uid FROM yj_userinfo as u INNER JOIN yj_user_tags as ut ON u.uid = ut.uid  WHERE ( ut.tid = 1 and u.uid in (1,3,2,4,9) and u.sex=1 )  [ RunTime:0.0130s ]
SQL: SELECT u.uid FROM yj_userinfo as u WHERE (  u.uid in (1,3,2,4,9) and u.sex=1 )  [ RunTime:0.0120s ]

[ 2015-12-11T14:02:56+08:00 ] ::1 /yuban/index.php/Home/Passport/login
INFO: [ app_init ] --START--
INFO: Run Behavior\BuildLiteBehavior [ RunTime:0.000000s ]
INFO: [ app_init ] --END-- [ RunTime:0.000000s ]
INFO: [ app_begin ] --START--
INFO: Run Behavior\ReadHtmlCacheBehavior [ RunTime:0.000000s ]
INFO: Run Behavior\CheckLangBehavior [ RunTime:0.000000s ]
INFO: [ app_begin ] --END-- [ RunTime:0.000000s ]
SQL: SHOW COLUMNS FROM `yj_userinfo` [ RunTime:0.0000s ]
SQL: SELECT `uid` FROM `yj_userinfo` WHERE ( mobile="18643627216" ) LIMIT 1   [ RunTime:0.0000s ]
SQL: SELECT * FROM `yj_userinfo` WHERE ( uid=2 ) LIMIT 1   [ RunTime:0.0200s ]
SQL: SHOW COLUMNS FROM `yj_file` [ RunTime:0.0080s ]
SQL: SELECT `savepath`,`savename` FROM `yj_file` WHERE ( id=2 ) LIMIT 1   [ RunTime:0.0280s ]
SQL: SELECT `savepath`,`savename` FROM `yj_file` WHERE ( id=34 ) LIMIT 1   [ RunTime:0.0310s ]
SQL: SHOW COLUMNS FROM `yj_picture` [ RunTime:0.0100s ]
SQL: SELECT `path` FROM `yj_picture` WHERE ( id=4 ) LIMIT 1   [ RunTime:0.2580s ]
SQL: SHOW COLUMNS FROM `yj_user_language` [ RunTime:0.0100s ]
SQL: SELECT `lid`,`type`,`self_level`,`sys_level` FROM `yj_user_language` WHERE ( uid=2 )  [ RunTime:0.0100s ]
SQL: SHOW COLUMNS FROM `yj_language` [ RunTime:0.0100s ]
SQL: SHOW COLUMNS FROM `yj_user_tags` [ RunTime:0.0000s ]
SQL: SELECT `tid` FROM `yj_user_tags` WHERE ( uid=2 )  [ RunTime:0.0200s ]
SQL: SHOW COLUMNS FROM `yj_tags` [ RunTime:0.0100s ]

[ 2015-12-11T14:03:39+08:00 ] ::1 /yuban/index.php/Home/User/friendList
INFO: [ app_init ] --START--
INFO: Run Behavior\BuildLiteBehavior [ RunTime:0.000000s ]
INFO: [ app_init ] --END-- [ RunTime:0.000000s ]
INFO: [ app_begin ] --START--
INFO: Run Behavior\ReadHtmlCacheBehavior [ RunTime:0.001000s ]
INFO: Run Behavior\CheckLangBehavior [ RunTime:0.000000s ]
INFO: [ app_begin ] --END-- [ RunTime:0.001000s ]
NOTIC: [8] Undefined index: User D:\Apache\htdocs\yuban\Apps\Home\Controller\BaseController.class.php 第 25 行.
SQL: SHOW COLUMNS FROM `yj_friend` [ RunTime:0.0150s ]
SQL: SELECT `to_id` FROM `yj_friend` WHERE `from_id` = '2' AND `type` IN (3,2) ORDER BY id desc  [ RunTime:0.0100s ]
SQL: SHOW COLUMNS FROM `yj_userinfo` [ RunTime:0.0110s ]
SQL: SELECT * FROM `yj_userinfo` WHERE ( uid=13 ) LIMIT 1   [ RunTime:0.0120s ]
SQL: SHOW COLUMNS FROM `yj_picture` [ RunTime:0.0110s ]
SQL: SELECT `path` FROM `yj_picture` WHERE ( id=40 ) LIMIT 1   [ RunTime:0.0120s ]
SQL: SHOW COLUMNS FROM `yj_user_language` [ RunTime:0.0110s ]
SQL: SELECT `lid`,`type`,`self_level`,`sys_level` FROM `yj_user_language` WHERE ( uid=13 )  [ RunTime:0.0080s ]
SQL: SHOW COLUMNS FROM `yj_language` [ RunTime:0.0100s ]
SQL: SHOW COLUMNS FROM `yj_user_tags` [ RunTime:0.0080s ]
SQL: SELECT `tid` FROM `yj_user_tags` WHERE ( uid=13 )  [ RunTime:0.0090s ]
NOTIC: [8] Undefined offset: 1 D:\Apache\htdocs\yuban\Apps\Home\Controller\UserController.class.php 第 422 行.

[ 2015-12-11T14:03:40+08:00 ] ::1 /yuban/index.php/Home/User/friendList
INFO: [ app_init ] --START--
INFO: Run Behavior\BuildLiteBehavior [ RunTime:0.000000s ]
INFO: [ app_init ] --END-- [ RunTime:0.000000s ]
INFO: [ app_begin ] --START--
INFO: Run Behavior\ReadHtmlCacheBehavior [ RunTime:0.001000s ]
INFO: Run Behavior\CheckLangBehavior [ RunTime:0.001000s ]
INFO: [ app_begin ] --END-- [ RunTime:0.002000s ]
NOTIC: [8] Undefined index: User D:\Apache\htdocs\yuban\Apps\Home\Controller\BaseController.class.php 第 25 行.
SQL: SHOW COLUMNS FROM `yj_friend` [ RunTime:0.0090s ]
SQL: SELECT `to_id` FROM `yj_friend` WHERE `from_id` = '2' AND `type` IN (3,'1') ORDER BY id desc  [ RunTime:0.0080s ]
SQL: SHOW COLUMNS FROM `yj_userinfo` [ RunTime:0.0080s ]
SQL: SELECT * FROM `yj_userinfo` WHERE ( uid=1 ) LIMIT 1   [ RunTime:0.0070s ]
SQL: SHOW COLUMNS FROM `yj_file` [ RunTime:0.0100s ]
SQL: SELECT `savepath`,`savename` FROM `yj_file` WHERE ( id=2 ) LIMIT 1   [ RunTime:0.0090s ]
SQL: SELECT `savepath`,`savename` FROM `yj_file` WHERE ( id=2 ) LIMIT 1   [ RunTime:0.0060s ]
SQL: SHOW COLUMNS FROM `yj_picture` [ RunTime:0.0100s ]
SQL: SELECT `path` FROM `yj_picture` WHERE ( id=4 ) LIMIT 1   [ RunTime:0.0070s ]
SQL: SELECT `path` FROM `yj_picture` WHERE ( id=2 ) LIMIT 1   [ RunTime:0.0070s ]
SQL: SELECT `path` FROM `yj_picture` WHERE ( id=3 ) LIMIT 1   [ RunTime:0.0080s ]
SQL: SHOW COLUMNS FROM `yj_user_language` [ RunTime:0.0090s ]
SQL: SELECT `lid`,`type`,`self_level`,`sys_level` FROM `yj_user_language` WHERE ( uid=1 )  [ RunTime:0.0090s ]
SQL: SHOW COLUMNS FROM `yj_language` [ RunTime:0.0090s ]
SQL: SHOW COLUMNS FROM `yj_user_tags` [ RunTime:0.0060s ]
SQL: SELECT `tid` FROM `yj_user_tags` WHERE ( uid=1 )  [ RunTime:0.0080s ]
SQL: SHOW COLUMNS FROM `yj_tags` [ RunTime:0.0100s ]
SQL: SELECT * FROM `yj_userinfo` WHERE ( uid=4 ) LIMIT 1   [ RunTime:0.0090s ]
SQL: SELECT `savepath`,`savename` FROM `yj_file` WHERE ( id=2 ) LIMIT 1   [ RunTime:0.0080s ]
SQL: SELECT `savepath`,`savename` FROM `yj_file` WHERE ( id=33 ) LIMIT 1   [ RunTime:0.0080s ]
SQL: SELECT `path` FROM `yj_picture` WHERE ( id=23 ) LIMIT 1   [ RunTime:0.0090s ]
SQL: SELECT `lid`,`type`,`self_level`,`sys_level` FROM `yj_user_language` WHERE ( uid=4 )  [ RunTime:0.0080s ]
SQL: SELECT `tid` FROM `yj_user_tags` WHERE ( uid=4 )  [ RunTime:0.0080s ]
SQL: SELECT * FROM `yj_userinfo` WHERE ( uid=3 ) LIMIT 1   [ RunTime:0.0200s ]
SQL: SELECT `savepath`,`savename` FROM `yj_file` WHERE ( id=2 ) LIMIT 1   [ RunTime:0.0170s ]
SQL: SELECT `savepath`,`savename` FROM `yj_file` WHERE ( id=32 ) LIMIT 1   [ RunTime:0.0020s ]
SQL: SELECT `path` FROM `yj_picture` WHERE ( id=39 ) LIMIT 1   [ RunTime:0.0100s ]
SQL: SELECT `path` FROM `yj_picture` WHERE ( id=28 ) LIMIT 1   [ RunTime:0.0100s ]
SQL: SELECT `path` FROM `yj_picture` WHERE ( id=38 ) LIMIT 1   [ RunTime:0.0000s ]
SQL: SELECT `path` FROM `yj_picture` WHERE ( id=37 ) LIMIT 1   [ RunTime:0.0100s ]
SQL: SELECT `path` FROM `yj_picture` WHERE ( id=36 ) LIMIT 1   [ RunTime:0.0100s ]
SQL: SELECT `path` FROM `yj_picture` WHERE ( id=35 ) LIMIT 1   [ RunTime:0.0100s ]
SQL: SELECT `path` FROM `yj_picture` WHERE ( id=33 ) LIMIT 1   [ RunTime:0.0100s ]
SQL: SELECT `path` FROM `yj_picture` WHERE ( id=27 ) LIMIT 1   [ RunTime:0.0100s ]
SQL: SELECT `path` FROM `yj_picture` WHERE ( id=25 ) LIMIT 1   [ RunTime:0.0000s ]
SQL: SELECT `path` FROM `yj_picture` WHERE ( id=3 ) LIMIT 1   [ RunTime:0.0100s ]
SQL: SELECT `path` FROM `yj_picture` WHERE ( id=2 ) LIMIT 1   [ RunTime:0.0100s ]
SQL: SELECT `lid`,`type`,`self_level`,`sys_level` FROM `yj_user_language` WHERE ( uid=3 )  [ RunTime:0.0140s ]
SQL: SELECT `tid` FROM `yj_user_tags` WHERE ( uid=3 )  [ RunTime:0.0130s ]
NOTIC: [8] Undefined offset: 3 D:\Apache\htdocs\yuban\Apps\Home\Controller\UserController.class.php 第 422 行.

