[ 2015-12-22T14:20:09+08:00 ] ::1 /yuban/index.php/Home/Index/test
INFO: [ app_begin ] --START--
INFO: Run Behavior\ReadHtmlCache [ RunTime:0.001000s ]
INFO: [ app_begin ] --END-- [ RunTime:0.001000s ]
INFO: [ app_end ] --START--
INFO: Run Behavior\ShowPageTrace [ RunTime:0.000000s ]
INFO: [ app_end ] --END-- [ RunTime:0.000000s ]

[ 2015-12-22T14:22:40+08:00 ] ::1 /yuban/index.php/Home/Index/test
INFO: [ app_begin ] --START--
INFO: Run Behavior\ReadHtmlCache [ RunTime:0.000000s ]
INFO: [ app_begin ] --END-- [ RunTime:0.000000s ]
INFO: [ app_end ] --START--
INFO: Run Behavior\ShowPageTrace [ RunTime:0.001000s ]
INFO: [ app_end ] --END-- [ RunTime:0.001000s ]

[ 2015-12-22T15:04:17+08:00 ] ::1 /yuban/index.php/Home/User/userScore
INFO: [ app_begin ] --START--
INFO: Run Behavior\ReadHtmlCache [ RunTime:0.001000s ]
INFO: [ app_begin ] --END-- [ RunTime:0.001000s ]
NOTIC: [8] Undefined index: User D:\Apache\htdocs\yuban\Apps\Home\Controller\BaseController.class.php 第 25 行.
NOTIC: [8192] mysql_connect(): The mysql extension is deprecated and will be removed in the future: use mysqli or PDO instead D:\Apache\htdocs\Core\Library\Think\Db\Driver\Mysql.class.php 第 52 行.
SQL: SHOW COLUMNS FROM `yj_score_log` [ RunTime:0.010000s ]
SQL: SELECT COUNT(id) AS tp_count FROM `yj_score_log` WHERE ( uid=2 ) LIMIT 1   [ RunTime:0.010000s ]
SQL: SELECT `ctime`,`type`,`score` FROM `yj_score_log` WHERE ( uid=2 ) ORDER BY id desc LIMIT 0,10   [ RunTime:0.010000s ]
NOTIC: [2] Invalid argument supplied for foreach() D:\Apache\htdocs\yuban\Apps\Home\Controller\UserController.class.php 第 552 行.

[ 2015-12-22T15:05:47+08:00 ] ::1 /yuban/index.php/Home/User/userScore
INFO: [ app_begin ] --START--
INFO: Run Behavior\ReadHtmlCache [ RunTime:0.001000s ]
INFO: [ app_begin ] --END-- [ RunTime:0.001000s ]
NOTIC: [8] Undefined index: User D:\Apache\htdocs\yuban\Apps\Home\Controller\BaseController.class.php 第 25 行.
NOTIC: [8192] mysql_connect(): The mysql extension is deprecated and will be removed in the future: use mysqli or PDO instead D:\Apache\htdocs\Core\Library\Think\Db\Driver\Mysql.class.php 第 52 行.
SQL: SHOW COLUMNS FROM `yj_score_log` [ RunTime:0.128007s ]
SQL: SELECT COUNT(id) AS tp_count FROM `yj_score_log` WHERE ( uid=2 ) LIMIT 1   [ RunTime:0.010000s ]
SQL: SELECT `ctime`,`type`,`score` FROM `yj_score_log` WHERE ( uid=2 ) ORDER BY id desc LIMIT 0,10   [ RunTime:0.015000s ]
NOTIC: [2] Invalid argument supplied for foreach() D:\Apache\htdocs\yuban\Apps\Home\Controller\UserController.class.php 第 553 行.

[ 2015-12-22T15:06:54+08:00 ] ::1 /yuban/index.php/Home/User/userScore
INFO: [ app_begin ] --START--
INFO: Run Behavior\ReadHtmlCache [ RunTime:0.000000s ]
INFO: [ app_begin ] --END-- [ RunTime:0.001000s ]
NOTIC: [8] Undefined index: User D:\Apache\htdocs\yuban\Apps\Home\Controller\BaseController.class.php 第 25 行.
NOTIC: [8192] mysql_connect(): The mysql extension is deprecated and will be removed in the future: use mysqli or PDO instead D:\Apache\htdocs\Core\Library\Think\Db\Driver\Mysql.class.php 第 52 行.
SQL: SHOW COLUMNS FROM `yj_score_log` [ RunTime:0.051001s ]
SQL: SELECT COUNT(id) AS tp_count FROM `yj_score_log` WHERE ( uid=2 ) LIMIT 1   [ RunTime:0.020000s ]
SQL: SELECT `ctime`,`type`,`score` FROM `yj_score_log` WHERE ( uid=2 ) ORDER BY id desc LIMIT 0,10   [ RunTime:0.070000s ]
NOTIC: [2] Invalid argument supplied for foreach() D:\Apache\htdocs\yuban\Apps\Home\Controller\UserController.class.php 第 553 行.

[ 2015-12-22T15:07:27+08:00 ] ::1 /yuban/index.php/Home/Index/test
INFO: [ app_begin ] --START--
INFO: Run Behavior\ReadHtmlCache [ RunTime:0.000000s ]
INFO: [ app_begin ] --END-- [ RunTime:0.000000s ]
INFO: [ app_end ] --START--
INFO: Run Behavior\ShowPageTrace [ RunTime:0.001000s ]
INFO: [ app_end ] --END-- [ RunTime:0.001000s ]

[ 2015-12-22T15:07:29+08:00 ] ::1 /yuban/index.php/Home/Index/test
INFO: [ app_begin ] --START--
INFO: Run Behavior\ReadHtmlCache [ RunTime:0.000000s ]
INFO: [ app_begin ] --END-- [ RunTime:0.000000s ]
INFO: [ app_end ] --START--
INFO: Run Behavior\ShowPageTrace [ RunTime:0.000000s ]
INFO: [ app_end ] --END-- [ RunTime:0.000000s ]

[ 2015-12-22T15:08:02+08:00 ] ::1 /yuban/index.php/Home/User/userScore
INFO: [ app_begin ] --START--
INFO: Run Behavior\ReadHtmlCache [ RunTime:0.001000s ]
INFO: [ app_begin ] --END-- [ RunTime:0.003000s ]
NOTIC: [8] Undefined index: User D:\Apache\htdocs\yuban\Apps\Home\Controller\BaseController.class.php 第 25 行.
NOTIC: [8192] mysql_connect(): The mysql extension is deprecated and will be removed in the future: use mysqli or PDO instead D:\Apache\htdocs\Core\Library\Think\Db\Driver\Mysql.class.php 第 52 行.
SQL: SHOW COLUMNS FROM `yj_score_log` [ RunTime:0.019001s ]
SQL: SELECT COUNT(id) AS tp_count FROM `yj_score_log` WHERE ( uid=2 ) LIMIT 1   [ RunTime:0.012001s ]
SQL: SELECT `ctime`,`type`,`score` FROM `yj_score_log` WHERE ( uid=2 ) ORDER BY id desc LIMIT 0,10   [ RunTime:0.009001s ]
NOTIC: [2] Invalid argument supplied for foreach() D:\Apache\htdocs\yuban\Apps\Home\Controller\UserController.class.php 第 552 行.

